#
# There is insufficient memory for the Java Runtime Environment to continue.
# Native memory allocation (malloc) failed to allocate 32744 bytes for Chunk::new
# Possible reasons:
#   The system is out of physical RAM or swap space
#   The process is running with CompressedOops enabled, and the Java Heap may be blocking the growth of the native heap
# Possible solutions:
#   Reduce memory load on the system
#   Increase physical memory or swap space
#   Check if swap backing store is full
#   Decrease Java heap size (-Xmx/-Xms)
#   Decrease number of Java threads
#   Decrease Java thread stack sizes (-Xss)
#   Set larger code cache with -XX:ReservedCodeCacheSize=
#   JVM is running with Unscaled Compressed Oops mode in which the Java heap is
#     placed in the first 4GB address space. The Java Heap base address is the
#     maximum limit for the native heap growth. Please use -XX:HeapBaseMinAddress
#     to set the Java Heap base and to place the Java Heap above 4GB virtual address.
# This output file may be truncated or incomplete.
#
#  Out of Memory Error (arena.cpp:168), pid=8876, tid=22168
#
# JRE version: Java(TM) SE Runtime Environment (21.0.2+13) (build 21.0.2+13-LTS-58)
# Java VM: Java HotSpot(TM) 64-Bit Server VM (21.0.2+13-LTS-58, mixed mode, sharing, tiered, compressed oops, compressed class ptrs, g1 gc, windows-amd64)
# No core dump will be written. Minidumps are not enabled by default on client versions of Windows
#

---------------  S U M M A R Y ------------

Command Line: -Dfile.encoding=UTF-8 --module-path=C:\Users\HP\Documents\NetBeansProjects\JavaApplication1\build\classes waterusagerecord

Host: Intel(R) Core(TM) i5-6300U CPU @ 2.40GHz, 4 cores, 7G,  Windows 10 , 64 bit Build 19041 (10.0.19041.3636)
Time: Sun May  5 08:49:07 2024 E. Africa Standard Time elapsed time: 21082.129614 seconds (0d 5h 51m 22s)

---------------  T H R E A D  ---------------

Current thread (0x000001d87fcb6ea0):  JavaThread "C1 CompilerThread0" daemon [_thread_in_native, id=22168, stack(0x000000bad0d00000,0x000000bad0e00000) (1024K)]


Current CompileTask:
C1:21082129 1421   !   3       sun.awt.PostEventQueue::flush (168 bytes)

Stack: [0x000000bad0d00000,0x000000bad0e00000]
Native frames: (J=compiled Java code, j=interpreted, Vv=VM code, C=native code)
V  [jvm.dll+0x6cade9]
V  [jvm.dll+0x8569c1]
V  [jvm.dll+0x858d2e]
V  [jvm.dll+0x859413]
V  [jvm.dll+0x280e56]
V  [jvm.dll+0xc3f3d]
V  [jvm.dll+0xc4473]
V  [jvm.dll+0x13f0de]
V  [jvm.dll+0x13e477]
V  [jvm.dll+0x19a55d]
V  [jvm.dll+0x19b136]
V  [jvm.dll+0x154953]
V  [jvm.dll+0x154208]
V  [jvm.dll+0x154444]
V  [jvm.dll+0x153886]
V  [jvm.dll+0x1555ed]
V  [jvm.dll+0x258859]
V  [jvm.dll+0x256e3a]
V  [jvm.dll+0x3ef6c6]
V  [jvm.dll+0x7ff568]
V  [jvm.dll+0x6c953d]
C  [ucrtbase.dll+0x21bb2]
C  [KERNEL32.DLL+0x17344]
C  [ntdll.dll+0x526b1]


---------------  P R O C E S S  ---------------

Threads class SMR info:
_java_thread_list=0x000001d8463fc1b0, length=16, elements={
0x000001d87fc98d80, 0x000001d87fc9ab50, 0x000001d87fc9e850, 0x000001d87fc9f2b0,
0x000001d87fca0120, 0x000001d87fca3900, 0x000001d87fcb27d0, 0x000001d87fcb6ea0,
0x000001d87fca5340, 0x000001d87fca4cb0, 0x000001d87fca59d0, 0x000001d87fca4620,
0x000001d87fca6060, 0x000001d87fca3f90, 0x000001d87fca2be0, 0x000001d846484500
}

Java Threads: ( => current thread )
  0x000001d87fc98d80 JavaThread "Reference Handler"          daemon [_thread_blocked, id=15520, stack(0x000000bad0600000,0x000000bad0700000) (1024K)]
  0x000001d87fc9ab50 JavaThread "Finalizer"                  daemon [_thread_blocked, id=4492, stack(0x000000bad0700000,0x000000bad0800000) (1024K)]
  0x000001d87fc9e850 JavaThread "Signal Dispatcher"          daemon [_thread_blocked, id=19016, stack(0x000000bad0800000,0x000000bad0900000) (1024K)]
  0x000001d87fc9f2b0 JavaThread "Attach Listener"            daemon [_thread_blocked, id=23308, stack(0x000000bad0900000,0x000000bad0a00000) (1024K)]
  0x000001d87fca0120 JavaThread "Service Thread"             daemon [_thread_blocked, id=23692, stack(0x000000bad0a00000,0x000000bad0b00000) (1024K)]
  0x000001d87fca3900 JavaThread "Monitor Deflation Thread"   daemon [_thread_blocked, id=20740, stack(0x000000bad0b00000,0x000000bad0c00000) (1024K)]
  0x000001d87fcb27d0 JavaThread "C2 CompilerThread0"         daemon [_thread_blocked, id=20504, stack(0x000000bad0c00000,0x000000bad0d00000) (1024K)]
=>0x000001d87fcb6ea0 JavaThread "C1 CompilerThread0"         daemon [_thread_in_native, id=22168, stack(0x000000bad0d00000,0x000000bad0e00000) (1024K)]
  0x000001d87fca5340 JavaThread "Common-Cleaner"             daemon [_thread_blocked, id=6780, stack(0x000000bad0e00000,0x000000bad0f00000) (1024K)]
  0x000001d87fca4cb0 JavaThread "Notification Thread"        daemon [_thread_blocked, id=14916, stack(0x000000bad0f00000,0x000000bad1000000) (1024K)]
  0x000001d87fca59d0 JavaThread "Java2D Disposer"            daemon [_thread_blocked, id=21872, stack(0x000000bad1100000,0x000000bad1200000) (1024K)]
  0x000001d87fca4620 JavaThread "AWT-Shutdown"                      [_thread_blocked, id=13612, stack(0x000000bad1200000,0x000000bad1300000) (1024K)]
  0x000001d87fca6060 JavaThread "AWT-Windows"                daemon [_thread_in_native, id=1232, stack(0x000000bad1300000,0x000000bad1400000) (1024K)]
  0x000001d87fca3f90 JavaThread "AWT-EventQueue-0"                  [_thread_blocked, id=4024, stack(0x000000bad1400000,0x000000bad1500000) (1024K)]
  0x000001d87fca2be0 JavaThread "DestroyJavaVM"                     [_thread_blocked, id=13376, stack(0x000000bacfe00000,0x000000bacff00000) (1024K)]
  0x000001d846484500 JavaThread "TimerQueue"                 daemon [_thread_blocked, id=22880, stack(0x000000bad1900000,0x000000bad1a00000) (1024K)]
Total: 16

Other Threads:
  0x000001d861a75dc0 VMThread "VM Thread"                           [id=14660, stack(0x000000bad0500000,0x000000bad0600000) (1024K)]
  0x000001d87fc675e0 WatcherThread "VM Periodic Task Thread"        [id=18048, stack(0x000000bad0400000,0x000000bad0500000) (1024K)]
  0x000001d861a75680 WorkerThread "GC Thread#0"                     [id=6720, stack(0x000000bacff00000,0x000000bad0000000) (1024K)]
  0x000001d846361eb0 WorkerThread "GC Thread#1"                     [id=23724, stack(0x000000bad1000000,0x000000bad1100000) (1024K)]
  0x000001d8463608f0 WorkerThread "GC Thread#2"                     [id=14192, stack(0x000000bad1a00000,0x000000bad1b00000) (1024K)]
  0x000001d84635fa70 WorkerThread "GC Thread#3"                     [id=23356, stack(0x000000bad1b00000,0x000000bad1c00000) (1024K)]
  0x000001d863c3eae0 ConcurrentGCThread "G1 Main Marker"            [id=10360, stack(0x000000bad0000000,0x000000bad0100000) (1024K)]
  0x000001d861a75a20 WorkerThread "G1 Conc#0"                       [id=14548, stack(0x000000bad0100000,0x000000bad0200000) (1024K)]
  0x000001d863c9e730 ConcurrentGCThread "G1 Refine#0"               [id=18948, stack(0x000000bad0200000,0x000000bad0300000) (1024K)]
  0x000001d87fb25420 ConcurrentGCThread "G1 Service"                [id=21744, stack(0x000000bad0300000,0x000000bad0400000) (1024K)]
Total: 10

Threads with active compile tasks:
C1 CompilerThread0  21105765 1421   !   3       sun.awt.PostEventQueue::flush (168 bytes)
Total: 1

VM state: not at safepoint (normal execution)

VM Mutex/Monitor currently owned by a thread: None

Heap address: 0x0000000081c00000, size: 2020 MB, Compressed Oops mode: 32-bit

CDS archive(s) mapped at: [0x000001d800000000-0x000001d800c90000-0x000001d800c90000), size 13172736, SharedBaseAddress: 0x000001d800000000, ArchiveRelocationMode: 1.
Compressed class space mapped at: 0x000001d801000000-0x000001d841000000, reserved size: 1073741824
Narrow klass base: 0x000001d800000000, Narrow klass shift: 0, Narrow klass range: 0x100000000

GC Precious Log:
 CardTable entry size: 512
 Card Set container configuration: InlinePtr #cards 5 size 8 Array Of Cards #cards 12 size 40 Howl #buckets 4 coarsen threshold 1843 Howl Bitmap #cards 512 size 80 coarsen threshold 460 Card regions per heap region 1 cards per card region 2048
 CPUs: 4 total, 4 available
 Memory: 8072M
 Large Page Support: Disabled
 NUMA Support: Disabled
 Compressed Oops: Enabled (32-bit)
 Heap Region Size: 1M
 Heap Min Capacity: 8M
 Heap Initial Capacity: 128M
 Heap Max Capacity: 2020M
 Pre-touch: Disabled
 Parallel Workers: 4
 Concurrent Workers: 1
 Concurrent Refinement Workers: 4
 Periodic GC: Disabled

Heap:
 garbage-first heap   total 131072K, used 13632K [0x0000000081c00000, 0x0000000100000000)
  region size 1024K, 4 young (4096K), 2 survivors (2048K)
 Metaspace       used 11408K, committed 11584K, reserved 1114112K
  class space    used 1325K, committed 1408K, reserved 1048576K

Heap Regions: E=young(eden), S=young(survivor), O=old, HS=humongous(starts), HC=humongous(continues), CS=collection set, F=free, TAMS=top-at-mark-start, PB=parsable bottom
|   0|0x0000000081c00000, 0x0000000081d00000, 0x0000000081d00000|100%|HS|  |TAMS 0x0000000081c00000| PB 0x0000000081c00000| Complete 
|   1|0x0000000081d00000, 0x0000000081e00000, 0x0000000081e00000|100%|HC|  |TAMS 0x0000000081d00000| PB 0x0000000081d00000| Complete 
|   2|0x0000000081e00000, 0x0000000081f00000, 0x0000000081f00000|100%|HS|  |TAMS 0x0000000081e00000| PB 0x0000000081e00000| Complete 
|   3|0x0000000081f00000, 0x0000000082000000, 0x0000000082000000|100%|HC|  |TAMS 0x0000000081f00000| PB 0x0000000081f00000| Complete 
|   4|0x0000000082000000, 0x0000000082100000, 0x0000000082100000|100%|HC|  |TAMS 0x0000000082000000| PB 0x0000000082000000| Complete 
|   5|0x0000000082100000, 0x0000000082200000, 0x0000000082200000|100%|HC|  |TAMS 0x0000000082100000| PB 0x0000000082100000| Complete 
|   6|0x0000000082200000, 0x0000000082300000, 0x0000000082300000|100%| O|  |TAMS 0x0000000082200000| PB 0x0000000082200000| Untracked 
|   7|0x0000000082300000, 0x0000000082400000, 0x0000000082400000|100%| O|  |TAMS 0x0000000082300000| PB 0x0000000082300000| Untracked 
|   8|0x0000000082400000, 0x0000000082450000, 0x0000000082500000| 31%| O|  |TAMS 0x0000000082400000| PB 0x0000000082400000| Untracked 
|   9|0x0000000082500000, 0x0000000082600000, 0x0000000082600000|100%|HS|  |TAMS 0x0000000082500000| PB 0x0000000082500000| Complete 
|  10|0x0000000082600000, 0x0000000082700000, 0x0000000082700000|100%|HC|  |TAMS 0x0000000082600000| PB 0x0000000082600000| Complete 
|  11|0x0000000082700000, 0x0000000082700000, 0x0000000082800000|  0%| F|  |TAMS 0x0000000082700000| PB 0x0000000082700000| Untracked 
|  12|0x0000000082800000, 0x0000000082800000, 0x0000000082900000|  0%| F|  |TAMS 0x0000000082800000| PB 0x0000000082800000| Untracked 
|  13|0x0000000082900000, 0x0000000082900000, 0x0000000082a00000|  0%| F|  |TAMS 0x0000000082900000| PB 0x0000000082900000| Untracked 
|  14|0x0000000082a00000, 0x0000000082a00000, 0x0000000082b00000|  0%| F|  |TAMS 0x0000000082a00000| PB 0x0000000082a00000| Untracked 
|  15|0x0000000082b00000, 0x0000000082b00000, 0x0000000082c00000|  0%| F|  |TAMS 0x0000000082b00000| PB 0x0000000082b00000| Untracked 
|  16|0x0000000082c00000, 0x0000000082c00000, 0x0000000082d00000|  0%| F|  |TAMS 0x0000000082c00000| PB 0x0000000082c00000| Untracked 
|  17|0x0000000082d00000, 0x0000000082d00000, 0x0000000082e00000|  0%| F|  |TAMS 0x0000000082d00000| PB 0x0000000082d00000| Untracked 
|  18|0x0000000082e00000, 0x0000000082e00000, 0x0000000082f00000|  0%| F|  |TAMS 0x0000000082e00000| PB 0x0000000082e00000| Untracked 
|  19|0x0000000082f00000, 0x0000000082f00000, 0x0000000083000000|  0%| F|  |TAMS 0x0000000082f00000| PB 0x0000000082f00000| Untracked 
|  20|0x0000000083000000, 0x0000000083000000, 0x0000000083100000|  0%| F|  |TAMS 0x0000000083000000| PB 0x0000000083000000| Untracked 
|  21|0x0000000083100000, 0x0000000083100000, 0x0000000083200000|  0%| F|  |TAMS 0x0000000083100000| PB 0x0000000083100000| Untracked 
|  22|0x0000000083200000, 0x0000000083200000, 0x0000000083300000|  0%| F|  |TAMS 0x0000000083200000| PB 0x0000000083200000| Untracked 
|  23|0x0000000083300000, 0x0000000083300000, 0x0000000083400000|  0%| F|  |TAMS 0x0000000083300000| PB 0x0000000083300000| Untracked 
|  24|0x0000000083400000, 0x0000000083400000, 0x0000000083500000|  0%| F|  |TAMS 0x0000000083400000| PB 0x0000000083400000| Untracked 
|  25|0x0000000083500000, 0x0000000083500000, 0x0000000083600000|  0%| F|  |TAMS 0x0000000083500000| PB 0x0000000083500000| Untracked 
|  26|0x0000000083600000, 0x0000000083600000, 0x0000000083700000|  0%| F|  |TAMS 0x0000000083600000| PB 0x0000000083600000| Untracked 
|  27|0x0000000083700000, 0x0000000083700000, 0x0000000083800000|  0%| F|  |TAMS 0x0000000083700000| PB 0x0000000083700000| Untracked 
|  28|0x0000000083800000, 0x0000000083800000, 0x0000000083900000|  0%| F|  |TAMS 0x0000000083800000| PB 0x0000000083800000| Untracked 
|  29|0x0000000083900000, 0x0000000083900000, 0x0000000083a00000|  0%| F|  |TAMS 0x0000000083900000| PB 0x0000000083900000| Untracked 
|  30|0x0000000083a00000, 0x0000000083a00000, 0x0000000083b00000|  0%| F|  |TAMS 0x0000000083a00000| PB 0x0000000083a00000| Untracked 
|  31|0x0000000083b00000, 0x0000000083b00000, 0x0000000083c00000|  0%| F|  |TAMS 0x0000000083b00000| PB 0x0000000083b00000| Untracked 
|  32|0x0000000083c00000, 0x0000000083c00000, 0x0000000083d00000|  0%| F|  |TAMS 0x0000000083c00000| PB 0x0000000083c00000| Untracked 
|  33|0x0000000083d00000, 0x0000000083d00000, 0x0000000083e00000|  0%| F|  |TAMS 0x0000000083d00000| PB 0x0000000083d00000| Untracked 
|  34|0x0000000083e00000, 0x0000000083e00000, 0x0000000083f00000|  0%| F|  |TAMS 0x0000000083e00000| PB 0x0000000083e00000| Untracked 
|  35|0x0000000083f00000, 0x0000000083f00000, 0x0000000084000000|  0%| F|  |TAMS 0x0000000083f00000| PB 0x0000000083f00000| Untracked 
|  36|0x0000000084000000, 0x0000000084000000, 0x0000000084100000|  0%| F|  |TAMS 0x0000000084000000| PB 0x0000000084000000| Untracked 
|  37|0x0000000084100000, 0x0000000084100000, 0x0000000084200000|  0%| F|  |TAMS 0x0000000084100000| PB 0x0000000084100000| Untracked 
|  38|0x0000000084200000, 0x0000000084200000, 0x0000000084300000|  0%| F|  |TAMS 0x0000000084200000| PB 0x0000000084200000| Untracked 
|  39|0x0000000084300000, 0x0000000084300000, 0x0000000084400000|  0%| F|  |TAMS 0x0000000084300000| PB 0x0000000084300000| Untracked 
|  40|0x0000000084400000, 0x0000000084400000, 0x0000000084500000|  0%| F|  |TAMS 0x0000000084400000| PB 0x0000000084400000| Untracked 
|  41|0x0000000084500000, 0x0000000084500000, 0x0000000084600000|  0%| F|  |TAMS 0x0000000084500000| PB 0x0000000084500000| Untracked 
|  42|0x0000000084600000, 0x0000000084600000, 0x0000000084700000|  0%| F|  |TAMS 0x0000000084600000| PB 0x0000000084600000| Untracked 
|  43|0x0000000084700000, 0x0000000084700000, 0x0000000084800000|  0%| F|  |TAMS 0x0000000084700000| PB 0x0000000084700000| Untracked 
|  44|0x0000000084800000, 0x0000000084800000, 0x0000000084900000|  0%| F|  |TAMS 0x0000000084800000| PB 0x0000000084800000| Untracked 
|  45|0x0000000084900000, 0x0000000084900000, 0x0000000084a00000|  0%| F|  |TAMS 0x0000000084900000| PB 0x0000000084900000| Untracked 
|  46|0x0000000084a00000, 0x0000000084a00000, 0x0000000084b00000|  0%| F|  |TAMS 0x0000000084a00000| PB 0x0000000084a00000| Untracked 
|  47|0x0000000084b00000, 0x0000000084b00000, 0x0000000084c00000|  0%| F|  |TAMS 0x0000000084b00000| PB 0x0000000084b00000| Untracked 
|  48|0x0000000084c00000, 0x0000000084c00000, 0x0000000084d00000|  0%| F|  |TAMS 0x0000000084c00000| PB 0x0000000084c00000| Untracked 
|  49|0x0000000084d00000, 0x0000000084d00000, 0x0000000084e00000|  0%| F|  |TAMS 0x0000000084d00000| PB 0x0000000084d00000| Untracked 
|  50|0x0000000084e00000, 0x0000000084e00000, 0x0000000084f00000|  0%| F|  |TAMS 0x0000000084e00000| PB 0x0000000084e00000| Untracked 
|  51|0x0000000084f00000, 0x0000000084f00000, 0x0000000085000000|  0%| F|  |TAMS 0x0000000084f00000| PB 0x0000000084f00000| Untracked 
|  52|0x0000000085000000, 0x0000000085000000, 0x0000000085100000|  0%| F|  |TAMS 0x0000000085000000| PB 0x0000000085000000| Untracked 
|  53|0x0000000085100000, 0x0000000085100000, 0x0000000085200000|  0%| F|  |TAMS 0x0000000085100000| PB 0x0000000085100000| Untracked 
|  54|0x0000000085200000, 0x0000000085200000, 0x0000000085300000|  0%| F|  |TAMS 0x0000000085200000| PB 0x0000000085200000| Untracked 
|  55|0x0000000085300000, 0x0000000085300000, 0x0000000085400000|  0%| F|  |TAMS 0x0000000085300000| PB 0x0000000085300000| Untracked 
|  56|0x0000000085400000, 0x0000000085400000, 0x0000000085500000|  0%| F|  |TAMS 0x0000000085400000| PB 0x0000000085400000| Untracked 
|  57|0x0000000085500000, 0x0000000085500000, 0x0000000085600000|  0%| F|  |TAMS 0x0000000085500000| PB 0x0000000085500000| Untracked 
|  58|0x0000000085600000, 0x0000000085600000, 0x0000000085700000|  0%| F|  |TAMS 0x0000000085600000| PB 0x0000000085600000| Untracked 
|  59|0x0000000085700000, 0x0000000085700000, 0x0000000085800000|  0%| F|  |TAMS 0x0000000085700000| PB 0x0000000085700000| Untracked 
|  60|0x0000000085800000, 0x0000000085800000, 0x0000000085900000|  0%| F|  |TAMS 0x0000000085800000| PB 0x0000000085800000| Untracked 
|  61|0x0000000085900000, 0x0000000085900000, 0x0000000085a00000|  0%| F|  |TAMS 0x0000000085900000| PB 0x0000000085900000| Untracked 
|  62|0x0000000085a00000, 0x0000000085a00000, 0x0000000085b00000|  0%| F|  |TAMS 0x0000000085a00000| PB 0x0000000085a00000| Untracked 
|  63|0x0000000085b00000, 0x0000000085b00000, 0x0000000085c00000|  0%| F|  |TAMS 0x0000000085b00000| PB 0x0000000085b00000| Untracked 
|  64|0x0000000085c00000, 0x0000000085c00000, 0x0000000085d00000|  0%| F|  |TAMS 0x0000000085c00000| PB 0x0000000085c00000| Untracked 
|  65|0x0000000085d00000, 0x0000000085d00000, 0x0000000085e00000|  0%| F|  |TAMS 0x0000000085d00000| PB 0x0000000085d00000| Untracked 
|  66|0x0000000085e00000, 0x0000000085e00000, 0x0000000085f00000|  0%| F|  |TAMS 0x0000000085e00000| PB 0x0000000085e00000| Untracked 
|  67|0x0000000085f00000, 0x0000000085f00000, 0x0000000086000000|  0%| F|  |TAMS 0x0000000085f00000| PB 0x0000000085f00000| Untracked 
|  68|0x0000000086000000, 0x0000000086000000, 0x0000000086100000|  0%| F|  |TAMS 0x0000000086000000| PB 0x0000000086000000| Untracked 
|  69|0x0000000086100000, 0x0000000086100000, 0x0000000086200000|  0%| F|  |TAMS 0x0000000086100000| PB 0x0000000086100000| Untracked 
|  70|0x0000000086200000, 0x0000000086200000, 0x0000000086300000|  0%| F|  |TAMS 0x0000000086200000| PB 0x0000000086200000| Untracked 
|  71|0x0000000086300000, 0x0000000086300000, 0x0000000086400000|  0%| F|  |TAMS 0x0000000086300000| PB 0x0000000086300000| Untracked 
|  72|0x0000000086400000, 0x0000000086400000, 0x0000000086500000|  0%| F|  |TAMS 0x0000000086400000| PB 0x0000000086400000| Untracked 
|  73|0x0000000086500000, 0x0000000086500000, 0x0000000086600000|  0%| F|  |TAMS 0x0000000086500000| PB 0x0000000086500000| Untracked 
|  74|0x0000000086600000, 0x0000000086600000, 0x0000000086700000|  0%| F|  |TAMS 0x0000000086600000| PB 0x0000000086600000| Untracked 
|  75|0x0000000086700000, 0x0000000086700000, 0x0000000086800000|  0%| F|  |TAMS 0x0000000086700000| PB 0x0000000086700000| Untracked 
|  76|0x0000000086800000, 0x0000000086800000, 0x0000000086900000|  0%| F|  |TAMS 0x0000000086800000| PB 0x0000000086800000| Untracked 
|  77|0x0000000086900000, 0x0000000086900000, 0x0000000086a00000|  0%| F|  |TAMS 0x0000000086900000| PB 0x0000000086900000| Untracked 
|  78|0x0000000086a00000, 0x0000000086a00000, 0x0000000086b00000|  0%| F|  |TAMS 0x0000000086a00000| PB 0x0000000086a00000| Untracked 
|  79|0x0000000086b00000, 0x0000000086b00000, 0x0000000086c00000|  0%| F|  |TAMS 0x0000000086b00000| PB 0x0000000086b00000| Untracked 
|  80|0x0000000086c00000, 0x0000000086c00000, 0x0000000086d00000|  0%| F|  |TAMS 0x0000000086c00000| PB 0x0000000086c00000| Untracked 
|  81|0x0000000086d00000, 0x0000000086d00000, 0x0000000086e00000|  0%| F|  |TAMS 0x0000000086d00000| PB 0x0000000086d00000| Untracked 
|  82|0x0000000086e00000, 0x0000000086e00000, 0x0000000086f00000|  0%| F|  |TAMS 0x0000000086e00000| PB 0x0000000086e00000| Untracked 
|  83|0x0000000086f00000, 0x0000000086f00000, 0x0000000087000000|  0%| F|  |TAMS 0x0000000086f00000| PB 0x0000000086f00000| Untracked 
|  84|0x0000000087000000, 0x0000000087000000, 0x0000000087100000|  0%| F|  |TAMS 0x0000000087000000| PB 0x0000000087000000| Untracked 
|  85|0x0000000087100000, 0x0000000087100000, 0x0000000087200000|  0%| F|  |TAMS 0x0000000087100000| PB 0x0000000087100000| Untracked 
|  86|0x0000000087200000, 0x0000000087200000, 0x0000000087300000|  0%| F|  |TAMS 0x0000000087200000| PB 0x0000000087200000| Untracked 
|  87|0x0000000087300000, 0x0000000087300000, 0x0000000087400000|  0%| F|  |TAMS 0x0000000087300000| PB 0x0000000087300000| Untracked 
|  88|0x0000000087400000, 0x0000000087400000, 0x0000000087500000|  0%| F|  |TAMS 0x0000000087400000| PB 0x0000000087400000| Untracked 
|  89|0x0000000087500000, 0x0000000087500000, 0x0000000087600000|  0%| F|  |TAMS 0x0000000087500000| PB 0x0000000087500000| Untracked 
|  90|0x0000000087600000, 0x0000000087600000, 0x0000000087700000|  0%| F|  |TAMS 0x0000000087600000| PB 0x0000000087600000| Untracked 
|  91|0x0000000087700000, 0x0000000087700000, 0x0000000087800000|  0%| F|  |TAMS 0x0000000087700000| PB 0x0000000087700000| Untracked 
|  92|0x0000000087800000, 0x0000000087800000, 0x0000000087900000|  0%| F|  |TAMS 0x0000000087800000| PB 0x0000000087800000| Untracked 
|  93|0x0000000087900000, 0x0000000087900000, 0x0000000087a00000|  0%| F|  |TAMS 0x0000000087900000| PB 0x0000000087900000| Untracked 
|  94|0x0000000087a00000, 0x0000000087a00000, 0x0000000087b00000|  0%| F|  |TAMS 0x0000000087a00000| PB 0x0000000087a00000| Untracked 
|  95|0x0000000087b00000, 0x0000000087b00000, 0x0000000087c00000|  0%| F|  |TAMS 0x0000000087b00000| PB 0x0000000087b00000| Untracked 
|  96|0x0000000087c00000, 0x0000000087c00000, 0x0000000087d00000|  0%| F|  |TAMS 0x0000000087c00000| PB 0x0000000087c00000| Untracked 
|  97|0x0000000087d00000, 0x0000000087d00000, 0x0000000087e00000|  0%| F|  |TAMS 0x0000000087d00000| PB 0x0000000087d00000| Untracked 
|  98|0x0000000087e00000, 0x0000000087e00000, 0x0000000087f00000|  0%| F|  |TAMS 0x0000000087e00000| PB 0x0000000087e00000| Untracked 
|  99|0x0000000087f00000, 0x0000000087f00000, 0x0000000088000000|  0%| F|  |TAMS 0x0000000087f00000| PB 0x0000000087f00000| Untracked 
| 100|0x0000000088000000, 0x0000000088000000, 0x0000000088100000|  0%| F|  |TAMS 0x0000000088000000| PB 0x0000000088000000| Untracked 
| 101|0x0000000088100000, 0x0000000088100000, 0x0000000088200000|  0%| F|  |TAMS 0x0000000088100000| PB 0x0000000088100000| Untracked 
| 102|0x0000000088200000, 0x0000000088200000, 0x0000000088300000|  0%| F|  |TAMS 0x0000000088200000| PB 0x0000000088200000| Untracked 
| 103|0x0000000088300000, 0x0000000088300000, 0x0000000088400000|  0%| F|  |TAMS 0x0000000088300000| PB 0x0000000088300000| Untracked 
| 104|0x0000000088400000, 0x0000000088400000, 0x0000000088500000|  0%| F|  |TAMS 0x0000000088400000| PB 0x0000000088400000| Untracked 
| 105|0x0000000088500000, 0x0000000088500000, 0x0000000088600000|  0%| F|  |TAMS 0x0000000088500000| PB 0x0000000088500000| Untracked 
| 106|0x0000000088600000, 0x0000000088600000, 0x0000000088700000|  0%| F|  |TAMS 0x0000000088600000| PB 0x0000000088600000| Untracked 
| 107|0x0000000088700000, 0x0000000088700000, 0x0000000088800000|  0%| F|  |TAMS 0x0000000088700000| PB 0x0000000088700000| Untracked 
| 108|0x0000000088800000, 0x0000000088800000, 0x0000000088900000|  0%| F|  |TAMS 0x0000000088800000| PB 0x0000000088800000| Untracked 
| 109|0x0000000088900000, 0x0000000088900000, 0x0000000088a00000|  0%| F|  |TAMS 0x0000000088900000| PB 0x0000000088900000| Untracked 
| 110|0x0000000088a00000, 0x0000000088a00000, 0x0000000088b00000|  0%| F|  |TAMS 0x0000000088a00000| PB 0x0000000088a00000| Untracked 
| 111|0x0000000088b00000, 0x0000000088b00000, 0x0000000088c00000|  0%| F|  |TAMS 0x0000000088b00000| PB 0x0000000088b00000| Untracked 
| 112|0x0000000088c00000, 0x0000000088c00000, 0x0000000088d00000|  0%| F|  |TAMS 0x0000000088c00000| PB 0x0000000088c00000| Untracked 
| 113|0x0000000088d00000, 0x0000000088e00000, 0x0000000088e00000|100%| S|CS|TAMS 0x0000000088d00000| PB 0x0000000088d00000| Complete 
| 114|0x0000000088e00000, 0x0000000088f00000, 0x0000000088f00000|100%| S|CS|TAMS 0x0000000088e00000| PB 0x0000000088e00000| Complete 
| 115|0x0000000088f00000, 0x0000000088f00000, 0x0000000089000000|  0%| F|  |TAMS 0x0000000088f00000| PB 0x0000000088f00000| Untracked 
| 116|0x0000000089000000, 0x0000000089000000, 0x0000000089100000|  0%| F|  |TAMS 0x0000000089000000| PB 0x0000000089000000| Untracked 
| 117|0x0000000089100000, 0x0000000089100000, 0x0000000089200000|  0%| F|  |TAMS 0x0000000089100000| PB 0x0000000089100000| Untracked 
| 118|0x0000000089200000, 0x0000000089200000, 0x0000000089300000|  0%| F|  |TAMS 0x0000000089200000| PB 0x0000000089200000| Untracked 
| 119|0x0000000089300000, 0x0000000089300000, 0x0000000089400000|  0%| F|  |TAMS 0x0000000089300000| PB 0x0000000089300000| Untracked 
| 120|0x0000000089400000, 0x0000000089400000, 0x0000000089500000|  0%| F|  |TAMS 0x0000000089400000| PB 0x0000000089400000| Untracked 
| 121|0x0000000089500000, 0x0000000089500000, 0x0000000089600000|  0%| F|  |TAMS 0x0000000089500000| PB 0x0000000089500000| Untracked 
| 122|0x0000000089600000, 0x0000000089600000, 0x0000000089700000|  0%| F|  |TAMS 0x0000000089600000| PB 0x0000000089600000| Untracked 
| 123|0x0000000089700000, 0x0000000089700000, 0x0000000089800000|  0%| F|  |TAMS 0x0000000089700000| PB 0x0000000089700000| Untracked 
| 124|0x0000000089800000, 0x0000000089800000, 0x0000000089900000|  0%| F|  |TAMS 0x0000000089800000| PB 0x0000000089800000| Untracked 
| 125|0x0000000089900000, 0x0000000089900000, 0x0000000089a00000|  0%| F|  |TAMS 0x0000000089900000| PB 0x0000000089900000| Untracked 
| 126|0x0000000089a00000, 0x0000000089a60118, 0x0000000089b00000| 37%| E|  |TAMS 0x0000000089a00000| PB 0x0000000089a00000| Complete 
| 127|0x0000000089b00000, 0x0000000089c00000, 0x0000000089c00000|100%| E|CS|TAMS 0x0000000089b00000| PB 0x0000000089b00000| Complete 

Card table byte_map: [0x000001d87b440000,0x000001d87b840000] _byte_map_base: 0x000001d87b032000

Marking Bits: (CMBitMap*) 0x000001d863c2e3d0
 Bits: [0x000001d87b840000, 0x000001d87d7d0000)

Polling page: 0x000001d861b80000

Metaspace:

Usage:
  Non-class:      9.85 MB used.
      Class:      1.29 MB used.
       Both:     11.14 MB used.

Virtual space:
  Non-class space:       64.00 MB reserved,       9.94 MB ( 16%) committed,  1 nodes.
      Class space:        1.00 GB reserved,       1.38 MB ( <1%) committed,  1 nodes.
             Both:        1.06 GB reserved,      11.31 MB (  1%) committed. 

Chunk freelists:
   Non-Class:  6.07 MB
       Class:  14.60 MB
        Both:  20.67 MB

MaxMetaspaceSize: unlimited
CompressedClassSpaceSize: 1.00 GB
Initial GC threshold: 21.00 MB
Current GC threshold: 21.00 MB
CDS: on
 - commit_granule_bytes: 65536.
 - commit_granule_words: 8192.
 - virtual_space_node_default_size: 8388608.
 - enlarge_chunks_in_place: 1.
 - use_allocation_guard: 0.


Internal statistics:

num_allocs_failed_limit: 0.
num_arena_births: 166.
num_arena_deaths: 0.
num_vsnodes_births: 2.
num_vsnodes_deaths: 0.
num_space_committed: 181.
num_space_uncommitted: 0.
num_chunks_returned_to_freelist: 0.
num_chunks_taken_from_freelist: 211.
num_chunk_merges: 0.
num_chunk_splits: 127.
num_chunks_enlarged: 59.
num_inconsistent_stats: 0.

CodeHeap 'non-profiled nmethods': size=120000Kb used=438Kb max_used=438Kb free=119561Kb
 bounds [0x000001d873b10000, 0x000001d873d80000, 0x000001d87b040000]
CodeHeap 'profiled nmethods': size=120000Kb used=2383Kb max_used=2383Kb free=117616Kb
 bounds [0x000001d86c040000, 0x000001d86c2b0000, 0x000001d873570000]
CodeHeap 'non-nmethods': size=5760Kb used=1640Kb max_used=1663Kb free=4119Kb
 bounds [0x000001d873570000, 0x000001d8737e0000, 0x000001d873b10000]
 total_blobs=2111 nmethods=1420 adapters=596
 compilation: enabled
              stopped_count=0, restarted_count=0
 full_count=0

Compilation events (20 events):
Event: 3.405 Thread 0x000001d87fcb6ea0 1413       1       java.util.LinkedList::size (5 bytes)
Event: 3.405 Thread 0x000001d87fcb6ea0 nmethod 1413 0x000001d873b79b10 code [0x000001d873b79ca0, 0x000001d873b79d68]
Event: 3.419 Thread 0x000001d87fcb6ea0 1414       3       java.awt.Component::repaint (16 bytes)
Event: 3.420 Thread 0x000001d87fcb6ea0 nmethod 1414 0x000001d86c291490 code [0x000001d86c291640, 0x000001d86c291830]
Event: 3.423 Thread 0x000001d87fcb6ea0 1415       3       javax.swing.plaf.nimbus.NimbusStyle::getNextState (199 bytes)
Event: 3.423 Thread 0x000001d87fcb6ea0 nmethod 1415 0x000001d86c291910 code [0x000001d86c291b40, 0x000001d86c292338]
Event: 3.484 Thread 0x000001d87fcb27d0 nmethod 1391% 0x000001d873b79e10 code [0x000001d873b7a060, 0x000001d873b7ba58]
Event: 3.484 Thread 0x000001d87fcb27d0 1404 %     4       java.awt.LinearGradientPaintContext::fillRaster @ 50 (97 bytes)
Event: 3.502 Thread 0x000001d87fcb27d0 nmethod 1404% 0x000001d873b7cb90 code [0x000001d873b7cd80, 0x000001d873b7d6d8]
Event: 3.725 Thread 0x000001d87fcb6ea0 1416       3       sun.awt.AWTAutoShutdown::notifyToolkitThreadBusy (8 bytes)
Event: 3.726 Thread 0x000001d87fcb6ea0 nmethod 1416 0x000001d86c292710 code [0x000001d86c2928c0, 0x000001d86c292a48]
Event: 78.117 Thread 0x000001d87fcb6ea0 1417       3       sun.awt.AWTAutoShutdown::notifyToolkitThreadFree (8 bytes)
Event: 78.117 Thread 0x000001d87fcb6ea0 nmethod 1417 0x000001d86c292b10 code [0x000001d86c292cc0, 0x000001d86c292e48]
Event: 21078.703 Thread 0x000001d87fcb6ea0 1419       3       java.lang.invoke.DirectMethodHandle$Constructor::<init> (44 bytes)
Event: 21078.704 Thread 0x000001d87fcb6ea0 nmethod 1419 0x000001d86c292f10 code [0x000001d86c2930c0, 0x000001d86c2932e0]
Event: 21078.704 Thread 0x000001d87fcb6ea0 1418       3       java.lang.invoke.MethodHandleNatives::findMethodHandleType (7 bytes)
Event: 21078.704 Thread 0x000001d87fcb6ea0 nmethod 1418 0x000001d86c293390 code [0x000001d86c293540, 0x000001d86c293660]
Event: 21079.695 Thread 0x000001d87fcb6ea0 1420       3       sun.awt.SunToolkit::flushPendingEvents (19 bytes)
Event: 21079.695 Thread 0x000001d87fcb6ea0 nmethod 1420 0x000001d86c293710 code [0x000001d86c2938e0, 0x000001d86c293b88]
Event: 21079.695 Thread 0x000001d87fcb6ea0 1421   !   3       sun.awt.PostEventQueue::flush (168 bytes)

GC Heap History (2 events):
Event: 1.643 GC heap before
{Heap before GC invocations=0 (full 0):
 garbage-first heap   total 131072K, used 19456K [0x0000000081c00000, 0x0000000100000000)
  region size 1024K, 13 young (13312K), 0 survivors (0K)
 Metaspace       used 11270K, committed 11456K, reserved 1114112K
  class space    used 1318K, committed 1408K, reserved 1048576K
}
Event: 1.675 GC heap after
{Heap after GC invocations=1 (full 0):
 garbage-first heap   total 131072K, used 10560K [0x0000000081c00000, 0x0000000100000000)
  region size 1024K, 2 young (2048K), 2 survivors (2048K)
 Metaspace       used 11270K, committed 11456K, reserved 1114112K
  class space    used 1318K, committed 1408K, reserved 1048576K
}

Dll operation events (10 events):
Event: 0.013 Loaded shared library C:\Program Files\Java\jdk-21\bin\java.dll
Event: 0.062 Loaded shared library C:\Program Files\Java\jdk-21\bin\jsvml.dll
Event: 0.114 Loaded shared library C:\Program Files\Java\jdk-21\bin\net.dll
Event: 0.117 Loaded shared library C:\Program Files\Java\jdk-21\bin\nio.dll
Event: 0.162 Loaded shared library C:\Program Files\Java\jdk-21\bin\zip.dll
Event: 0.200 Loaded shared library C:\Program Files\Java\jdk-21\bin\jimage.dll
Event: 0.227 Loaded shared library C:\Program Files\Java\jdk-21\bin\awt.dll
Event: 0.414 Loaded shared library C:\Program Files\Java\jdk-21\bin\freetype.dll
Event: 0.415 Loaded shared library C:\Program Files\Java\jdk-21\bin\fontmanager.dll
Event: 0.748 Loaded shared library C:\Program Files\Java\jdk-21\bin\javajpeg.dll

Deoptimization events (20 events):
Event: 0.940 Thread 0x000001d87fca3f90 Uncommon trap: trap_request=0xffffffde fr.pc=0x000001d873b237e0 relative=0x00000000000001c0
Event: 0.940 Thread 0x000001d87fca3f90 Uncommon trap: reason=class_check action=maybe_recompile pc=0x000001d873b237e0 method=java.lang.String.equals(Ljava/lang/Object;)Z @ 8 c2
Event: 0.940 Thread 0x000001d87fca3f90 DEOPT PACKING pc=0x000001d873b237e0 sp=0x000000bad14fdd70
Event: 0.940 Thread 0x000001d87fca3f90 DEOPT UNPACKING pc=0x000001d8735c46a2 sp=0x000000bad14fdd08 mode 2
Event: 0.941 Thread 0x000001d87fca3f90 Uncommon trap: trap_request=0xffffffde fr.pc=0x000001d873b237e0 relative=0x00000000000001c0
Event: 0.941 Thread 0x000001d87fca3f90 Uncommon trap: reason=class_check action=maybe_recompile pc=0x000001d873b237e0 method=java.lang.String.equals(Ljava/lang/Object;)Z @ 8 c2
Event: 0.941 Thread 0x000001d87fca3f90 DEOPT PACKING pc=0x000001d873b237e0 sp=0x000000bad14fde80
Event: 0.941 Thread 0x000001d87fca3f90 DEOPT UNPACKING pc=0x000001d8735c46a2 sp=0x000000bad14fde18 mode 2
Event: 0.944 Thread 0x000001d87fca3f90 Uncommon trap: trap_request=0xffffffde fr.pc=0x000001d873b237e0 relative=0x00000000000001c0
Event: 0.944 Thread 0x000001d87fca3f90 Uncommon trap: reason=class_check action=maybe_recompile pc=0x000001d873b237e0 method=java.lang.String.equals(Ljava/lang/Object;)Z @ 8 c2
Event: 0.944 Thread 0x000001d87fca3f90 DEOPT PACKING pc=0x000001d873b237e0 sp=0x000000bad14fe050
Event: 0.944 Thread 0x000001d87fca3f90 DEOPT UNPACKING pc=0x000001d8735c46a2 sp=0x000000bad14fdfe8 mode 2
Event: 1.079 Thread 0x000001d87fca3f90 Uncommon trap: trap_request=0xffffff45 fr.pc=0x000001d873b68b80 relative=0x0000000000000300
Event: 1.079 Thread 0x000001d87fca3f90 Uncommon trap: reason=unstable_if action=reinterpret pc=0x000001d873b68b80 method=java.awt.MultipleGradientPaintContext.indexIntoGradientsArrays(F)I @ 13 c2
Event: 1.079 Thread 0x000001d87fca3f90 DEOPT PACKING pc=0x000001d873b68b80 sp=0x000000bad14fcdc0
Event: 1.079 Thread 0x000001d87fca3f90 DEOPT UNPACKING pc=0x000001d8735c46a2 sp=0x000000bad14fcd58 mode 2
Event: 1.681 Thread 0x000001d87fca3f90 DEOPT PACKING pc=0x000001d86c22ea94 sp=0x000000bad14fd250
Event: 1.682 Thread 0x000001d87fca3f90 DEOPT UNPACKING pc=0x000001d8735c4e42 sp=0x000000bad14fc6d8 mode 0
Event: 3.163 Thread 0x000001d87fca3f90 DEOPT PACKING pc=0x000001d86c24e650 sp=0x000000bad14fd710
Event: 3.163 Thread 0x000001d87fca3f90 DEOPT UNPACKING pc=0x000001d8735c4e42 sp=0x000000bad14fcac0 mode 0

Classes loaded (20 events):
Event: 1.134 Loading class javax/swing/TimerQueue$DelayedTimer done
Event: 1.637 Loading class javax/swing/Timer$1
Event: 1.637 Loading class javax/swing/Timer$1 done
Event: 2.586 Loading class java/awt/event/MouseWheelEvent
Event: 2.587 Loading class java/awt/event/MouseWheelEvent done
Event: 3.404 Loading class java/awt/KeyboardFocusManager$2
Event: 3.404 Loading class java/awt/KeyboardFocusManager$2 done
Event: 3.405 Loading class sun/awt/SunToolkit$1
Event: 3.405 Loading class sun/awt/SunToolkit$1 done
Event: 3.480 Loading class java/awt/LightweightDispatcher$2
Event: 3.480 Loading class java/awt/LightweightDispatcher$2 done
Event: 96.832 Loading class java/awt/desktop/SystemSleepListener
Event: 96.832 Loading class java/awt/desktop/SystemEventListener
Event: 96.832 Loading class java/awt/desktop/SystemEventListener done
Event: 96.832 Loading class java/awt/desktop/SystemSleepListener done
Event: 21078.744 Loading class java/util/WeakHashMap$KeyIterator
Event: 21079.264 Loading class java/util/WeakHashMap$HashIterator
Event: 21079.447 Loading class java/util/WeakHashMap$HashIterator done
Event: 21079.447 Loading class java/util/WeakHashMap$KeyIterator done
Event: 21079.449 Loading class javax/swing/RepaintManager$DisplayChangedRunnable

Classes unloaded (0 events):
No events

Classes redefined (0 events):
No events

Internal exceptions (20 events):
Event: 0.472 Thread 0x000001d863bd96f0 Exception <a 'java/lang/ClassNotFoundException'{0x0000000089662e90}: ToggleButton> (0x0000000089662e90) 
thrown [s\open\src\hotspot\share\classfile\systemDictionary.cpp, line 312]
Event: 0.472 Thread 0x000001d863bd96f0 Exception <a 'java/lang/ClassNotFoundException'{0x00000000896632d0}: javax/swing/JToolBarSeparator> (0x00000000896632d0) 
thrown [s\open\src\hotspot\share\classfile\systemDictionary.cpp, line 312]
Event: 0.472 Thread 0x000001d863bd96f0 Exception <a 'java/lang/ClassNotFoundException'{0x00000000896635e0}: ToolBarSeparator> (0x00000000896635e0) 
thrown [s\open\src\hotspot\share\classfile\systemDictionary.cpp, line 312]
Event: 0.473 Thread 0x000001d863bd96f0 Exception <a 'java/lang/ClassNotFoundException'{0x0000000089663ae8}: ToolTip> (0x0000000089663ae8) 
thrown [s\open\src\hotspot\share\classfile\systemDictionary.cpp, line 312]
Event: 0.475 Thread 0x000001d863bd96f0 Exception <a 'java/lang/ClassNotFoundException'{0x0000000089664428}: Tree> (0x0000000089664428) 
thrown [s\open\src\hotspot\share\classfile\systemDictionary.cpp, line 312]
Event: 0.475 Thread 0x000001d863bd96f0 Exception <a 'java/lang/ClassNotFoundException'{0x0000000089664920}: Tree> (0x0000000089664920) 
thrown [s\open\src\hotspot\share\classfile\systemDictionary.cpp, line 312]
Event: 0.475 Thread 0x000001d863bd96f0 Exception <a 'java/lang/ClassNotFoundException'{0x0000000089664c90}: javax/swing/JTreeCell> (0x0000000089664c90) 
thrown [s\open\src\hotspot\share\classfile\systemDictionary.cpp, line 312]
Event: 0.475 Thread 0x000001d863bd96f0 Exception <a 'java/lang/ClassNotFoundException'{0x0000000089664f98}: TreeCell> (0x0000000089664f98) 
thrown [s\open\src\hotspot\share\classfile\systemDictionary.cpp, line 312]
Event: 0.476 Thread 0x000001d863bd96f0 Exception <a 'java/lang/ClassNotFoundException'{0x0000000089665740}: RootPane> (0x0000000089665740) 
thrown [s\open\src\hotspot\share\classfile\systemDictionary.cpp, line 312]
Event: 0.480 Thread 0x000001d863bd96f0 Exception <a 'java/lang/ClassNotFoundException'{0x00000000896684d0}: com/sun/swing/internal/plaf/metal/resources/spi/metalProvider> (0x00000000896684d0) 
thrown [s\open\src\hotspot\share\classfile\systemDictionary.cpp, line 312]
Event: 0.481 Thread 0x000001d863bd96f0 Exception <a 'java/lang/ClassNotFoundException'{0x000000008966c130}: com/sun/swing/internal/plaf/basic/resources/spi/basicProvider> (0x000000008966c130) 
thrown [s\open\src\hotspot\share\classfile\systemDictionary.cpp, line 312]
Event: 0.514 Thread 0x000001d87fca3f90 Exception <a 'java/lang/ClassNotFoundException'{0x00000000896dc7c8}: com/sun/swing/internal/plaf/synth/resources/spi/synthProvider> (0x00000000896dc7c8) 
thrown [s\open\src\hotspot\share\classfile\systemDictionary.cpp, line 312]
Event: 0.545 Thread 0x000001d87fca3f90 Exception <a 'java/lang/NoSuchMethodError'{0x0000000089520280}: 'int java.lang.invoke.Invokers$Holder.invokeExact_MT(java.lang.Object, java.lang.Object)'> (0x0000000089520280) 
thrown [s\open\src\hotspot\share\interpreter\linkResolver.cpp, line 773]
Event: 0.560 Thread 0x000001d87fca3f90 Exception <a 'java/lang/NoSuchMethodError'{0x000000008952db78}: 'java.lang.Object java.lang.invoke.DirectMethodHandle$Holder.newInvokeSpecial(java.lang.Object, java.lang.Object, int)'> (0x000000008952db78) 
thrown [s\open\src\hotspot\share\interpreter\linkResolver.cpp, line 773]
Event: 0.561 Thread 0x000001d87fca3f90 Exception <a 'java/lang/NoSuchMethodError'{0x0000000089532a28}: 'int java.lang.invoke.DirectMethodHandle$Holder.invokeSpecial(java.lang.Object, java.lang.Object, java.lang.Object, int)'> (0x0000000089532a28) 
thrown [s\open\src\hotspot\share\interpreter\linkResolver.cpp, line 773]
Event: 0.563 Thread 0x000001d87fca3f90 Exception <a 'java/lang/NoSuchMethodError'{0x0000000089545998}: 'java.lang.Object java.lang.invoke.DirectMethodHandle$Holder.invokeStatic(java.lang.Object, java.lang.Object, java.lang.Object, java.lang.Object, int)'> (0x0000000089545998) 
thrown [s\open\src\hotspot\share\interpreter\linkResolver.cpp, line 773]
Event: 0.564 Thread 0x000001d87fca3f90 Exception <a 'java/lang/NoSuchMethodError'{0x00000000895510e8}: 'int java.lang.invoke.DirectMethodHandle$Holder.invokeSpecial(java.lang.Object, java.lang.Object, java.lang.Object)'> (0x00000000895510e8) 
thrown [s\open\src\hotspot\share\interpreter\linkResolver.cpp, line 773]
Event: 0.751 Thread 0x000001d87fca3270 Exception <a 'java/lang/NoSuchMethodError'{0x00000000893a2b98}: 'java.lang.Object java.lang.invoke.DirectMethodHandle$Holder.newInvokeSpecial(java.lang.Object, java.lang.Object, java.lang.Object, int, int, int, int, int)'> (0x00000000893a2b98) 
thrown [s\open\src\hotspot\share\interpreter\linkResolver.cpp, line 773]
Event: 0.797 Thread 0x000001d87fca6060 Exception <a 'java/lang/NoSuchMethodError'{0x00000000898d66a0}: 'void java.lang.invoke.DirectMethodHandle$Holder.invokeVirtual(java.lang.Object, java.lang.Object)'> (0x00000000898d66a0) 
thrown [s\open\src\hotspot\share\interpreter\linkResolver.cpp, line 773]
Event: 0.828 Thread 0x000001d87fca3f90 Exception <a 'java/lang/NoSuchMethodError'{0x0000000089194140}: 'void java.lang.invoke.DirectMethodHandle$Holder.invokeStaticInit(java.lang.Object)'> (0x0000000089194140) 
thrown [s\open\src\hotspot\share\interpreter\linkResolver.cpp, line 773]

ZGC Phase Switch (0 events):
No events

VM Operations (20 events):
Event: 0.891 Executing VM operation: HandshakeAllThreads (Deoptimize)
Event: 0.891 Executing VM operation: HandshakeAllThreads (Deoptimize) done
Event: 0.985 Executing VM operation: HandshakeAllThreads (Deoptimize)
Event: 0.985 Executing VM operation: HandshakeAllThreads (Deoptimize) done
Event: 1.000 Executing VM operation: ICBufferFull
Event: 1.000 Executing VM operation: ICBufferFull done
Event: 1.001 Executing VM operation: HandshakeAllThreads (Deoptimize)
Event: 1.001 Executing VM operation: HandshakeAllThreads (Deoptimize) done
Event: 1.104 Executing VM operation: HandshakeAllThreads (Deoptimize)
Event: 1.104 Executing VM operation: HandshakeAllThreads (Deoptimize) done
Event: 1.643 Executing VM operation: G1CollectForAllocation (G1 Evacuation Pause)
Event: 1.675 Executing VM operation: G1CollectForAllocation (G1 Evacuation Pause) done
Event: 2.678 Executing VM operation: Cleanup
Event: 2.678 Executing VM operation: Cleanup done
Event: 4.679 Executing VM operation: Cleanup
Event: 4.679 Executing VM operation: Cleanup done
Event: 60.092 Executing VM operation: HandshakeAllThreads (HandshakeForDeflation)
Event: 60.092 Executing VM operation: HandshakeAllThreads (HandshakeForDeflation) done
Event: 60.092 Executing VM operation: RendezvousGCThreads
Event: 60.092 Executing VM operation: RendezvousGCThreads done

Events (20 events):
Event: 0.057 Thread 0x000001d87fc9ab50 Thread added: 0x000001d87fc9ab50
Event: 0.058 Thread 0x000001d87fc9e850 Thread added: 0x000001d87fc9e850
Event: 0.058 Thread 0x000001d87fc9f2b0 Thread added: 0x000001d87fc9f2b0
Event: 0.058 Thread 0x000001d87fca0120 Thread added: 0x000001d87fca0120
Event: 0.058 Thread 0x000001d87fca3900 Thread added: 0x000001d87fca3900
Event: 0.059 Thread 0x000001d87fcb27d0 Thread added: 0x000001d87fcb27d0
Event: 0.059 Thread 0x000001d87fcb6ea0 Thread added: 0x000001d87fcb6ea0
Event: 0.096 Thread 0x000001d87fca5340 Thread added: 0x000001d87fca5340
Event: 0.154 Thread 0x000001d87fca4cb0 Thread added: 0x000001d87fca4cb0
Event: 0.170 Thread 0x000001d8451fc0b0 Thread added: 0x000001d8451fc0b0
Event: 0.300 Thread 0x000001d87fca59d0 Thread added: 0x000001d87fca59d0
Event: 0.301 Thread 0x000001d87fca4620 Thread added: 0x000001d87fca4620
Event: 0.303 Thread 0x000001d87fca6060 Thread added: 0x000001d87fca6060
Event: 0.500 Thread 0x000001d87fca3f90 Thread added: 0x000001d87fca3f90
Event: 0.500 Thread 0x000001d863bd96f0 Thread exited: 0x000001d863bd96f0
Event: 0.500 Thread 0x000001d87fca2be0 Thread added: 0x000001d87fca2be0
Event: 0.654 Thread 0x000001d87fca3270 Thread added: 0x000001d87fca3270
Event: 1.134 Thread 0x000001d846484500 Thread added: 0x000001d846484500
Event: 1.640 Thread 0x000001d8451fc0b0 Thread exited: 0x000001d8451fc0b0
Event: 5.785 Thread 0x000001d87fca3270 Thread exited: 0x000001d87fca3270


Dynamic libraries:
0x00007ff78eb20000 - 0x00007ff78eb30000 	C:\Program Files\Java\jdk-21\bin\java.exe
0x00007ffb75330000 - 0x00007ffb75528000 	C:\WINDOWS\SYSTEM32\ntdll.dll
0x00007ffb74f70000 - 0x00007ffb7502d000 	C:\WINDOWS\System32\KERNEL32.DLL
0x00007ffb72d50000 - 0x00007ffb73046000 	C:\WINDOWS\System32\KERNELBASE.dll
0x00007ffb6c420000 - 0x00007ffb6c4b0000 	C:\WINDOWS\SYSTEM32\apphelp.dll
0x00007ffb73350000 - 0x00007ffb73450000 	C:\WINDOWS\System32\ucrtbase.dll
0x00007ffb69710000 - 0x00007ffb6972b000 	C:\Program Files\Java\jdk-21\bin\VCRUNTIME140.dll
0x00007ffb67cf0000 - 0x00007ffb67d09000 	C:\Program Files\Java\jdk-21\bin\jli.dll
0x00007ffb74820000 - 0x00007ffb748d0000 	C:\WINDOWS\System32\ADVAPI32.dll
0x00007ffb75250000 - 0x00007ffb752ee000 	C:\WINDOWS\System32\msvcrt.dll
0x00007ffb74370000 - 0x00007ffb74410000 	C:\WINDOWS\System32\sechost.dll
0x00007ffb744c0000 - 0x00007ffb745e3000 	C:\WINDOWS\System32\RPCRT4.dll
0x00007ffb72ad0000 - 0x00007ffb72af7000 	C:\WINDOWS\System32\bcrypt.dll
0x00007ffb74a00000 - 0x00007ffb74b9f000 	C:\WINDOWS\System32\USER32.dll
0x00007ffb73170000 - 0x00007ffb73192000 	C:\WINDOWS\System32\win32u.dll
0x00007ffb71f30000 - 0x00007ffb721ca000 	C:\WINDOWS\WinSxS\amd64_microsoft.windows.common-controls_6595b64144ccf1df_6.0.19041.3636_none_60b6a03d71f818d5\COMCTL32.dll
0x00007ffb75030000 - 0x00007ffb7505b000 	C:\WINDOWS\System32\GDI32.dll
0x00007ffb73050000 - 0x00007ffb73167000 	C:\WINDOWS\System32\gdi32full.dll
0x00007ffb72bb0000 - 0x00007ffb72c4d000 	C:\WINDOWS\System32\msvcp_win.dll
0x00007ffb68c30000 - 0x00007ffb68c3a000 	C:\WINDOWS\SYSTEM32\VERSION.dll
0x00007ffb738c0000 - 0x00007ffb738f2000 	C:\WINDOWS\System32\IMM32.DLL
0x00007ffb6a1c0000 - 0x00007ffb6a1cc000 	C:\Program Files\Java\jdk-21\bin\vcruntime140_1.dll
0x00007ffb1a8c0000 - 0x00007ffb1a94e000 	C:\Program Files\Java\jdk-21\bin\msvcp140.dll
0x00007ffaff6f0000 - 0x00007ffb00407000 	C:\Program Files\Java\jdk-21\bin\server\jvm.dll
0x00007ffb74ba0000 - 0x00007ffb74c0b000 	C:\WINDOWS\System32\WS2_32.dll
0x00007ffb5b5d0000 - 0x00007ffb5b5f7000 	C:\WINDOWS\SYSTEM32\WINMM.dll
0x00007ffb729a0000 - 0x00007ffb729eb000 	C:\WINDOWS\SYSTEM32\POWRPROF.dll
0x00007ffb72910000 - 0x00007ffb72922000 	C:\WINDOWS\SYSTEM32\UMPDC.dll
0x00007ffb70df0000 - 0x00007ffb70e02000 	C:\WINDOWS\SYSTEM32\kernel.appcore.dll
0x00007ffb654e0000 - 0x00007ffb654ea000 	C:\Program Files\Java\jdk-21\bin\jimage.dll
0x00007ffb72540000 - 0x00007ffb72724000 	C:\WINDOWS\SYSTEM32\DBGHELP.DLL
0x00007ffb723a0000 - 0x00007ffb723d4000 	C:\WINDOWS\SYSTEM32\dbgcore.DLL
0x00007ffb72c50000 - 0x00007ffb72cd2000 	C:\WINDOWS\System32\bcryptPrimitives.dll
0x00007ffb64350000 - 0x00007ffb6436f000 	C:\Program Files\Java\jdk-21\bin\java.dll
0x00007ffb739b0000 - 0x00007ffb7411b000 	C:\WINDOWS\System32\SHELL32.dll
0x00007ffb6cd00000 - 0x00007ffb6d49e000 	C:\WINDOWS\SYSTEM32\windows.storage.dll
0x00007ffb74c10000 - 0x00007ffb74f63000 	C:\WINDOWS\System32\combase.dll
0x00007ffb71c60000 - 0x00007ffb71c8e000 	C:\WINDOWS\SYSTEM32\Wldp.dll
0x00007ffb74200000 - 0x00007ffb742cd000 	C:\WINDOWS\System32\OLEAUT32.dll
0x00007ffb74410000 - 0x00007ffb744bd000 	C:\WINDOWS\System32\SHCORE.dll
0x00007ffb745f0000 - 0x00007ffb74645000 	C:\WINDOWS\System32\shlwapi.dll
0x00007ffb72a00000 - 0x00007ffb72a23000 	C:\WINDOWS\SYSTEM32\profapi.dll
0x00007ffb1a590000 - 0x00007ffb1a667000 	C:\Program Files\Java\jdk-21\bin\jsvml.dll
0x00007ffb64340000 - 0x00007ffb64350000 	C:\Program Files\Java\jdk-21\bin\net.dll
0x00007ffb68c40000 - 0x00007ffb68d4a000 	C:\WINDOWS\SYSTEM32\WINHTTP.dll
0x00007ffb71ad0000 - 0x00007ffb71b3a000 	C:\WINDOWS\system32\mswsock.dll
0x00007ffb503f0000 - 0x00007ffb50406000 	C:\Program Files\Java\jdk-21\bin\nio.dll
0x00007ffb4f6b0000 - 0x00007ffb4f6c8000 	C:\Program Files\Java\jdk-21\bin\zip.dll
0x00007ffb13470000 - 0x00007ffb135ff000 	C:\Program Files\Java\jdk-21\bin\awt.dll
0x00007ffb6c570000 - 0x00007ffb6c60e000 	C:\WINDOWS\system32\uxtheme.dll
0x00007ffb75130000 - 0x00007ffb75245000 	C:\WINDOWS\System32\MSCTF.dll
0x00007ffb748d0000 - 0x00007ffb749fb000 	C:\WINDOWS\System32\ole32.dll
0x00007ffb6c780000 - 0x00007ffb6c7af000 	C:\WINDOWS\system32\DWMAPI.DLL
0x00007ffb1a720000 - 0x00007ffb1a7a7000 	C:\Program Files\Java\jdk-21\bin\freetype.dll
0x00007ffb19c00000 - 0x00007ffb19ce2000 	C:\Program Files\Java\jdk-21\bin\fontmanager.dll
0x00007ffb43e00000 - 0x00007ffb43f25000 	C:\WINDOWS\system32\opengl32.dll
0x00007ffb58740000 - 0x00007ffb5876c000 	C:\WINDOWS\SYSTEM32\GLU32.dll
0x00007ffb5ae00000 - 0x00007ffb5ae2e000 	C:\Program Files\Java\jdk-21\bin\javajpeg.dll
0x00007ffb73900000 - 0x00007ffb739a9000 	C:\WINDOWS\System32\clbcatq.dll
0x00007ffb65800000 - 0x00007ffb659b4000 	C:\WINDOWS\SYSTEM32\WindowsCodecs.dll
0x00007ffb66f60000 - 0x00007ffb66f9e000 	C:\WINDOWS\system32\dataexchange.dll
0x00007ffb6b5a0000 - 0x00007ffb6b785000 	C:\WINDOWS\system32\dcomp.dll
0x00007ffb6b060000 - 0x00007ffb6b2c3000 	C:\WINDOWS\system32\d3d11.dll
0x00007ffb70e10000 - 0x00007ffb70f03000 	C:\WINDOWS\system32\dxgi.dll
0x00007ffb65f50000 - 0x00007ffb66153000 	C:\WINDOWS\system32\twinapi.appcore.dll
0x00007ffb659c0000 - 0x00007ffb65ab9000 	C:\WINDOWS\SYSTEM32\textinputframework.dll
0x00007ffb6c1c0000 - 0x00007ffb6c2b2000 	C:\WINDOWS\System32\CoreMessaging.dll
0x00007ffb6bcd0000 - 0x00007ffb6c02b000 	C:\WINDOWS\System32\CoreUIComponents.dll
0x00007ffb72730000 - 0x00007ffb72763000 	C:\WINDOWS\SYSTEM32\ntmarta.dll
0x00007ffb6b2e0000 - 0x00007ffb6b437000 	C:\WINDOWS\SYSTEM32\wintypes.dll

dbghelp: loaded successfully - version: 4.0.5 - missing functions: none
symbol engine: initialized successfully - sym options: 0x614 - pdb path: .;C:\Program Files\Java\jdk-21\bin;C:\WINDOWS\SYSTEM32;C:\WINDOWS\WinSxS\amd64_microsoft.windows.common-controls_6595b64144ccf1df_6.0.19041.3636_none_60b6a03d71f818d5;C:\Program Files\Java\jdk-21\bin\server

VM Arguments:
jvm_args: -Dfile.encoding=UTF-8 --module-path=C:\Users\HP\Documents\NetBeansProjects\JavaApplication1\build\classes 
java_command: waterusagerecord
java_class_path (initial): C:\Program Files\NetBeans-21\netbeans\java\modules\ext\AbsoluteLayout.jar;C:\Users\HP\Desktop\tata\mysql-connector-j-8.4.0\mysql-connector-j-8.4.0\mysql-connector-j-8.4.0.jar;C:\Users\HP\Desktop\rs2xml.jar;C:\Users\HP\Documents\NetBeansProjects\JavaApplication1\build\classes
Launcher Type: SUN_STANDARD

[Global flags]
     intx CICompilerCount                          = 3                                         {product} {ergonomic}
     uint ConcGCThreads                            = 1                                         {product} {ergonomic}
     uint G1ConcRefinementThreads                  = 4                                         {product} {ergonomic}
   size_t G1HeapRegionSize                         = 1048576                                   {product} {ergonomic}
    uintx GCDrainStackTargetSize                   = 64                                        {product} {ergonomic}
   size_t InitialHeapSize                          = 134217728                                 {product} {ergonomic}
   size_t MarkStackSize                            = 4194304                                   {product} {ergonomic}
   size_t MaxHeapSize                              = 2118123520                                {product} {ergonomic}
   size_t MaxNewSize                               = 1270874112                                {product} {ergonomic}
   size_t MinHeapDeltaBytes                        = 1048576                                   {product} {ergonomic}
   size_t MinHeapSize                              = 8388608                                   {product} {ergonomic}
    uintx NonNMethodCodeHeapSize                   = 5832780                                {pd product} {ergonomic}
    uintx NonProfiledCodeHeapSize                  = 122912730                              {pd product} {ergonomic}
    uintx ProfiledCodeHeapSize                     = 122912730                              {pd product} {ergonomic}
    uintx ReservedCodeCacheSize                    = 251658240                              {pd product} {ergonomic}
     bool SegmentedCodeCache                       = true                                      {product} {ergonomic}
   size_t SoftMaxHeapSize                          = 2118123520                             {manageable} {ergonomic}
     bool UseCompressedOops                        = true                           {product lp64_product} {ergonomic}
     bool UseG1GC                                  = true                                      {product} {ergonomic}
     bool UseLargePagesIndividualAllocation        = false                                  {pd product} {ergonomic}

Logging:
Log output configuration:
 #0: stdout all=warning uptime,level,tags foldmultilines=false
 #1: stderr all=off uptime,level,tags foldmultilines=false

Environment Variables:
PATH=C:\MinGW\bin;C:\Program Files\Java\jdk-21\bin;C:\Program Files\nodejs;C:\Program Files\MySQL\MySQL Server 8.0\bin;C:\Program Files\Git\cmd;C:\WINDOWS\system32;C:\WINDOWS;C:\WINDOWS\System32\Wbem;C:\WINDOWS\System32\WindowsPowerShell\v1.0\;C:\WINDOWS\System32\OpenSSH\;C:\Program Files\MySQL\MySQL Shell 8.0\bin\;C:\MinGW\bin;C:\Users\HP\AppData\Local\Programs\Microsoft VS Code\bin;C:\Users\HP\AppData\Local\Programs\Hyper\resources\bin;C:\Users\HP\AppData\Local\Microsoft\WindowsApps;
USERNAME=HP
OS=Windows_NT
PROCESSOR_IDENTIFIER=Intel64 Family 6 Model 78 Stepping 3, GenuineIntel
TMP=C:\Users\HP\AppData\Local\Temp
TEMP=C:\Users\HP\AppData\Local\Temp




Periodic native trim disabled

---------------  S Y S T E M  ---------------

OS:
 Windows 10 , 64 bit Build 19041 (10.0.19041.3636)
OS uptime: 7 days 7:43 hours

CPU: total 4 (initial active 4) (2 cores per cpu, 2 threads per core) family 6 model 78 stepping 3 microcode 0xcc, cx8, cmov, fxsr, ht, mmx, 3dnowpref, sse, sse2, sse3, ssse3, sse4.1, sse4.2, popcnt, lzcnt, tsc, tscinvbit, avx, avx2, aes, erms, clmul, bmi1, bmi2, rtm, adx, fma, vzeroupper, clflush, clflushopt, rdtscp, f16c
Processor Information for all 4 processors :
  Max Mhz: 2496, Current Mhz: 2396, Mhz Limit: 2396

Memory: 4k page, system-wide physical 8072M (242M free)
TotalPageFile size 32648M (AvailPageFile size 41M)
current process WorkingSet (physical memory assigned to process): 89M, peak: 95M
current process commit charge ("private bytes"): 223M, peak: 229M

vm_info: Java HotSpot(TM) 64-Bit Server VM (21.0.2+13-LTS-58) for windows-amd64 JRE (21.0.2+13-LTS-58), built on 2024-01-05T18:32:24Z by "mach5one" with MS VC++ 17.1 (VS2022)

END.
