#
# There is insufficient memory for the Java Runtime Environment to continue.
# Native memory allocation (malloc) failed to allocate 94704 bytes for Chunk::new
# Possible reasons:
#   The system is out of physical RAM or swap space
#   The process is running with CompressedOops enabled, and the Java Heap may be blocking the growth of the native heap
# Possible solutions:
#   Reduce memory load on the system
#   Increase physical memory or swap space
#   Check if swap backing store is full
#   Decrease Java heap size (-Xmx/-Xms)
#   Decrease number of Java threads
#   Decrease Java thread stack sizes (-Xss)
#   Set larger code cache with -XX:ReservedCodeCacheSize=
#   JVM is running with Unscaled Compressed Oops mode in which the Java heap is
#     placed in the first 4GB address space. The Java Heap base address is the
#     maximum limit for the native heap growth. Please use -XX:HeapBaseMinAddress
#     to set the Java Heap base and to place the Java Heap above 4GB virtual address.
# This output file may be truncated or incomplete.
#
#  Out of Memory Error (arena.cpp:168), pid=24316, tid=22416
#
# JRE version: Java(TM) SE Runtime Environment (21.0.2+13) (build 21.0.2+13-LTS-58)
# Java VM: Java HotSpot(TM) 64-Bit Server VM (21.0.2+13-LTS-58, mixed mode, sharing, tiered, compressed oops, compressed class ptrs, g1 gc, windows-amd64)
# No core dump will be written. Minidumps are not enabled by default on client versions of Windows
#

---------------  S U M M A R Y ------------

Command Line: -Dfile.encoding=UTF-8 --module-path=C:\Users\HP\Documents\NetBeansProjects\JavaApplication1\build\classes waterusagerecord

Host: Intel(R) Core(TM) i5-6300U CPU @ 2.40GHz, 4 cores, 7G,  Windows 10 , 64 bit Build 19041 (10.0.19041.3636)
Time: Sun May  5 08:49:07 2024 E. Africa Standard Time elapsed time: 21121.351060 seconds (0d 5h 52m 1s)

---------------  T H R E A D  ---------------

Current thread (0x000002859bd78fb0):  JavaThread "C2 CompilerThread0" daemon [_thread_in_native, id=22416, stack(0x0000009d06f00000,0x0000009d07000000) (1024K)]


Current CompileTask:
C2:21121351 3011       4       java.util.HashMap$KeyIterator::next (8 bytes)

Stack: [0x0000009d06f00000,0x0000009d07000000]
Native frames: (J=compiled Java code, j=interpreted, Vv=VM code, C=native code)
V  [jvm.dll+0x6cade9]
V  [jvm.dll+0x8569c1]
V  [jvm.dll+0x858d2e]
V  [jvm.dll+0x859413]
V  [jvm.dll+0x280e56]
V  [jvm.dll+0xc3f3d]
V  [jvm.dll+0xc4473]
V  [jvm.dll+0x3b5c2c]
V  [jvm.dll+0x382855]
V  [jvm.dll+0x381cca]
V  [jvm.dll+0x249bd0]
V  [jvm.dll+0x2491b1]
V  [jvm.dll+0x1c9634]
V  [jvm.dll+0x258859]
V  [jvm.dll+0x256e3a]
V  [jvm.dll+0x3ef6c6]
V  [jvm.dll+0x7ff568]
V  [jvm.dll+0x6c953d]
C  [ucrtbase.dll+0x21bb2]
C  [KERNEL32.DLL+0x17344]
C  [ntdll.dll+0x526b1]


---------------  P R O C E S S  ---------------

Threads class SMR info:
_java_thread_list=0x00000285e4514e20, length=17, elements={
0x000002859bd58f60, 0x000002859bd5aaa0, 0x000002859bd5f070, 0x000002859bd5fa40,
0x000002859bd62860, 0x000002859bd67680, 0x000002859bd78fb0, 0x000002859bd7b670,
0x000002859bd268b0, 0x00000285e115db70, 0x00000285e1319520, 0x00000285e1319b90,
0x00000285e131eb10, 0x00000285e1f87920, 0x00000285fdd09630, 0x00000285e24cbea0,
0x00000285e2501770
}

Java Threads: ( => current thread )
  0x000002859bd58f60 JavaThread "Reference Handler"          daemon [_thread_blocked, id=13828, stack(0x0000009d06900000,0x0000009d06a00000) (1024K)]
  0x000002859bd5aaa0 JavaThread "Finalizer"                  daemon [_thread_blocked, id=22536, stack(0x0000009d06a00000,0x0000009d06b00000) (1024K)]
  0x000002859bd5f070 JavaThread "Signal Dispatcher"          daemon [_thread_blocked, id=24492, stack(0x0000009d06b00000,0x0000009d06c00000) (1024K)]
  0x000002859bd5fa40 JavaThread "Attach Listener"            daemon [_thread_blocked, id=11584, stack(0x0000009d06c00000,0x0000009d06d00000) (1024K)]
  0x000002859bd62860 JavaThread "Service Thread"             daemon [_thread_blocked, id=13868, stack(0x0000009d06d00000,0x0000009d06e00000) (1024K)]
  0x000002859bd67680 JavaThread "Monitor Deflation Thread"   daemon [_thread_blocked, id=11408, stack(0x0000009d06e00000,0x0000009d06f00000) (1024K)]
=>0x000002859bd78fb0 JavaThread "C2 CompilerThread0"         daemon [_thread_in_native, id=22416, stack(0x0000009d06f00000,0x0000009d07000000) (1024K)]
  0x000002859bd7b670 JavaThread "C1 CompilerThread0"         daemon [_thread_blocked, id=18116, stack(0x0000009d07000000,0x0000009d07100000) (1024K)]
  0x000002859bd268b0 JavaThread "Common-Cleaner"             daemon [_thread_blocked, id=24260, stack(0x0000009d07100000,0x0000009d07200000) (1024K)]
  0x00000285e115db70 JavaThread "Notification Thread"        daemon [_thread_blocked, id=8768, stack(0x0000009d07200000,0x0000009d07300000) (1024K)]
  0x00000285e1319520 JavaThread "Java2D Disposer"            daemon [_thread_blocked, id=14252, stack(0x0000009d07400000,0x0000009d07500000) (1024K)]
  0x00000285e1319b90 JavaThread "AWT-Shutdown"                      [_thread_blocked, id=13240, stack(0x0000009d07500000,0x0000009d07600000) (1024K)]
  0x00000285e131eb10 JavaThread "AWT-Windows"                daemon [_thread_blocked, id=16752, stack(0x0000009d07600000,0x0000009d07700000) (1024K)]
  0x00000285e1f87920 JavaThread "AWT-EventQueue-0"                  [_thread_in_vm, id=18336, stack(0x0000009d07300000,0x0000009d07400000) (1024K)]
  0x00000285fdd09630 JavaThread "DestroyJavaVM"                     [_thread_blocked, id=12936, stack(0x0000009d06100000,0x0000009d06200000) (1024K)]
  0x00000285e24cbea0 JavaThread "TimerQueue"                 daemon [_thread_blocked, id=7500, stack(0x0000009d07b00000,0x0000009d07c00000) (1024K)]
  0x00000285e2501770 JavaThread "mysql-cj-abandoned-connection-cleanup" daemon [_thread_blocked, id=12336, stack(0x0000009d07f00000,0x0000009d08000000) (1024K)]
Total: 17

Other Threads:
  0x000002859bd3af60 VMThread "VM Thread"                           [id=4324, stack(0x0000009d06800000,0x0000009d06900000) (1024K)] _threads_hazard_ptr=0x00000285e4514e20
  0x000002859bd260c0 WatcherThread "VM Periodic Task Thread"        [id=244, stack(0x0000009d06700000,0x0000009d06800000) (1024K)]
  0x00000285fdd5d180 WorkerThread "GC Thread#0"                     [id=10448, stack(0x0000009d06200000,0x0000009d06300000) (1024K)]
  0x00000285e250d4e0 WorkerThread "GC Thread#1"                     [id=15708, stack(0x0000009d07c00000,0x0000009d07d00000) (1024K)]
  0x00000285e250d880 WorkerThread "GC Thread#2"                     [id=17428, stack(0x0000009d07d00000,0x0000009d07e00000) (1024K)]
  0x00000285e250dc20 WorkerThread "GC Thread#3"                     [id=24324, stack(0x0000009d07e00000,0x0000009d07f00000) (1024K)]
  0x00000285fdd6df90 ConcurrentGCThread "G1 Main Marker"            [id=22200, stack(0x0000009d06300000,0x0000009d06400000) (1024K)]
  0x00000285fdd6f230 WorkerThread "G1 Conc#0"                       [id=17248, stack(0x0000009d06400000,0x0000009d06500000) (1024K)]
  0x00000285fddce0e0 ConcurrentGCThread "G1 Refine#0"               [id=22496, stack(0x0000009d06500000,0x0000009d06600000) (1024K)]
  0x00000285fddce860 ConcurrentGCThread "G1 Service"                [id=12904, stack(0x0000009d06600000,0x0000009d06700000) (1024K)]
Total: 10

Threads with active compile tasks:
C2 CompilerThread0  21145213 3011       4       java.util.HashMap$KeyIterator::next (8 bytes)
Total: 1

VM state: synchronizing (normal execution)

VM Mutex/Monitor currently owned by a thread:  ([mutex/lock_event])
[0x00007ffb0032cd68] Threads_lock - owner thread: 0x000002859bd3af60

Heap address: 0x0000000081c00000, size: 2020 MB, Compressed Oops mode: 32-bit

CDS archive(s) mapped at: [0x000002859c000000-0x000002859cc90000-0x000002859cc90000), size 13172736, SharedBaseAddress: 0x000002859c000000, ArchiveRelocationMode: 1.
Compressed class space mapped at: 0x000002859d000000-0x00000285dd000000, reserved size: 1073741824
Narrow klass base: 0x000002859c000000, Narrow klass shift: 0, Narrow klass range: 0x100000000

GC Precious Log:
 CardTable entry size: 512
 Card Set container configuration: InlinePtr #cards 5 size 8 Array Of Cards #cards 12 size 40 Howl #buckets 4 coarsen threshold 1843 Howl Bitmap #cards 512 size 80 coarsen threshold 460 Card regions per heap region 1 cards per card region 2048
 CPUs: 4 total, 4 available
 Memory: 8072M
 Large Page Support: Disabled
 NUMA Support: Disabled
 Compressed Oops: Enabled (32-bit)
 Heap Region Size: 1M
 Heap Min Capacity: 8M
 Heap Initial Capacity: 128M
 Heap Max Capacity: 2020M
 Pre-touch: Disabled
 Parallel Workers: 4
 Concurrent Workers: 1
 Concurrent Refinement Workers: 4
 Periodic GC: Disabled

Heap:
 garbage-first heap   total 55296K, used 20094K [0x0000000081c00000, 0x0000000100000000)
  region size 1024K, 9 young (9216K), 3 survivors (3072K)
 Metaspace       used 21882K, committed 22208K, reserved 1114112K
  class space    used 2443K, committed 2560K, reserved 1048576K

Heap Regions: E=young(eden), S=young(survivor), O=old, HS=humongous(starts), HC=humongous(continues), CS=collection set, F=free, TAMS=top-at-mark-start, PB=parsable bottom
|   0|0x0000000081c00000, 0x0000000081d00000, 0x0000000081d00000|100%|HS|  |TAMS 0x0000000081c00000| PB 0x0000000081c00000| Complete 
|   1|0x0000000081d00000, 0x0000000081e00000, 0x0000000081e00000|100%|HC|  |TAMS 0x0000000081d00000| PB 0x0000000081d00000| Complete 
|   2|0x0000000081e00000, 0x0000000081f00000, 0x0000000081f00000|100%|HS|  |TAMS 0x0000000081e00000| PB 0x0000000081e00000| Complete 
|   3|0x0000000081f00000, 0x0000000082000000, 0x0000000082000000|100%|HC|  |TAMS 0x0000000081f00000| PB 0x0000000081f00000| Complete 
|   4|0x0000000082000000, 0x0000000082100000, 0x0000000082100000|100%|HC|  |TAMS 0x0000000082000000| PB 0x0000000082000000| Complete 
|   5|0x0000000082100000, 0x0000000082200000, 0x0000000082200000|100%|HC|  |TAMS 0x0000000082100000| PB 0x0000000082100000| Complete 
|   6|0x0000000082200000, 0x0000000082300000, 0x0000000082300000|100%| O|  |TAMS 0x0000000082200000| PB 0x0000000082200000| Untracked 
|   7|0x0000000082300000, 0x0000000082400000, 0x0000000082400000|100%| O|  |TAMS 0x0000000082300000| PB 0x0000000082300000| Untracked 
|   8|0x0000000082400000, 0x0000000082500000, 0x0000000082500000|100%| O|  |TAMS 0x0000000082400000| PB 0x0000000082400000| Untracked 
|   9|0x0000000082500000, 0x0000000082600000, 0x0000000082600000|100%| O|  |TAMS 0x0000000082500000| PB 0x0000000082500000| Untracked 
|  10|0x0000000082600000, 0x00000000826b7cd0, 0x0000000082700000| 71%| O|Cm|TAMS 0x0000000082600000| PB 0x0000000082600000| Complete 
|  11|0x0000000082700000, 0x0000000082800000, 0x0000000082800000|100%|HS|  |TAMS 0x0000000082700000| PB 0x0000000082700000| Complete 
|  12|0x0000000082800000, 0x0000000082900000, 0x0000000082900000|100%|HC|  |TAMS 0x0000000082800000| PB 0x0000000082800000| Complete 
|  13|0x0000000082900000, 0x0000000082900000, 0x0000000082a00000|  0%| F|  |TAMS 0x0000000082900000| PB 0x0000000082900000| Untracked 
|  14|0x0000000082a00000, 0x0000000082a00000, 0x0000000082b00000|  0%| F|  |TAMS 0x0000000082a00000| PB 0x0000000082a00000| Untracked 
|  15|0x0000000082b00000, 0x0000000082b00000, 0x0000000082c00000|  0%| F|  |TAMS 0x0000000082b00000| PB 0x0000000082b00000| Untracked 
|  16|0x0000000082c00000, 0x0000000082c00000, 0x0000000082d00000|  0%| F|  |TAMS 0x0000000082c00000| PB 0x0000000082c00000| Untracked 
|  17|0x0000000082d00000, 0x0000000082d00000, 0x0000000082e00000|  0%| F|  |TAMS 0x0000000082d00000| PB 0x0000000082d00000| Untracked 
|  18|0x0000000082e00000, 0x0000000082e00000, 0x0000000082f00000|  0%| F|  |TAMS 0x0000000082e00000| PB 0x0000000082e00000| Untracked 
|  19|0x0000000082f00000, 0x0000000082f00000, 0x0000000083000000|  0%| F|  |TAMS 0x0000000082f00000| PB 0x0000000082f00000| Untracked 
|  20|0x0000000083000000, 0x0000000083000000, 0x0000000083100000|  0%| F|  |TAMS 0x0000000083000000| PB 0x0000000083000000| Untracked 
|  21|0x0000000083100000, 0x0000000083100000, 0x0000000083200000|  0%| F|  |TAMS 0x0000000083100000| PB 0x0000000083100000| Untracked 
|  22|0x0000000083200000, 0x0000000083200000, 0x0000000083300000|  0%| F|  |TAMS 0x0000000083200000| PB 0x0000000083200000| Untracked 
|  23|0x0000000083300000, 0x0000000083300000, 0x0000000083400000|  0%| F|  |TAMS 0x0000000083300000| PB 0x0000000083300000| Untracked 
|  24|0x0000000083400000, 0x0000000083400000, 0x0000000083500000|  0%| F|  |TAMS 0x0000000083400000| PB 0x0000000083400000| Untracked 
|  25|0x0000000083500000, 0x0000000083500000, 0x0000000083600000|  0%| F|  |TAMS 0x0000000083500000| PB 0x0000000083500000| Untracked 
|  26|0x0000000083600000, 0x0000000083600000, 0x0000000083700000|  0%| F|  |TAMS 0x0000000083600000| PB 0x0000000083600000| Untracked 
|  27|0x0000000083700000, 0x0000000083700000, 0x0000000083800000|  0%| F|  |TAMS 0x0000000083700000| PB 0x0000000083700000| Untracked 
|  28|0x0000000083800000, 0x0000000083800000, 0x0000000083900000|  0%| F|  |TAMS 0x0000000083800000| PB 0x0000000083800000| Untracked 
|  29|0x0000000083900000, 0x0000000083900000, 0x0000000083a00000|  0%| F|  |TAMS 0x0000000083900000| PB 0x0000000083900000| Untracked 
|  30|0x0000000083a00000, 0x0000000083a00000, 0x0000000083b00000|  0%| F|  |TAMS 0x0000000083a00000| PB 0x0000000083a00000| Untracked 
|  31|0x0000000083b00000, 0x0000000083b00000, 0x0000000083c00000|  0%| F|  |TAMS 0x0000000083b00000| PB 0x0000000083b00000| Untracked 
|  32|0x0000000083c00000, 0x0000000083c00000, 0x0000000083d00000|  0%| F|  |TAMS 0x0000000083c00000| PB 0x0000000083c00000| Untracked 
|  33|0x0000000083d00000, 0x0000000083d00000, 0x0000000083e00000|  0%| F|  |TAMS 0x0000000083d00000| PB 0x0000000083d00000| Untracked 
|  34|0x0000000083e00000, 0x0000000083e00000, 0x0000000083f00000|  0%| F|  |TAMS 0x0000000083e00000| PB 0x0000000083e00000| Untracked 
|  35|0x0000000083f00000, 0x0000000083f00000, 0x0000000084000000|  0%| F|  |TAMS 0x0000000083f00000| PB 0x0000000083f00000| Untracked 
|  36|0x0000000084000000, 0x0000000084000000, 0x0000000084100000|  0%| F|  |TAMS 0x0000000084000000| PB 0x0000000084000000| Untracked 
|  37|0x0000000084100000, 0x0000000084100000, 0x0000000084200000|  0%| F|  |TAMS 0x0000000084100000| PB 0x0000000084100000| Untracked 
|  38|0x0000000084200000, 0x0000000084200000, 0x0000000084300000|  0%| F|  |TAMS 0x0000000084200000| PB 0x0000000084200000| Untracked 
|  39|0x0000000084300000, 0x0000000084300000, 0x0000000084400000|  0%| F|  |TAMS 0x0000000084300000| PB 0x0000000084300000| Untracked 
|  40|0x0000000084400000, 0x0000000084400000, 0x0000000084500000|  0%| F|  |TAMS 0x0000000084400000| PB 0x0000000084400000| Untracked 
|  41|0x0000000084500000, 0x0000000084500000, 0x0000000084600000|  0%| F|  |TAMS 0x0000000084500000| PB 0x0000000084500000| Untracked 
|  42|0x0000000084600000, 0x0000000084600000, 0x0000000084700000|  0%| F|  |TAMS 0x0000000084600000| PB 0x0000000084600000| Untracked 
|  43|0x0000000084700000, 0x0000000084700000, 0x0000000084800000|  0%| F|  |TAMS 0x0000000084700000| PB 0x0000000084700000| Untracked 
|  44|0x0000000084800000, 0x0000000084800000, 0x0000000084900000|  0%| F|  |TAMS 0x0000000084800000| PB 0x0000000084800000| Untracked 
|  45|0x0000000084900000, 0x0000000084a00000, 0x0000000084a00000|100%| E|  |TAMS 0x0000000084900000| PB 0x0000000084900000| Complete 
|  46|0x0000000084a00000, 0x0000000084b00000, 0x0000000084b00000|100%| E|CS|TAMS 0x0000000084a00000| PB 0x0000000084a00000| Complete 
|  47|0x0000000084b00000, 0x0000000084c00000, 0x0000000084c00000|100%| E|CS|TAMS 0x0000000084b00000| PB 0x0000000084b00000| Complete 
|  48|0x0000000084c00000, 0x0000000084d00000, 0x0000000084d00000|100%| E|CS|TAMS 0x0000000084c00000| PB 0x0000000084c00000| Complete 
| 112|0x0000000088c00000, 0x0000000088ce7ef0, 0x0000000088d00000| 90%| S|CS|TAMS 0x0000000088c00000| PB 0x0000000088c00000| Complete 
| 113|0x0000000088d00000, 0x0000000088e00000, 0x0000000088e00000|100%| S|CS|TAMS 0x0000000088d00000| PB 0x0000000088d00000| Complete 
| 114|0x0000000088e00000, 0x0000000088f00000, 0x0000000088f00000|100%| S|CS|TAMS 0x0000000088e00000| PB 0x0000000088e00000| Complete 
| 126|0x0000000089a00000, 0x0000000089b00000, 0x0000000089b00000|100%| E|  |TAMS 0x0000000089a00000| PB 0x0000000089a00000| Complete 
| 127|0x0000000089b00000, 0x0000000089c00000, 0x0000000089c00000|100%| E|CS|TAMS 0x0000000089b00000| PB 0x0000000089b00000| Complete 

Card table byte_map: [0x00000285973a0000,0x00000285977a0000] _byte_map_base: 0x0000028596f92000

Marking Bits: (CMBitMap*) 0x00000285fdd5d880
 Bits: [0x00000285977a0000, 0x0000028599730000)

Polling page: 0x00000285fddd0000

Metaspace:

Usage:
  Non-class:     18.98 MB used.
      Class:      2.39 MB used.
       Both:     21.37 MB used.

Virtual space:
  Non-class space:       64.00 MB reserved,      19.19 MB ( 30%) committed,  1 nodes.
      Class space:        1.00 GB reserved,       2.50 MB ( <1%) committed,  1 nodes.
             Both:        1.06 GB reserved,      21.69 MB (  2%) committed. 

Chunk freelists:
   Non-Class:  12.75 MB
       Class:  13.54 MB
        Both:  26.29 MB

MaxMetaspaceSize: unlimited
CompressedClassSpaceSize: 1.00 GB
Initial GC threshold: 21.00 MB
Current GC threshold: 35.31 MB
CDS: on
 - commit_granule_bytes: 65536.
 - commit_granule_words: 8192.
 - virtual_space_node_default_size: 8388608.
 - enlarge_chunks_in_place: 1.
 - use_allocation_guard: 0.


Internal statistics:

num_allocs_failed_limit: 3.
num_arena_births: 252.
num_arena_deaths: 0.
num_vsnodes_births: 2.
num_vsnodes_deaths: 0.
num_space_committed: 347.
num_space_uncommitted: 0.
num_chunks_returned_to_freelist: 3.
num_chunks_taken_from_freelist: 501.
num_chunk_merges: 0.
num_chunk_splits: 296.
num_chunks_enlarged: 168.
num_inconsistent_stats: 0.

CodeHeap 'non-profiled nmethods': size=120000Kb used=1419Kb max_used=1419Kb free=118580Kb
 bounds [0x000002858fe70000, 0x00000285900e0000, 0x00000285973a0000]
CodeHeap 'profiled nmethods': size=120000Kb used=6096Kb max_used=6096Kb free=113903Kb
 bounds [0x00000285883a0000, 0x00000285889a0000, 0x000002858f8d0000]
CodeHeap 'non-nmethods': size=5760Kb used=1779Kb max_used=1819Kb free=3981Kb
 bounds [0x000002858f8d0000, 0x000002858fb40000, 0x000002858fe70000]
 total_blobs=3810 nmethods=3014 adapters=700
 compilation: enabled
              stopped_count=0, restarted_count=0
 full_count=0

Compilation events (20 events):
Event: 75.600 Thread 0x000002859bd7b670 nmethod 3001 0x0000028588988690 code [0x0000028588988820, 0x0000028588988988]
Event: 80.605 Thread 0x000002859bd7b670 3002       3       java.io.WinNTFileSystem::isLetter (30 bytes)
Event: 80.606 Thread 0x000002859bd7b670 nmethod 3002 0x0000028588988a10 code [0x0000028588988bc0, 0x0000028588988dc8]
Event: 110.661 Thread 0x000002859bd7b670 3003       3       sun.net.www.ParseUtil::encodePath (41 bytes)
Event: 110.662 Thread 0x000002859bd7b670 nmethod 3003 0x0000028588988e90 code [0x0000028588989060, 0x00000285889892d0]
Event: 115.674 Thread 0x000002859bd7b670 3004       3       java.net.URL::<init> (8 bytes)
Event: 115.674 Thread 0x000002859bd7b670 nmethod 3004 0x0000028588989390 code [0x0000028588989540, 0x0000028588989688]
Event: 115.674 Thread 0x000002859bd7b670 3005   !   3       java.net.URL::<init> (543 bytes)
Event: 115.690 Thread 0x000002859bd7b670 nmethod 3005 0x0000028588989710 code [0x0000028588989d20, 0x000002858898d130]
Event: 120.678 Thread 0x000002859bd7b670 3006       3       jdk.internal.loader.Resource::<init> (5 bytes)
Event: 120.678 Thread 0x000002859bd7b670 nmethod 3006 0x000002858898ee90 code [0x000002858898f040, 0x000002858898f1a8]
Event: 125.686 Thread 0x000002859bd7b670 3007       3       sun.net.util.IPAddressUtil::checkHostString (64 bytes)
Event: 125.686 Thread 0x000002859bd7b670 nmethod 3007 0x000002858898f290 code [0x000002858898f460, 0x000002858898f670]
Event: 125.686 Thread 0x000002859bd7b670 3008       3       java.io.File::isInvalid (47 bytes)
Event: 125.687 Thread 0x000002859bd7b670 nmethod 3008 0x000002858898f710 code [0x000002858898f8e0, 0x000002858898fb88]
Event: 155.754 Thread 0x000002859bd7b670 3009       3       java.util.concurrent.locks.LockSupport::setBlocker (12 bytes)
Event: 155.754 Thread 0x000002859bd7b670 nmethod 3009 0x000002858898fc10 code [0x000002858898fdc0, 0x000002858898ffc0]
Event: 170.799 Thread 0x000002859bd7b670 3010       3       java.io.WinNTFileSystem::prefixLength (91 bytes)
Event: 170.800 Thread 0x000002859bd7b670 nmethod 3010 0x0000028588990090 code [0x00000285889903a0, 0x0000028588991758]
Event: 21118.893 Thread 0x000002859bd78fb0 3011       4       java.util.HashMap$KeyIterator::next (8 bytes)

GC Heap History (6 events):
Event: 1.786 GC heap before
{Heap before GC invocations=0 (full 0):
 garbage-first heap   total 131072K, used 19456K [0x0000000081c00000, 0x0000000100000000)
  region size 1024K, 13 young (13312K), 0 survivors (0K)
 Metaspace       used 11279K, committed 11520K, reserved 1114112K
  class space    used 1318K, committed 1408K, reserved 1048576K
}
Event: 1.814 GC heap after
{Heap after GC invocations=1 (full 0):
 garbage-first heap   total 131072K, used 10552K [0x0000000081c00000, 0x0000000100000000)
  region size 1024K, 2 young (2048K), 2 survivors (2048K)
 Metaspace       used 11279K, committed 11520K, reserved 1114112K
  class space    used 1318K, committed 1408K, reserved 1048576K
}
Event: 6.463 GC heap before
{Heap before GC invocations=1 (full 0):
 garbage-first heap   total 131072K, used 21816K [0x0000000081c00000, 0x0000000100000000)
  region size 1024K, 13 young (13312K), 2 survivors (2048K)
 Metaspace       used 16499K, committed 16704K, reserved 1114112K
  class space    used 1860K, committed 1984K, reserved 1048576K
}
Event: 6.470 GC heap after
{Heap after GC invocations=2 (full 0):
 garbage-first heap   total 131072K, used 13023K [0x0000000081c00000, 0x0000000100000000)
  region size 1024K, 2 young (2048K), 2 survivors (2048K)
 Metaspace       used 16499K, committed 16704K, reserved 1114112K
  class space    used 1860K, committed 1984K, reserved 1048576K
}
Event: 25.512 GC heap before
{Heap before GC invocations=2 (full 0):
 garbage-first heap   total 131072K, used 22239K [0x0000000081c00000, 0x0000000100000000)
  region size 1024K, 13 young (13312K), 2 survivors (2048K)
 Metaspace       used 21230K, committed 21504K, reserved 1114112K
  class space    used 2362K, committed 2496K, reserved 1048576K
}
Event: 25.524 GC heap after
{Heap after GC invocations=3 (full 0):
 garbage-first heap   total 131072K, used 13950K [0x0000000081c00000, 0x0000000100000000)
  region size 1024K, 3 young (3072K), 3 survivors (3072K)
 Metaspace       used 21230K, committed 21504K, reserved 1114112K
  class space    used 2362K, committed 2496K, reserved 1048576K
}

Dll operation events (12 events):
Event: 0.020 Loaded shared library C:\Program Files\Java\jdk-21\bin\java.dll
Event: 0.072 Loaded shared library C:\Program Files\Java\jdk-21\bin\jsvml.dll
Event: 0.126 Loaded shared library C:\Program Files\Java\jdk-21\bin\net.dll
Event: 0.129 Loaded shared library C:\Program Files\Java\jdk-21\bin\nio.dll
Event: 0.183 Loaded shared library C:\Program Files\Java\jdk-21\bin\zip.dll
Event: 0.210 Loaded shared library C:\Program Files\Java\jdk-21\bin\jimage.dll
Event: 0.262 Loaded shared library C:\Program Files\Java\jdk-21\bin\awt.dll
Event: 0.447 Loaded shared library C:\Program Files\Java\jdk-21\bin\freetype.dll
Event: 0.447 Loaded shared library C:\Program Files\Java\jdk-21\bin\fontmanager.dll
Event: 0.898 Loaded shared library C:\Program Files\Java\jdk-21\bin\javajpeg.dll
Event: 6.203 Loaded shared library C:\Program Files\Java\jdk-21\bin\extnet.dll
Event: 6.382 Loaded shared library C:\Program Files\Java\jdk-21\bin\sunmscapi.dll

Deoptimization events (20 events):
Event: 26.888 Thread 0x00000285e1f87920 DEOPT PACKING pc=0x00000285888edf75 sp=0x0000009d073fbfd0
Event: 26.888 Thread 0x00000285e1f87920 DEOPT UNPACKING pc=0x000002858f924e42 sp=0x0000009d073fb420 mode 0
Event: 27.162 Thread 0x00000285e1f87920 DEOPT PACKING pc=0x00000285888edf75 sp=0x0000009d073fb3d0
Event: 27.163 Thread 0x00000285e1f87920 DEOPT UNPACKING pc=0x000002858f924e42 sp=0x0000009d073fa820 mode 0
Event: 27.165 Thread 0x00000285e1f87920 Uncommon trap: trap_request=0xffffff45 fr.pc=0x000002858ff98118 relative=0x0000000000002438
Event: 27.165 Thread 0x00000285e1f87920 Uncommon trap: reason=unstable_if action=reinterpret pc=0x000002858ff98118 method=sun.java2d.marlin.Renderer._endRendering(II)V @ 2459 c2
Event: 27.165 Thread 0x00000285e1f87920 DEOPT PACKING pc=0x000002858ff98118 sp=0x0000009d073fb4c0
Event: 27.165 Thread 0x00000285e1f87920 DEOPT UNPACKING pc=0x000002858f9246a2 sp=0x0000009d073fb2a0 mode 2
Event: 27.960 Thread 0x00000285e1f87920 DEOPT PACKING pc=0x000002858892780d sp=0x0000009d073fb3f0
Event: 27.960 Thread 0x00000285e1f87920 DEOPT UNPACKING pc=0x000002858f924e42 sp=0x0000009d073fa7d0 mode 0
Event: 27.973 Thread 0x00000285e1f87920 DEOPT PACKING pc=0x000002858892780d sp=0x0000009d073fbff0
Event: 27.973 Thread 0x00000285e1f87920 DEOPT UNPACKING pc=0x000002858f924e42 sp=0x0000009d073fb3d0 mode 0
Event: 28.752 Thread 0x00000285e1f87920 DEOPT PACKING pc=0x000002858892780d sp=0x0000009d073fcc90
Event: 28.752 Thread 0x00000285e1f87920 DEOPT UNPACKING pc=0x000002858f924e42 sp=0x0000009d073fc070 mode 0
Event: 28.808 Thread 0x00000285e1f87920 DEOPT PACKING pc=0x000002858892780d sp=0x0000009d073fd150
Event: 28.809 Thread 0x00000285e1f87920 DEOPT UNPACKING pc=0x000002858f924e42 sp=0x0000009d073fc530 mode 0
Event: 30.345 Thread 0x00000285e1f87920 DEOPT PACKING pc=0x00000285889279e1 sp=0x0000009d073fd3f0
Event: 30.345 Thread 0x00000285e1f87920 DEOPT UNPACKING pc=0x000002858f924e42 sp=0x0000009d073fc7d0 mode 0
Event: 34.417 Thread 0x00000285e1f87920 DEOPT PACKING pc=0x0000028588901efd sp=0x0000009d073fd5f0
Event: 34.418 Thread 0x00000285e1f87920 DEOPT UNPACKING pc=0x000002858f924e42 sp=0x0000009d073fc9e8 mode 0

Classes loaded (20 events):
Event: 27.033 Loading class java/awt/Window$1DisposeAction done
Event: 27.040 Loading class java/awt/LightweightDispatcher$2
Event: 27.041 Loading class java/awt/LightweightDispatcher$2 done
Event: 27.899 Loading class java/lang/StringIndexOutOfBoundsException
Event: 27.899 Loading class java/lang/StringIndexOutOfBoundsException done
Event: 27.908 Loading class java/util/concurrent/atomic/AtomicReferenceFieldUpdater
Event: 27.908 Loading class java/util/concurrent/atomic/AtomicReferenceFieldUpdater done
Event: 27.908 Loading class java/util/concurrent/atomic/AtomicReferenceFieldUpdater$AtomicReferenceFieldUpdaterImpl
Event: 27.909 Loading class java/util/concurrent/atomic/AtomicReferenceFieldUpdater$AtomicReferenceFieldUpdaterImpl done
Event: 27.909 Loading class java/util/concurrent/atomic/AtomicReferenceFieldUpdater$AtomicReferenceFieldUpdaterImpl$1
Event: 27.909 Loading class java/util/concurrent/atomic/AtomicReferenceFieldUpdater$AtomicReferenceFieldUpdaterImpl$1 done
Event: 136.282 Loading class java/awt/desktop/SystemSleepListener
Event: 136.282 Loading class java/awt/desktop/SystemEventListener
Event: 136.282 Loading class java/awt/desktop/SystemEventListener done
Event: 136.282 Loading class java/awt/desktop/SystemSleepListener done
Event: 21118.193 Loading class java/util/WeakHashMap$KeyIterator
Event: 21118.711 Loading class java/util/WeakHashMap$HashIterator
Event: 21118.892 Loading class java/util/WeakHashMap$HashIterator done
Event: 21118.892 Loading class java/util/WeakHashMap$KeyIterator done
Event: 21118.894 Loading class javax/swing/RepaintManager$DisplayChangedRunnable

Classes unloaded (0 events):
No events

Classes redefined (0 events):
No events

Internal exceptions (20 events):
Event: 0.719 Thread 0x00000285e1f87920 Exception <a 'java/lang/NoSuchMethodError'{0x00000000895510a0}: 'int java.lang.invoke.DirectMethodHandle$Holder.invokeSpecial(java.lang.Object, java.lang.Object, java.lang.Object)'> (0x00000000895510a0) 
thrown [s\open\src\hotspot\share\interpreter\linkResolver.cpp, line 773]
Event: 0.900 Thread 0x00000285e20cd2d0 Exception <a 'java/lang/NoSuchMethodError'{0x00000000893a46a0}: 'java.lang.Object java.lang.invoke.DirectMethodHandle$Holder.newInvokeSpecial(java.lang.Object, java.lang.Object, java.lang.Object, int, int, int, int, int)'> (0x00000000893a46a0) 
thrown [s\open\src\hotspot\share\interpreter\linkResolver.cpp, line 773]
Event: 0.948 Thread 0x00000285e131eb10 Exception <a 'java/lang/NoSuchMethodError'{0x00000000898d66a8}: 'void java.lang.invoke.DirectMethodHandle$Holder.invokeVirtual(java.lang.Object, java.lang.Object)'> (0x00000000898d66a8) 
thrown [s\open\src\hotspot\share\interpreter\linkResolver.cpp, line 773]
Event: 0.966 Thread 0x00000285e1f87920 Exception <a 'java/lang/NoSuchMethodError'{0x0000000089191df0}: 'void java.lang.invoke.DirectMethodHandle$Holder.invokeStaticInit(java.lang.Object)'> (0x0000000089191df0) 
thrown [s\open\src\hotspot\share\interpreter\linkResolver.cpp, line 773]
Event: 5.938 Thread 0x00000285e1f87920 Exception <a 'java/lang/NoSuchMethodError'{0x0000000089962808}: 'void java.lang.invoke.DirectMethodHandle$Holder.invokeStatic(java.lang.Object, java.lang.Object)'> (0x0000000089962808) 
thrown [s\open\src\hotspot\share\interpreter\linkResolver.cpp, line 773]
Event: 6.050 Thread 0x00000285e1f87920 Exception <a 'java/lang/NoSuchMethodError'{0x000000008982b548}: 'java.lang.Object java.lang.invoke.DirectMethodHandle$Holder.invokeInterface(java.lang.Object, java.lang.Object)'> (0x000000008982b548) 
thrown [s\open\src\hotspot\share\interpreter\linkResolver.cpp, line 773]
Event: 6.074 Thread 0x00000285e1f87920 Exception <a 'java/lang/NoSuchMethodError'{0x00000000898a4e60}: 'void java.lang.invoke.DirectMethodHandle$Holder.invokeStatic(java.lang.Object, java.lang.Object, java.lang.Object)'> (0x00000000898a4e60) 
thrown [s\open\src\hotspot\share\interpreter\linkResolver.cpp, line 773]
Event: 6.075 Thread 0x00000285e1f87920 Exception <a 'java/lang/NoSuchMethodError'{0x00000000898ae078}: 'java.lang.Object java.lang.invoke.DirectMethodHandle$Holder.invokeVirtual(java.lang.Object, java.lang.Object, java.lang.Object)'> (0x00000000898ae078) 
thrown [s\open\src\hotspot\share\interpreter\linkResolver.cpp, line 773]
Event: 6.313 Thread 0x00000285e1f87920 Exception <a 'java/lang/NoSuchMethodError'{0x000000008925d0b8}: 'void java.lang.invoke.DirectMethodHandle$Holder.invokeStaticInit(java.lang.Object, java.lang.Object)'> (0x000000008925d0b8) 
thrown [s\open\src\hotspot\share\interpreter\linkResolver.cpp, line 773]
Event: 6.433 Thread 0x00000285e1f87920 Exception <a 'sun/nio/fs/WindowsException'{0x00000000891afcd8}> (0x00000000891afcd8) 
thrown [s\open\src\hotspot\share\prims\jni.cpp, line 520]
Event: 6.494 Thread 0x00000285e1f87920 Exception <a 'java/lang/NoSuchMethodError'{0x0000000089ba7ce8}: 'java.lang.Object java.lang.invoke.DirectMethodHandle$Holder.invokeStaticInit(java.lang.Object, int, int, int, int)'> (0x0000000089ba7ce8) 
thrown [s\open\src\hotspot\share\interpreter\linkResolver.cpp, line 773]
Event: 6.516 Thread 0x00000285e1f87920 Exception <a 'java/lang/NoSuchMethodError'{0x0000000089bfa570}: 'java.lang.Object java.lang.invoke.DirectMethodHandle$Holder.invokeStaticInit(java.lang.Object, java.lang.Object, int, int, int, int)'> (0x0000000089bfa570) 
thrown [s\open\src\hotspot\share\interpreter\linkResolver.cpp, line 773]
Event: 6.815 Thread 0x00000285e1f87920 Exception <a 'java/lang/NoSuchMethodError'{0x000000008985fbc0}: 'void java.lang.invoke.DirectMethodHandle$Holder.invokeStatic(java.lang.Object, java.lang.Object, java.lang.Object, java.lang.Object)'> (0x000000008985fbc0) 
thrown [s\open\src\hotspot\share\interpreter\linkResolver.cpp, line 773]
Event: 6.844 Thread 0x00000285e1f87920 Exception <a 'java/lang/NoSuchMethodError'{0x00000000898b5fa8}: 'void java.lang.invoke.DirectMethodHandle$Holder.invokeInterface(java.lang.Object, java.lang.Object, java.lang.Object, java.lang.Object)'> (0x00000000898b5fa8) 
thrown [s\open\src\hotspot\share\interpreter\linkResolver.cpp, line 773]
Event: 8.337 Thread 0x00000285e1f87920 Implicit null exception at 0x000002858ff2aa8e to 0x000002858ff2afcf
Event: 8.338 Thread 0x00000285e1f87920 Implicit null exception at 0x000002858fee09e8 to 0x000002858fee1050
Event: 8.338 Thread 0x00000285e1f87920 Implicit null exception at 0x000002858ff2aa8e to 0x000002858ff2afcf
Event: 8.340 Thread 0x00000285e1f87920 Implicit null exception at 0x000002858fee09e8 to 0x000002858fee1050
Event: 8.341 Thread 0x00000285e1f87920 Implicit null exception at 0x000002858ff2aa8e to 0x000002858ff2afcf
Event: 25.657 Thread 0x00000285e1f87920 Exception <a 'java/lang/NoSuchMethodError'{0x0000000089b23a18}: 'int java.lang.invoke.DirectMethodHandle$Holder.invokeStatic(java.lang.Object)'> (0x0000000089b23a18) 
thrown [s\open\src\hotspot\share\interpreter\linkResolver.cpp, line 773]

ZGC Phase Switch (0 events):
No events

VM Operations (20 events):
Event: 27.603 Executing VM operation: Cleanup
Event: 27.603 Executing VM operation: Cleanup done
Event: 28.659 Executing VM operation: Cleanup
Event: 28.659 Executing VM operation: Cleanup done
Event: 29.663 Executing VM operation: Cleanup
Event: 29.664 Executing VM operation: Cleanup done
Event: 30.668 Executing VM operation: Cleanup
Event: 30.668 Executing VM operation: Cleanup done
Event: 31.674 Executing VM operation: Cleanup
Event: 31.674 Executing VM operation: Cleanup done
Event: 32.680 Executing VM operation: Cleanup
Event: 32.680 Executing VM operation: Cleanup done
Event: 36.703 Executing VM operation: Cleanup
Event: 36.703 Executing VM operation: Cleanup done
Event: 60.165 Executing VM operation: HandshakeAllThreads (HandshakeForDeflation)
Event: 60.165 Executing VM operation: HandshakeAllThreads (HandshakeForDeflation) done
Event: 60.165 Executing VM operation: RendezvousGCThreads
Event: 60.165 Executing VM operation: RendezvousGCThreads done
Event: 121.676 Executing VM operation: Cleanup
Event: 121.677 Executing VM operation: Cleanup done

Events (20 events):
Event: 0.106 Thread 0x000002859bd268b0 Thread added: 0x000002859bd268b0
Event: 0.174 Thread 0x00000285e115db70 Thread added: 0x00000285e115db70
Event: 0.186 Thread 0x00000285e1195aa0 Thread added: 0x00000285e1195aa0
Event: 0.347 Thread 0x00000285e1319520 Thread added: 0x00000285e1319520
Event: 0.349 Thread 0x00000285e1319b90 Thread added: 0x00000285e1319b90
Event: 0.351 Thread 0x00000285e131eb10 Thread added: 0x00000285e131eb10
Event: 0.635 Thread 0x00000285e1195aa0 Thread exited: 0x00000285e1195aa0
Event: 0.663 Thread 0x00000285e1f87920 Thread added: 0x00000285e1f87920
Event: 0.664 Thread 0x00000285fdd09630 Thread exited: 0x00000285fdd09630
Event: 0.664 Thread 0x00000285fdd09630 Thread added: 0x00000285fdd09630
Event: 0.815 Thread 0x00000285e20cd2d0 Thread added: 0x00000285e20cd2d0
Event: 1.271 Thread 0x00000285e24cbea0 Thread added: 0x00000285e24cbea0
Event: 5.941 Thread 0x00000285e2501770 Thread added: 0x00000285e2501770
Event: 5.943 Thread 0x00000285e20cd2d0 Thread exited: 0x00000285e20cd2d0
Event: 6.113 Thread 0x00000285e114d2d0 Thread added: 0x00000285e114d2d0
Event: 7.159 Thread 0x00000285e114d2d0 Thread exited: 0x00000285e114d2d0
Event: 25.165 Thread 0x00000285e3cd5150 Thread added: 0x00000285e3cd5150
Event: 25.525 Thread 0x00000285e3cd5150 Thread exited: 0x00000285e3cd5150
Event: 28.905 Thread 0x00000285e23a90f0 Thread added: 0x00000285e23a90f0
Event: 29.836 Thread 0x00000285e23a90f0 Thread exited: 0x00000285e23a90f0


Dynamic libraries:
0x00007ff78eb20000 - 0x00007ff78eb30000 	C:\Program Files\Java\jdk-21\bin\java.exe
0x00007ffb75330000 - 0x00007ffb75528000 	C:\WINDOWS\SYSTEM32\ntdll.dll
0x00007ffb74f70000 - 0x00007ffb7502d000 	C:\WINDOWS\System32\KERNEL32.DLL
0x00007ffb72d50000 - 0x00007ffb73046000 	C:\WINDOWS\System32\KERNELBASE.dll
0x00007ffb6c420000 - 0x00007ffb6c4b0000 	C:\WINDOWS\SYSTEM32\apphelp.dll
0x00007ffb73350000 - 0x00007ffb73450000 	C:\WINDOWS\System32\ucrtbase.dll
0x00007ffb69710000 - 0x00007ffb6972b000 	C:\Program Files\Java\jdk-21\bin\VCRUNTIME140.dll
0x00007ffb67cf0000 - 0x00007ffb67d09000 	C:\Program Files\Java\jdk-21\bin\jli.dll
0x00007ffb74820000 - 0x00007ffb748d0000 	C:\WINDOWS\System32\ADVAPI32.dll
0x00007ffb75250000 - 0x00007ffb752ee000 	C:\WINDOWS\System32\msvcrt.dll
0x00007ffb74370000 - 0x00007ffb74410000 	C:\WINDOWS\System32\sechost.dll
0x00007ffb744c0000 - 0x00007ffb745e3000 	C:\WINDOWS\System32\RPCRT4.dll
0x00007ffb72ad0000 - 0x00007ffb72af7000 	C:\WINDOWS\System32\bcrypt.dll
0x00007ffb74a00000 - 0x00007ffb74b9f000 	C:\WINDOWS\System32\USER32.dll
0x00007ffb71f30000 - 0x00007ffb721ca000 	C:\WINDOWS\WinSxS\amd64_microsoft.windows.common-controls_6595b64144ccf1df_6.0.19041.3636_none_60b6a03d71f818d5\COMCTL32.dll
0x00007ffb73170000 - 0x00007ffb73192000 	C:\WINDOWS\System32\win32u.dll
0x00007ffb75030000 - 0x00007ffb7505b000 	C:\WINDOWS\System32\GDI32.dll
0x00007ffb73050000 - 0x00007ffb73167000 	C:\WINDOWS\System32\gdi32full.dll
0x00007ffb72bb0000 - 0x00007ffb72c4d000 	C:\WINDOWS\System32\msvcp_win.dll
0x00007ffb68c30000 - 0x00007ffb68c3a000 	C:\WINDOWS\SYSTEM32\VERSION.dll
0x00007ffb738c0000 - 0x00007ffb738f2000 	C:\WINDOWS\System32\IMM32.DLL
0x00007ffb6a1c0000 - 0x00007ffb6a1cc000 	C:\Program Files\Java\jdk-21\bin\vcruntime140_1.dll
0x00007ffb1a8c0000 - 0x00007ffb1a94e000 	C:\Program Files\Java\jdk-21\bin\msvcp140.dll
0x00007ffaff6f0000 - 0x00007ffb00407000 	C:\Program Files\Java\jdk-21\bin\server\jvm.dll
0x00007ffb74ba0000 - 0x00007ffb74c0b000 	C:\WINDOWS\System32\WS2_32.dll
0x00007ffb729a0000 - 0x00007ffb729eb000 	C:\WINDOWS\SYSTEM32\POWRPROF.dll
0x00007ffb5b5d0000 - 0x00007ffb5b5f7000 	C:\WINDOWS\SYSTEM32\WINMM.dll
0x00007ffb72910000 - 0x00007ffb72922000 	C:\WINDOWS\SYSTEM32\UMPDC.dll
0x00007ffb70df0000 - 0x00007ffb70e02000 	C:\WINDOWS\SYSTEM32\kernel.appcore.dll
0x00007ffb654e0000 - 0x00007ffb654ea000 	C:\Program Files\Java\jdk-21\bin\jimage.dll
0x00007ffb72540000 - 0x00007ffb72724000 	C:\WINDOWS\SYSTEM32\DBGHELP.DLL
0x00007ffb723a0000 - 0x00007ffb723d4000 	C:\WINDOWS\SYSTEM32\dbgcore.DLL
0x00007ffb72c50000 - 0x00007ffb72cd2000 	C:\WINDOWS\System32\bcryptPrimitives.dll
0x00007ffb64350000 - 0x00007ffb6436f000 	C:\Program Files\Java\jdk-21\bin\java.dll
0x00007ffb739b0000 - 0x00007ffb7411b000 	C:\WINDOWS\System32\SHELL32.dll
0x00007ffb6cd00000 - 0x00007ffb6d49e000 	C:\WINDOWS\SYSTEM32\windows.storage.dll
0x00007ffb74c10000 - 0x00007ffb74f63000 	C:\WINDOWS\System32\combase.dll
0x00007ffb71c60000 - 0x00007ffb71c8e000 	C:\WINDOWS\SYSTEM32\Wldp.dll
0x00007ffb74200000 - 0x00007ffb742cd000 	C:\WINDOWS\System32\OLEAUT32.dll
0x00007ffb74410000 - 0x00007ffb744bd000 	C:\WINDOWS\System32\SHCORE.dll
0x00007ffb745f0000 - 0x00007ffb74645000 	C:\WINDOWS\System32\shlwapi.dll
0x00007ffb72a00000 - 0x00007ffb72a23000 	C:\WINDOWS\SYSTEM32\profapi.dll
0x00007ffb1a590000 - 0x00007ffb1a667000 	C:\Program Files\Java\jdk-21\bin\jsvml.dll
0x00007ffb64340000 - 0x00007ffb64350000 	C:\Program Files\Java\jdk-21\bin\net.dll
0x00007ffb68c40000 - 0x00007ffb68d4a000 	C:\WINDOWS\SYSTEM32\WINHTTP.dll
0x00007ffb71ad0000 - 0x00007ffb71b3a000 	C:\WINDOWS\system32\mswsock.dll
0x00007ffb503f0000 - 0x00007ffb50406000 	C:\Program Files\Java\jdk-21\bin\nio.dll
0x00007ffb4f6b0000 - 0x00007ffb4f6c8000 	C:\Program Files\Java\jdk-21\bin\zip.dll
0x00007ffb13470000 - 0x00007ffb135ff000 	C:\Program Files\Java\jdk-21\bin\awt.dll
0x00007ffb6c570000 - 0x00007ffb6c60e000 	C:\WINDOWS\system32\uxtheme.dll
0x00007ffb75130000 - 0x00007ffb75245000 	C:\WINDOWS\System32\MSCTF.dll
0x00007ffb748d0000 - 0x00007ffb749fb000 	C:\WINDOWS\System32\ole32.dll
0x00007ffb6c780000 - 0x00007ffb6c7af000 	C:\WINDOWS\system32\DWMAPI.DLL
0x00007ffb1a720000 - 0x00007ffb1a7a7000 	C:\Program Files\Java\jdk-21\bin\freetype.dll
0x00007ffb19c00000 - 0x00007ffb19ce2000 	C:\Program Files\Java\jdk-21\bin\fontmanager.dll
0x00007ffb43e00000 - 0x00007ffb43f25000 	C:\WINDOWS\system32\opengl32.dll
0x00007ffb58740000 - 0x00007ffb5876c000 	C:\WINDOWS\SYSTEM32\GLU32.dll
0x00007ffb5ae00000 - 0x00007ffb5ae2e000 	C:\Program Files\Java\jdk-21\bin\javajpeg.dll
0x00007ffb73900000 - 0x00007ffb739a9000 	C:\WINDOWS\System32\clbcatq.dll
0x00007ffb65800000 - 0x00007ffb659b4000 	C:\WINDOWS\SYSTEM32\WindowsCodecs.dll
0x00007ffb66f60000 - 0x00007ffb66f9e000 	C:\WINDOWS\system32\dataexchange.dll
0x00007ffb6b060000 - 0x00007ffb6b2c3000 	C:\WINDOWS\system32\d3d11.dll
0x00007ffb6b5a0000 - 0x00007ffb6b785000 	C:\WINDOWS\system32\dcomp.dll
0x00007ffb70e10000 - 0x00007ffb70f03000 	C:\WINDOWS\system32\dxgi.dll
0x00007ffb65f50000 - 0x00007ffb66153000 	C:\WINDOWS\system32\twinapi.appcore.dll
0x00007ffb659c0000 - 0x00007ffb65ab9000 	C:\WINDOWS\SYSTEM32\textinputframework.dll
0x00007ffb6c1c0000 - 0x00007ffb6c2b2000 	C:\WINDOWS\System32\CoreMessaging.dll
0x00007ffb6bcd0000 - 0x00007ffb6c02b000 	C:\WINDOWS\System32\CoreUIComponents.dll
0x00007ffb72730000 - 0x00007ffb72763000 	C:\WINDOWS\SYSTEM32\ntmarta.dll
0x00007ffb6b2e0000 - 0x00007ffb6b437000 	C:\WINDOWS\SYSTEM32\wintypes.dll
0x00007ffb71820000 - 0x00007ffb718eb000 	C:\WINDOWS\SYSTEM32\DNSAPI.dll
0x00007ffb717e0000 - 0x00007ffb7181b000 	C:\WINDOWS\SYSTEM32\IPHLPAPI.DLL
0x00007ffb74810000 - 0x00007ffb74818000 	C:\WINDOWS\System32\NSI.dll
0x000000006d5a0000 - 0x000000006d5c6000 	C:\Program Files\Bonjour\mdnsNSP.dll
0x00007ffb654b0000 - 0x00007ffb654ba000 	C:\Windows\System32\rasadhlp.dll
0x00007ffb66540000 - 0x00007ffb665c0000 	C:\WINDOWS\System32\fwpuclnt.dll
0x00007ffb51df0000 - 0x00007ffb51df9000 	C:\Program Files\Java\jdk-21\bin\extnet.dll
0x00007ffb44660000 - 0x00007ffb4466e000 	C:\Program Files\Java\jdk-21\bin\sunmscapi.dll
0x00007ffb731a0000 - 0x00007ffb732fe000 	C:\WINDOWS\System32\CRYPT32.dll
0x00007ffb71e10000 - 0x00007ffb71e38000 	C:\WINDOWS\SYSTEM32\ncrypt.dll
0x00007ffb71d20000 - 0x00007ffb71d5b000 	C:\WINDOWS\SYSTEM32\NTASN1.dll
0x00007ffb727d0000 - 0x00007ffb727e8000 	C:\WINDOWS\SYSTEM32\CRYPTSP.dll
0x00007ffb71480000 - 0x00007ffb714b4000 	C:\WINDOWS\system32\rsaenh.dll
0x00007ffb72970000 - 0x00007ffb7299e000 	C:\WINDOWS\SYSTEM32\USERENV.dll
0x00007ffb71d60000 - 0x00007ffb71d6c000 	C:\WINDOWS\SYSTEM32\CRYPTBASE.dll

dbghelp: loaded successfully - version: 4.0.5 - missing functions: none
symbol engine: initialized successfully - sym options: 0x614 - pdb path: .;C:\Program Files\Java\jdk-21\bin;C:\WINDOWS\SYSTEM32;C:\WINDOWS\WinSxS\amd64_microsoft.windows.common-controls_6595b64144ccf1df_6.0.19041.3636_none_60b6a03d71f818d5;C:\Program Files\Java\jdk-21\bin\server;C:\Program Files\Bonjour

VM Arguments:
jvm_args: -Dfile.encoding=UTF-8 --module-path=C:\Users\HP\Documents\NetBeansProjects\JavaApplication1\build\classes 
java_command: waterusagerecord
java_class_path (initial): C:\Program Files\NetBeans-21\netbeans\java\modules\ext\AbsoluteLayout.jar;C:\Users\HP\Desktop\tata\mysql-connector-j-8.4.0\mysql-connector-j-8.4.0\mysql-connector-j-8.4.0.jar;C:\Users\HP\Desktop\rs2xml.jar;C:\Users\HP\Documents\NetBeansProjects\JavaApplication1\build\classes
Launcher Type: SUN_STANDARD

[Global flags]
     intx CICompilerCount                          = 3                                         {product} {ergonomic}
     uint ConcGCThreads                            = 1                                         {product} {ergonomic}
     uint G1ConcRefinementThreads                  = 4                                         {product} {ergonomic}
   size_t G1HeapRegionSize                         = 1048576                                   {product} {ergonomic}
    uintx GCDrainStackTargetSize                   = 64                                        {product} {ergonomic}
   size_t InitialHeapSize                          = 134217728                                 {product} {ergonomic}
   size_t MarkStackSize                            = 4194304                                   {product} {ergonomic}
   size_t MaxHeapSize                              = 2118123520                                {product} {ergonomic}
   size_t MaxNewSize                               = 1270874112                                {product} {ergonomic}
   size_t MinHeapDeltaBytes                        = 1048576                                   {product} {ergonomic}
   size_t MinHeapSize                              = 8388608                                   {product} {ergonomic}
    uintx NonNMethodCodeHeapSize                   = 5832780                                {pd product} {ergonomic}
    uintx NonProfiledCodeHeapSize                  = 122912730                              {pd product} {ergonomic}
    uintx ProfiledCodeHeapSize                     = 122912730                              {pd product} {ergonomic}
    uintx ReservedCodeCacheSize                    = 251658240                              {pd product} {ergonomic}
     bool SegmentedCodeCache                       = true                                      {product} {ergonomic}
   size_t SoftMaxHeapSize                          = 2118123520                             {manageable} {ergonomic}
     bool UseCompressedOops                        = true                           {product lp64_product} {ergonomic}
     bool UseG1GC                                  = true                                      {product} {ergonomic}
     bool UseLargePagesIndividualAllocation        = false                                  {pd product} {ergonomic}

Logging:
Log output configuration:
 #0: stdout all=warning uptime,level,tags foldmultilines=false
 #1: stderr all=off uptime,level,tags foldmultilines=false

Environment Variables:
PATH=C:\MinGW\bin;C:\Program Files\Java\jdk-21\bin;C:\Program Files\nodejs;C:\Program Files\MySQL\MySQL Server 8.0\bin;C:\Program Files\Git\cmd;C:\WINDOWS\system32;C:\WINDOWS;C:\WINDOWS\System32\Wbem;C:\WINDOWS\System32\WindowsPowerShell\v1.0\;C:\WINDOWS\System32\OpenSSH\;C:\Program Files\MySQL\MySQL Shell 8.0\bin\;C:\MinGW\bin;C:\Users\HP\AppData\Local\Programs\Microsoft VS Code\bin;C:\Users\HP\AppData\Local\Programs\Hyper\resources\bin;C:\Users\HP\AppData\Local\Microsoft\WindowsApps;
USERNAME=HP
OS=Windows_NT
PROCESSOR_IDENTIFIER=Intel64 Family 6 Model 78 Stepping 3, GenuineIntel
TMP=C:\Users\HP\AppData\Local\Temp
TEMP=C:\Users\HP\AppData\Local\Temp




Periodic native trim disabled

---------------  S Y S T E M  ---------------

OS:
 Windows 10 , 64 bit Build 19041 (10.0.19041.3636)
OS uptime: 7 days 7:43 hours

CPU: total 4 (initial active 4) (2 cores per cpu, 2 threads per core) family 6 model 78 stepping 3 microcode 0xcc, cx8, cmov, fxsr, ht, mmx, 3dnowpref, sse, sse2, sse3, ssse3, sse4.1, sse4.2, popcnt, lzcnt, tsc, tscinvbit, avx, avx2, aes, erms, clmul, bmi1, bmi2, rtm, adx, fma, vzeroupper, clflush, clflushopt, rdtscp, f16c
Processor Information for all 4 processors :
  Max Mhz: 2496, Current Mhz: 2396, Mhz Limit: 2396

Memory: 4k page, system-wide physical 8072M (242M free)
TotalPageFile size 32648M (AvailPageFile size 41M)
current process WorkingSet (physical memory assigned to process): 114M, peak: 128M
current process commit charge ("private bytes"): 171M, peak: 256M

vm_info: Java HotSpot(TM) 64-Bit Server VM (21.0.2+13-LTS-58) for windows-amd64 JRE (21.0.2+13-LTS-58), built on 2024-01-05T18:32:24Z by "mach5one" with MS VC++ 17.1 (VS2022)

END.
