#
# There is insufficient memory for the Java Runtime Environment to continue.
# Native memory allocation (malloc) failed to allocate 131088 bytes for Chunk::new
# Possible reasons:
#   The system is out of physical RAM or swap space
#   The process is running with CompressedOops enabled, and the Java Heap may be blocking the growth of the native heap
# Possible solutions:
#   Reduce memory load on the system
#   Increase physical memory or swap space
#   Check if swap backing store is full
#   Decrease Java heap size (-Xmx/-Xms)
#   Decrease number of Java threads
#   Decrease Java thread stack sizes (-Xss)
#   Set larger code cache with -XX:ReservedCodeCacheSize=
#   JVM is running with Unscaled Compressed Oops mode in which the Java heap is
#     placed in the first 4GB address space. The Java Heap base address is the
#     maximum limit for the native heap growth. Please use -XX:HeapBaseMinAddress
#     to set the Java Heap base and to place the Java Heap above 4GB virtual address.
# This output file may be truncated or incomplete.
#
#  Out of Memory Error (arena.cpp:168), pid=16184, tid=20236
#
# JRE version: Java(TM) SE Runtime Environment (21.0.2+13) (build 21.0.2+13-LTS-58)
# Java VM: Java HotSpot(TM) 64-Bit Server VM (21.0.2+13-LTS-58, mixed mode, sharing, tiered, compressed oops, compressed class ptrs, g1 gc, windows-amd64)
# No core dump will be written. Minidumps are not enabled by default on client versions of Windows
#

---------------  S U M M A R Y ------------

Command Line: -Dfile.encoding=UTF-8 --module-path=C:\Users\HP\Documents\NetBeansProjects\JavaApplication1\build\classes waterclarity

Host: Intel(R) Core(TM) i5-6300U CPU @ 2.40GHz, 4 cores, 7G,  Windows 10 , 64 bit Build 19041 (10.0.19041.3636)
Time: Sun May  5 02:57:57 2024 E. Africa Standard Time elapsed time: 3.637248 seconds (0d 0h 0m 3s)

---------------  T H R E A D  ---------------

Current thread (0x000002b865be35b0):  JavaThread "C2 CompilerThread0" daemon [_thread_in_native, id=20236, stack(0x000000bb5aa00000,0x000000bb5ab00000) (1024K)]


Current CompileTask:
C2:   3637 1951       4       sun.security.ec.ECOperations::setDouble (463 bytes)

Stack: [0x000000bb5aa00000,0x000000bb5ab00000]
Native frames: (J=compiled Java code, j=interpreted, Vv=VM code, C=native code)
V  [jvm.dll+0x6cade9]
V  [jvm.dll+0x8569c1]
V  [jvm.dll+0x858d2e]
V  [jvm.dll+0x859413]
V  [jvm.dll+0x280e56]
V  [jvm.dll+0xc3f3d]
V  [jvm.dll+0xc4473]
V  [jvm.dll+0xc4065]
V  [jvm.dll+0x6a7a5c]
V  [jvm.dll+0x6032ae]
V  [jvm.dll+0x5f201b]
V  [jvm.dll+0x5f1c45]
V  [jvm.dll+0x7bc565]
V  [jvm.dll+0x7b3b7c]
V  [jvm.dll+0x7bf56a]
V  [jvm.dll+0x5f5a11]
V  [jvm.dll+0x252d7f]
V  [jvm.dll+0x25315f]
V  [jvm.dll+0x24b8e0]
V  [jvm.dll+0x2490a3]
V  [jvm.dll+0x1c9634]
V  [jvm.dll+0x258859]
V  [jvm.dll+0x256e3a]
V  [jvm.dll+0x3ef6c6]
V  [jvm.dll+0x7ff568]
V  [jvm.dll+0x6c953d]
C  [ucrtbase.dll+0x21bb2]
C  [KERNEL32.DLL+0x17344]
C  [ntdll.dll+0x526b1]


---------------  P R O C E S S  ---------------

Threads class SMR info:
_java_thread_list=0x000002b86b287de0, length=19, elements={
0x000002b865bca970, 0x000002b865bcd6a0, 0x000002b865bd23d0, 0x000002b865bd2e30,
0x000002b865bd3890, 0x000002b865bda810, 0x000002b865be35b0, 0x000002b865be6060,
0x000002b865b97dc0, 0x000002b86a113620, 0x000002b86a2c8500, 0x000002b86a2ca3c0,
0x000002b86a2cc150, 0x000002b86ad636f0, 0x000002b8479713e0, 0x000002b86aeef150,
0x000002b86b2c1880, 0x000002b86b2b9f50, 0x000002b86ae3a170
}

Java Threads: ( => current thread )
  0x000002b865bca970 JavaThread "Reference Handler"          daemon [_thread_blocked, id=15532, stack(0x000000bb5a400000,0x000000bb5a500000) (1024K)]
  0x000002b865bcd6a0 JavaThread "Finalizer"                  daemon [_thread_blocked, id=6376, stack(0x000000bb5a500000,0x000000bb5a600000) (1024K)]
  0x000002b865bd23d0 JavaThread "Signal Dispatcher"          daemon [_thread_blocked, id=10952, stack(0x000000bb5a600000,0x000000bb5a700000) (1024K)]
  0x000002b865bd2e30 JavaThread "Attach Listener"            daemon [_thread_blocked, id=18420, stack(0x000000bb5a700000,0x000000bb5a800000) (1024K)]
  0x000002b865bd3890 JavaThread "Service Thread"             daemon [_thread_blocked, id=1228, stack(0x000000bb5a800000,0x000000bb5a900000) (1024K)]
  0x000002b865bda810 JavaThread "Monitor Deflation Thread"   daemon [_thread_blocked, id=11980, stack(0x000000bb5a900000,0x000000bb5aa00000) (1024K)]
=>0x000002b865be35b0 JavaThread "C2 CompilerThread0"         daemon [_thread_in_native, id=20236, stack(0x000000bb5aa00000,0x000000bb5ab00000) (1024K)]
  0x000002b865be6060 JavaThread "C1 CompilerThread0"         daemon [_thread_blocked, id=12584, stack(0x000000bb5ab00000,0x000000bb5ac00000) (1024K)]
  0x000002b865b97dc0 JavaThread "Common-Cleaner"             daemon [_thread_blocked, id=21560, stack(0x000000bb5ac00000,0x000000bb5ad00000) (1024K)]
  0x000002b86a113620 JavaThread "Notification Thread"        daemon [_thread_blocked, id=4072, stack(0x000000bb5ad00000,0x000000bb5ae00000) (1024K)]
  0x000002b86a2c8500 JavaThread "Java2D Disposer"            daemon [_thread_blocked, id=18120, stack(0x000000bb5af00000,0x000000bb5b000000) (1024K)]
  0x000002b86a2ca3c0 JavaThread "AWT-Shutdown"                      [_thread_blocked, id=23340, stack(0x000000bb5b000000,0x000000bb5b100000) (1024K)]
  0x000002b86a2cc150 JavaThread "AWT-Windows"                daemon [_thread_in_native, id=14652, stack(0x000000bb5b100000,0x000000bb5b200000) (1024K)]
  0x000002b86ad636f0 JavaThread "AWT-EventQueue-0"                  [_thread_blocked, id=5740, stack(0x000000bb5ae00000,0x000000bb5af00000) (1024K)]
  0x000002b8479713e0 JavaThread "DestroyJavaVM"                     [_thread_blocked, id=20548, stack(0x000000bb59c00000,0x000000bb59d00000) (1024K)]
  0x000002b86aeef150 JavaThread "Image Fetcher 0"            daemon [_thread_blocked, id=11092, stack(0x000000bb5b200000,0x000000bb5b300000) (1024K)]
  0x000002b86b2c1880 JavaThread "TimerQueue"                 daemon [_thread_blocked, id=5800, stack(0x000000bb5b300000,0x000000bb5b400000) (1024K)]
  0x000002b86b2b9f50 JavaThread "mysql-cj-abandoned-connection-cleanup" daemon [_thread_blocked, id=20244, stack(0x000000bb5b400000,0x000000bb5b500000) (1024K)]
  0x000002b86ae3a170 JavaThread "C2 CompilerThread1"         daemon [_thread_blocked, id=16856, stack(0x000000bb5b800000,0x000000bb5b900000) (1024K)]
Total: 19

Other Threads:
  0x000002b865bad0d0 VMThread "VM Thread"                           [id=24300, stack(0x000000bb5a300000,0x000000bb5a400000) (1024K)]
  0x000002b865b96960 WatcherThread "VM Periodic Task Thread"        [id=5888, stack(0x000000bb5a200000,0x000000bb5a300000) (1024K)]
  0x000002b849b5c020 WorkerThread "GC Thread#0"                     [id=16056, stack(0x000000bb59d00000,0x000000bb59e00000) (1024K)]
  0x000002b86b2baf70 WorkerThread "GC Thread#1"                     [id=24040, stack(0x000000bb5b500000,0x000000bb5b600000) (1024K)]
  0x000002b86b2d18d0 WorkerThread "GC Thread#2"                     [id=23632, stack(0x000000bb5b600000,0x000000bb5b700000) (1024K)]
  0x000002b86b2d1c70 WorkerThread "GC Thread#3"                     [id=24388, stack(0x000000bb5b700000,0x000000bb5b800000) (1024K)]
  0x000002b849b6ce30 ConcurrentGCThread "G1 Main Marker"            [id=8360, stack(0x000000bb59e00000,0x000000bb59f00000) (1024K)]
  0x000002b849b6e0d0 WorkerThread "G1 Conc#0"                       [id=11088, stack(0x000000bb59f00000,0x000000bb5a000000) (1024K)]
  0x000002b849bce4c0 ConcurrentGCThread "G1 Refine#0"               [id=9956, stack(0x000000bb5a000000,0x000000bb5a100000) (1024K)]
  0x000002b865a55230 ConcurrentGCThread "G1 Service"                [id=23668, stack(0x000000bb5a100000,0x000000bb5a200000) (1024K)]
Total: 10

Threads with active compile tasks:
C2 CompilerThread0     4144 1951       4       sun.security.ec.ECOperations::setDouble (463 bytes)
Total: 1

VM state: not at safepoint (normal execution)

VM Mutex/Monitor currently owned by a thread: None

Heap address: 0x0000000081c00000, size: 2020 MB, Compressed Oops mode: 32-bit

CDS archive(s) mapped at: [0x000002b800000000-0x000002b800c90000-0x000002b800c90000), size 13172736, SharedBaseAddress: 0x000002b800000000, ArchiveRelocationMode: 1.
Compressed class space mapped at: 0x000002b801000000-0x000002b841000000, reserved size: 1073741824
Narrow klass base: 0x000002b800000000, Narrow klass shift: 0, Narrow klass range: 0x100000000

GC Precious Log:
 CardTable entry size: 512
 Card Set container configuration: InlinePtr #cards 5 size 8 Array Of Cards #cards 12 size 40 Howl #buckets 4 coarsen threshold 1843 Howl Bitmap #cards 512 size 80 coarsen threshold 460 Card regions per heap region 1 cards per card region 2048
 CPUs: 4 total, 4 available
 Memory: 8072M
 Large Page Support: Disabled
 NUMA Support: Disabled
 Compressed Oops: Enabled (32-bit)
 Heap Region Size: 1M
 Heap Min Capacity: 8M
 Heap Initial Capacity: 128M
 Heap Max Capacity: 2020M
 Pre-touch: Disabled
 Parallel Workers: 4
 Concurrent Workers: 1
 Concurrent Refinement Workers: 4
 Periodic GC: Disabled

Heap:
 garbage-first heap   total 131072K, used 12981K [0x0000000081c00000, 0x0000000100000000)
  region size 1024K, 3 young (3072K), 2 survivors (2048K)
 Metaspace       used 19742K, committed 20032K, reserved 1114112K
  class space    used 2240K, committed 2368K, reserved 1048576K

Heap Regions: E=young(eden), S=young(survivor), O=old, HS=humongous(starts), HC=humongous(continues), CS=collection set, F=free, TAMS=top-at-mark-start, PB=parsable bottom
|   0|0x0000000081c00000, 0x0000000081d00000, 0x0000000081d00000|100%|HS|  |TAMS 0x0000000081c00000| PB 0x0000000081c00000| Complete 
|   1|0x0000000081d00000, 0x0000000081e00000, 0x0000000081e00000|100%|HC|  |TAMS 0x0000000081d00000| PB 0x0000000081d00000| Complete 
|   2|0x0000000081e00000, 0x0000000081f00000, 0x0000000081f00000|100%|HS|  |TAMS 0x0000000081e00000| PB 0x0000000081e00000| Complete 
|   3|0x0000000081f00000, 0x0000000082000000, 0x0000000082000000|100%|HC|  |TAMS 0x0000000081f00000| PB 0x0000000081f00000| Complete 
|   4|0x0000000082000000, 0x0000000082100000, 0x0000000082100000|100%|HC|  |TAMS 0x0000000082000000| PB 0x0000000082000000| Complete 
|   5|0x0000000082100000, 0x0000000082200000, 0x0000000082200000|100%|HC|  |TAMS 0x0000000082100000| PB 0x0000000082100000| Complete 
|   6|0x0000000082200000, 0x0000000082300000, 0x0000000082300000|100%| O|  |TAMS 0x0000000082200000| PB 0x0000000082200000| Untracked 
|   7|0x0000000082300000, 0x0000000082400000, 0x0000000082400000|100%| O|  |TAMS 0x0000000082300000| PB 0x0000000082300000| Untracked 
|   8|0x0000000082400000, 0x0000000082500000, 0x0000000082500000|100%| O|  |TAMS 0x0000000082400000| PB 0x0000000082400000| Untracked 
|   9|0x0000000082500000, 0x0000000082600000, 0x0000000082600000|100%| O|  |TAMS 0x0000000082500000| PB 0x0000000082500000| Untracked 
|  10|0x0000000082600000, 0x00000000826ad5f8, 0x0000000082700000| 67%| O|  |TAMS 0x0000000082600000| PB 0x0000000082600000| Untracked 
|  11|0x0000000082700000, 0x0000000082700000, 0x0000000082800000|  0%| F|  |TAMS 0x0000000082700000| PB 0x0000000082700000| Untracked 
|  12|0x0000000082800000, 0x0000000082800000, 0x0000000082900000|  0%| F|  |TAMS 0x0000000082800000| PB 0x0000000082800000| Untracked 
|  13|0x0000000082900000, 0x0000000082900000, 0x0000000082a00000|  0%| F|  |TAMS 0x0000000082900000| PB 0x0000000082900000| Untracked 
|  14|0x0000000082a00000, 0x0000000082a00000, 0x0000000082b00000|  0%| F|  |TAMS 0x0000000082a00000| PB 0x0000000082a00000| Untracked 
|  15|0x0000000082b00000, 0x0000000082b00000, 0x0000000082c00000|  0%| F|  |TAMS 0x0000000082b00000| PB 0x0000000082b00000| Untracked 
|  16|0x0000000082c00000, 0x0000000082c00000, 0x0000000082d00000|  0%| F|  |TAMS 0x0000000082c00000| PB 0x0000000082c00000| Untracked 
|  17|0x0000000082d00000, 0x0000000082d00000, 0x0000000082e00000|  0%| F|  |TAMS 0x0000000082d00000| PB 0x0000000082d00000| Untracked 
|  18|0x0000000082e00000, 0x0000000082e00000, 0x0000000082f00000|  0%| F|  |TAMS 0x0000000082e00000| PB 0x0000000082e00000| Untracked 
|  19|0x0000000082f00000, 0x0000000082f00000, 0x0000000083000000|  0%| F|  |TAMS 0x0000000082f00000| PB 0x0000000082f00000| Untracked 
|  20|0x0000000083000000, 0x0000000083000000, 0x0000000083100000|  0%| F|  |TAMS 0x0000000083000000| PB 0x0000000083000000| Untracked 
|  21|0x0000000083100000, 0x0000000083100000, 0x0000000083200000|  0%| F|  |TAMS 0x0000000083100000| PB 0x0000000083100000| Untracked 
|  22|0x0000000083200000, 0x0000000083200000, 0x0000000083300000|  0%| F|  |TAMS 0x0000000083200000| PB 0x0000000083200000| Untracked 
|  23|0x0000000083300000, 0x0000000083300000, 0x0000000083400000|  0%| F|  |TAMS 0x0000000083300000| PB 0x0000000083300000| Untracked 
|  24|0x0000000083400000, 0x0000000083400000, 0x0000000083500000|  0%| F|  |TAMS 0x0000000083400000| PB 0x0000000083400000| Untracked 
|  25|0x0000000083500000, 0x0000000083500000, 0x0000000083600000|  0%| F|  |TAMS 0x0000000083500000| PB 0x0000000083500000| Untracked 
|  26|0x0000000083600000, 0x0000000083600000, 0x0000000083700000|  0%| F|  |TAMS 0x0000000083600000| PB 0x0000000083600000| Untracked 
|  27|0x0000000083700000, 0x0000000083700000, 0x0000000083800000|  0%| F|  |TAMS 0x0000000083700000| PB 0x0000000083700000| Untracked 
|  28|0x0000000083800000, 0x0000000083800000, 0x0000000083900000|  0%| F|  |TAMS 0x0000000083800000| PB 0x0000000083800000| Untracked 
|  29|0x0000000083900000, 0x0000000083900000, 0x0000000083a00000|  0%| F|  |TAMS 0x0000000083900000| PB 0x0000000083900000| Untracked 
|  30|0x0000000083a00000, 0x0000000083a00000, 0x0000000083b00000|  0%| F|  |TAMS 0x0000000083a00000| PB 0x0000000083a00000| Untracked 
|  31|0x0000000083b00000, 0x0000000083b00000, 0x0000000083c00000|  0%| F|  |TAMS 0x0000000083b00000| PB 0x0000000083b00000| Untracked 
|  32|0x0000000083c00000, 0x0000000083c00000, 0x0000000083d00000|  0%| F|  |TAMS 0x0000000083c00000| PB 0x0000000083c00000| Untracked 
|  33|0x0000000083d00000, 0x0000000083d00000, 0x0000000083e00000|  0%| F|  |TAMS 0x0000000083d00000| PB 0x0000000083d00000| Untracked 
|  34|0x0000000083e00000, 0x0000000083e00000, 0x0000000083f00000|  0%| F|  |TAMS 0x0000000083e00000| PB 0x0000000083e00000| Untracked 
|  35|0x0000000083f00000, 0x0000000083f00000, 0x0000000084000000|  0%| F|  |TAMS 0x0000000083f00000| PB 0x0000000083f00000| Untracked 
|  36|0x0000000084000000, 0x0000000084000000, 0x0000000084100000|  0%| F|  |TAMS 0x0000000084000000| PB 0x0000000084000000| Untracked 
|  37|0x0000000084100000, 0x0000000084100000, 0x0000000084200000|  0%| F|  |TAMS 0x0000000084100000| PB 0x0000000084100000| Untracked 
|  38|0x0000000084200000, 0x0000000084200000, 0x0000000084300000|  0%| F|  |TAMS 0x0000000084200000| PB 0x0000000084200000| Untracked 
|  39|0x0000000084300000, 0x0000000084300000, 0x0000000084400000|  0%| F|  |TAMS 0x0000000084300000| PB 0x0000000084300000| Untracked 
|  40|0x0000000084400000, 0x0000000084400000, 0x0000000084500000|  0%| F|  |TAMS 0x0000000084400000| PB 0x0000000084400000| Untracked 
|  41|0x0000000084500000, 0x0000000084500000, 0x0000000084600000|  0%| F|  |TAMS 0x0000000084500000| PB 0x0000000084500000| Untracked 
|  42|0x0000000084600000, 0x0000000084600000, 0x0000000084700000|  0%| F|  |TAMS 0x0000000084600000| PB 0x0000000084600000| Untracked 
|  43|0x0000000084700000, 0x0000000084700000, 0x0000000084800000|  0%| F|  |TAMS 0x0000000084700000| PB 0x0000000084700000| Untracked 
|  44|0x0000000084800000, 0x0000000084800000, 0x0000000084900000|  0%| F|  |TAMS 0x0000000084800000| PB 0x0000000084800000| Untracked 
|  45|0x0000000084900000, 0x0000000084900000, 0x0000000084a00000|  0%| F|  |TAMS 0x0000000084900000| PB 0x0000000084900000| Untracked 
|  46|0x0000000084a00000, 0x0000000084a00000, 0x0000000084b00000|  0%| F|  |TAMS 0x0000000084a00000| PB 0x0000000084a00000| Untracked 
|  47|0x0000000084b00000, 0x0000000084b00000, 0x0000000084c00000|  0%| F|  |TAMS 0x0000000084b00000| PB 0x0000000084b00000| Untracked 
|  48|0x0000000084c00000, 0x0000000084c00000, 0x0000000084d00000|  0%| F|  |TAMS 0x0000000084c00000| PB 0x0000000084c00000| Untracked 
|  49|0x0000000084d00000, 0x0000000084d00000, 0x0000000084e00000|  0%| F|  |TAMS 0x0000000084d00000| PB 0x0000000084d00000| Untracked 
|  50|0x0000000084e00000, 0x0000000084e00000, 0x0000000084f00000|  0%| F|  |TAMS 0x0000000084e00000| PB 0x0000000084e00000| Untracked 
|  51|0x0000000084f00000, 0x0000000084f00000, 0x0000000085000000|  0%| F|  |TAMS 0x0000000084f00000| PB 0x0000000084f00000| Untracked 
|  52|0x0000000085000000, 0x0000000085000000, 0x0000000085100000|  0%| F|  |TAMS 0x0000000085000000| PB 0x0000000085000000| Untracked 
|  53|0x0000000085100000, 0x0000000085100000, 0x0000000085200000|  0%| F|  |TAMS 0x0000000085100000| PB 0x0000000085100000| Untracked 
|  54|0x0000000085200000, 0x0000000085200000, 0x0000000085300000|  0%| F|  |TAMS 0x0000000085200000| PB 0x0000000085200000| Untracked 
|  55|0x0000000085300000, 0x0000000085300000, 0x0000000085400000|  0%| F|  |TAMS 0x0000000085300000| PB 0x0000000085300000| Untracked 
|  56|0x0000000085400000, 0x0000000085400000, 0x0000000085500000|  0%| F|  |TAMS 0x0000000085400000| PB 0x0000000085400000| Untracked 
|  57|0x0000000085500000, 0x0000000085500000, 0x0000000085600000|  0%| F|  |TAMS 0x0000000085500000| PB 0x0000000085500000| Untracked 
|  58|0x0000000085600000, 0x0000000085600000, 0x0000000085700000|  0%| F|  |TAMS 0x0000000085600000| PB 0x0000000085600000| Untracked 
|  59|0x0000000085700000, 0x0000000085700000, 0x0000000085800000|  0%| F|  |TAMS 0x0000000085700000| PB 0x0000000085700000| Untracked 
|  60|0x0000000085800000, 0x0000000085800000, 0x0000000085900000|  0%| F|  |TAMS 0x0000000085800000| PB 0x0000000085800000| Untracked 
|  61|0x0000000085900000, 0x0000000085900000, 0x0000000085a00000|  0%| F|  |TAMS 0x0000000085900000| PB 0x0000000085900000| Untracked 
|  62|0x0000000085a00000, 0x0000000085a00000, 0x0000000085b00000|  0%| F|  |TAMS 0x0000000085a00000| PB 0x0000000085a00000| Untracked 
|  63|0x0000000085b00000, 0x0000000085b00000, 0x0000000085c00000|  0%| F|  |TAMS 0x0000000085b00000| PB 0x0000000085b00000| Untracked 
|  64|0x0000000085c00000, 0x0000000085c00000, 0x0000000085d00000|  0%| F|  |TAMS 0x0000000085c00000| PB 0x0000000085c00000| Untracked 
|  65|0x0000000085d00000, 0x0000000085d00000, 0x0000000085e00000|  0%| F|  |TAMS 0x0000000085d00000| PB 0x0000000085d00000| Untracked 
|  66|0x0000000085e00000, 0x0000000085e00000, 0x0000000085f00000|  0%| F|  |TAMS 0x0000000085e00000| PB 0x0000000085e00000| Untracked 
|  67|0x0000000085f00000, 0x0000000085f00000, 0x0000000086000000|  0%| F|  |TAMS 0x0000000085f00000| PB 0x0000000085f00000| Untracked 
|  68|0x0000000086000000, 0x0000000086000000, 0x0000000086100000|  0%| F|  |TAMS 0x0000000086000000| PB 0x0000000086000000| Untracked 
|  69|0x0000000086100000, 0x0000000086100000, 0x0000000086200000|  0%| F|  |TAMS 0x0000000086100000| PB 0x0000000086100000| Untracked 
|  70|0x0000000086200000, 0x0000000086200000, 0x0000000086300000|  0%| F|  |TAMS 0x0000000086200000| PB 0x0000000086200000| Untracked 
|  71|0x0000000086300000, 0x0000000086300000, 0x0000000086400000|  0%| F|  |TAMS 0x0000000086300000| PB 0x0000000086300000| Untracked 
|  72|0x0000000086400000, 0x0000000086400000, 0x0000000086500000|  0%| F|  |TAMS 0x0000000086400000| PB 0x0000000086400000| Untracked 
|  73|0x0000000086500000, 0x0000000086500000, 0x0000000086600000|  0%| F|  |TAMS 0x0000000086500000| PB 0x0000000086500000| Untracked 
|  74|0x0000000086600000, 0x0000000086600000, 0x0000000086700000|  0%| F|  |TAMS 0x0000000086600000| PB 0x0000000086600000| Untracked 
|  75|0x0000000086700000, 0x0000000086700000, 0x0000000086800000|  0%| F|  |TAMS 0x0000000086700000| PB 0x0000000086700000| Untracked 
|  76|0x0000000086800000, 0x0000000086800000, 0x0000000086900000|  0%| F|  |TAMS 0x0000000086800000| PB 0x0000000086800000| Untracked 
|  77|0x0000000086900000, 0x0000000086900000, 0x0000000086a00000|  0%| F|  |TAMS 0x0000000086900000| PB 0x0000000086900000| Untracked 
|  78|0x0000000086a00000, 0x0000000086a00000, 0x0000000086b00000|  0%| F|  |TAMS 0x0000000086a00000| PB 0x0000000086a00000| Untracked 
|  79|0x0000000086b00000, 0x0000000086b00000, 0x0000000086c00000|  0%| F|  |TAMS 0x0000000086b00000| PB 0x0000000086b00000| Untracked 
|  80|0x0000000086c00000, 0x0000000086c00000, 0x0000000086d00000|  0%| F|  |TAMS 0x0000000086c00000| PB 0x0000000086c00000| Untracked 
|  81|0x0000000086d00000, 0x0000000086d00000, 0x0000000086e00000|  0%| F|  |TAMS 0x0000000086d00000| PB 0x0000000086d00000| Untracked 
|  82|0x0000000086e00000, 0x0000000086e00000, 0x0000000086f00000|  0%| F|  |TAMS 0x0000000086e00000| PB 0x0000000086e00000| Untracked 
|  83|0x0000000086f00000, 0x0000000086f00000, 0x0000000087000000|  0%| F|  |TAMS 0x0000000086f00000| PB 0x0000000086f00000| Untracked 
|  84|0x0000000087000000, 0x0000000087000000, 0x0000000087100000|  0%| F|  |TAMS 0x0000000087000000| PB 0x0000000087000000| Untracked 
|  85|0x0000000087100000, 0x0000000087100000, 0x0000000087200000|  0%| F|  |TAMS 0x0000000087100000| PB 0x0000000087100000| Untracked 
|  86|0x0000000087200000, 0x0000000087200000, 0x0000000087300000|  0%| F|  |TAMS 0x0000000087200000| PB 0x0000000087200000| Untracked 
|  87|0x0000000087300000, 0x0000000087300000, 0x0000000087400000|  0%| F|  |TAMS 0x0000000087300000| PB 0x0000000087300000| Untracked 
|  88|0x0000000087400000, 0x0000000087400000, 0x0000000087500000|  0%| F|  |TAMS 0x0000000087400000| PB 0x0000000087400000| Untracked 
|  89|0x0000000087500000, 0x0000000087500000, 0x0000000087600000|  0%| F|  |TAMS 0x0000000087500000| PB 0x0000000087500000| Untracked 
|  90|0x0000000087600000, 0x0000000087600000, 0x0000000087700000|  0%| F|  |TAMS 0x0000000087600000| PB 0x0000000087600000| Untracked 
|  91|0x0000000087700000, 0x0000000087700000, 0x0000000087800000|  0%| F|  |TAMS 0x0000000087700000| PB 0x0000000087700000| Untracked 
|  92|0x0000000087800000, 0x0000000087800000, 0x0000000087900000|  0%| F|  |TAMS 0x0000000087800000| PB 0x0000000087800000| Untracked 
|  93|0x0000000087900000, 0x0000000087900000, 0x0000000087a00000|  0%| F|  |TAMS 0x0000000087900000| PB 0x0000000087900000| Untracked 
|  94|0x0000000087a00000, 0x0000000087a00000, 0x0000000087b00000|  0%| F|  |TAMS 0x0000000087a00000| PB 0x0000000087a00000| Untracked 
|  95|0x0000000087b00000, 0x0000000087b00000, 0x0000000087c00000|  0%| F|  |TAMS 0x0000000087b00000| PB 0x0000000087b00000| Untracked 
|  96|0x0000000087c00000, 0x0000000087c00000, 0x0000000087d00000|  0%| F|  |TAMS 0x0000000087c00000| PB 0x0000000087c00000| Untracked 
|  97|0x0000000087d00000, 0x0000000087d00000, 0x0000000087e00000|  0%| F|  |TAMS 0x0000000087d00000| PB 0x0000000087d00000| Untracked 
|  98|0x0000000087e00000, 0x0000000087e00000, 0x0000000087f00000|  0%| F|  |TAMS 0x0000000087e00000| PB 0x0000000087e00000| Untracked 
|  99|0x0000000087f00000, 0x0000000087f00000, 0x0000000088000000|  0%| F|  |TAMS 0x0000000087f00000| PB 0x0000000087f00000| Untracked 
| 100|0x0000000088000000, 0x0000000088000000, 0x0000000088100000|  0%| F|  |TAMS 0x0000000088000000| PB 0x0000000088000000| Untracked 
| 101|0x0000000088100000, 0x0000000088100000, 0x0000000088200000|  0%| F|  |TAMS 0x0000000088100000| PB 0x0000000088100000| Untracked 
| 102|0x0000000088200000, 0x0000000088200000, 0x0000000088300000|  0%| F|  |TAMS 0x0000000088200000| PB 0x0000000088200000| Untracked 
| 103|0x0000000088300000, 0x0000000088300000, 0x0000000088400000|  0%| F|  |TAMS 0x0000000088300000| PB 0x0000000088300000| Untracked 
| 104|0x0000000088400000, 0x0000000088400000, 0x0000000088500000|  0%| F|  |TAMS 0x0000000088400000| PB 0x0000000088400000| Untracked 
| 105|0x0000000088500000, 0x0000000088500000, 0x0000000088600000|  0%| F|  |TAMS 0x0000000088500000| PB 0x0000000088500000| Untracked 
| 106|0x0000000088600000, 0x0000000088600000, 0x0000000088700000|  0%| F|  |TAMS 0x0000000088600000| PB 0x0000000088600000| Untracked 
| 107|0x0000000088700000, 0x0000000088700000, 0x0000000088800000|  0%| F|  |TAMS 0x0000000088700000| PB 0x0000000088700000| Untracked 
| 108|0x0000000088800000, 0x0000000088800000, 0x0000000088900000|  0%| F|  |TAMS 0x0000000088800000| PB 0x0000000088800000| Untracked 
| 109|0x0000000088900000, 0x0000000088900000, 0x0000000088a00000|  0%| F|  |TAMS 0x0000000088900000| PB 0x0000000088900000| Untracked 
| 110|0x0000000088a00000, 0x0000000088a00000, 0x0000000088b00000|  0%| F|  |TAMS 0x0000000088a00000| PB 0x0000000088a00000| Untracked 
| 111|0x0000000088b00000, 0x0000000088b00000, 0x0000000088c00000|  0%| F|  |TAMS 0x0000000088b00000| PB 0x0000000088b00000| Untracked 
| 112|0x0000000088c00000, 0x0000000088d00000, 0x0000000088d00000|100%| S|CS|TAMS 0x0000000088c00000| PB 0x0000000088c00000| Complete 
| 113|0x0000000088d00000, 0x0000000088d00000, 0x0000000088e00000|  0%| F|  |TAMS 0x0000000088d00000| PB 0x0000000088d00000| Untracked 
| 114|0x0000000088e00000, 0x0000000088e00000, 0x0000000088f00000|  0%| F|  |TAMS 0x0000000088e00000| PB 0x0000000088e00000| Untracked 
| 115|0x0000000088f00000, 0x0000000089000000, 0x0000000089000000|100%| S|CS|TAMS 0x0000000088f00000| PB 0x0000000088f00000| Complete 
| 116|0x0000000089000000, 0x0000000089000000, 0x0000000089100000|  0%| F|  |TAMS 0x0000000089000000| PB 0x0000000089000000| Untracked 
| 117|0x0000000089100000, 0x0000000089100000, 0x0000000089200000|  0%| F|  |TAMS 0x0000000089100000| PB 0x0000000089100000| Untracked 
| 118|0x0000000089200000, 0x0000000089200000, 0x0000000089300000|  0%| F|  |TAMS 0x0000000089200000| PB 0x0000000089200000| Untracked 
| 119|0x0000000089300000, 0x0000000089300000, 0x0000000089400000|  0%| F|  |TAMS 0x0000000089300000| PB 0x0000000089300000| Untracked 
| 120|0x0000000089400000, 0x0000000089400000, 0x0000000089500000|  0%| F|  |TAMS 0x0000000089400000| PB 0x0000000089400000| Untracked 
| 121|0x0000000089500000, 0x0000000089500000, 0x0000000089600000|  0%| F|  |TAMS 0x0000000089500000| PB 0x0000000089500000| Untracked 
| 122|0x0000000089600000, 0x0000000089600000, 0x0000000089700000|  0%| F|  |TAMS 0x0000000089600000| PB 0x0000000089600000| Untracked 
| 123|0x0000000089700000, 0x0000000089700000, 0x0000000089800000|  0%| F|  |TAMS 0x0000000089700000| PB 0x0000000089700000| Untracked 
| 124|0x0000000089800000, 0x0000000089800000, 0x0000000089900000|  0%| F|  |TAMS 0x0000000089800000| PB 0x0000000089800000| Untracked 
| 125|0x0000000089900000, 0x0000000089900000, 0x0000000089a00000|  0%| F|  |TAMS 0x0000000089900000| PB 0x0000000089900000| Untracked 
| 126|0x0000000089a00000, 0x0000000089a00000, 0x0000000089b00000|  0%| F|  |TAMS 0x0000000089a00000| PB 0x0000000089a00000| Untracked 
| 127|0x0000000089b00000, 0x0000000089c00000, 0x0000000089c00000|100%| E|  |TAMS 0x0000000089b00000| PB 0x0000000089b00000| Complete 

Card table byte_map: [0x000002b861370000,0x000002b861770000] _byte_map_base: 0x000002b860f62000

Marking Bits: (CMBitMap*) 0x000002b849b5c720
 Bits: [0x000002b861770000, 0x000002b863700000)

Polling page: 0x000002b847930000

Metaspace:

Usage:
  Non-class:     17.09 MB used.
      Class:      2.19 MB used.
       Both:     19.28 MB used.

Virtual space:
  Non-class space:       64.00 MB reserved,      17.25 MB ( 27%) committed,  1 nodes.
      Class space:        1.00 GB reserved,       2.31 MB ( <1%) committed,  1 nodes.
             Both:        1.06 GB reserved,      19.56 MB (  2%) committed. 

Chunk freelists:
   Non-Class:  14.44 MB
       Class:  13.66 MB
        Both:  28.09 MB

MaxMetaspaceSize: unlimited
CompressedClassSpaceSize: 1.00 GB
Initial GC threshold: 21.00 MB
Current GC threshold: 21.00 MB
CDS: on
 - commit_granule_bytes: 65536.
 - commit_granule_words: 8192.
 - virtual_space_node_default_size: 8388608.
 - enlarge_chunks_in_place: 1.
 - use_allocation_guard: 0.


Internal statistics:

num_allocs_failed_limit: 0.
num_arena_births: 210.
num_arena_deaths: 0.
num_vsnodes_births: 2.
num_vsnodes_deaths: 0.
num_space_committed: 313.
num_space_uncommitted: 0.
num_chunks_returned_to_freelist: 0.
num_chunks_taken_from_freelist: 431.
num_chunk_merges: 0.
num_chunk_splits: 262.
num_chunks_enlarged: 161.
num_inconsistent_stats: 0.

CodeHeap 'non-profiled nmethods': size=120000Kb used=712Kb max_used=712Kb free=119287Kb
 bounds [0x000002b859a40000, 0x000002b859cb0000, 0x000002b860f70000]
CodeHeap 'profiled nmethods': size=120000Kb used=3778Kb max_used=3778Kb free=116221Kb
 bounds [0x000002b851f70000, 0x000002b852330000, 0x000002b8594a0000]
CodeHeap 'non-nmethods': size=5760Kb used=1727Kb max_used=1736Kb free=4032Kb
 bounds [0x000002b8594a0000, 0x000002b859710000, 0x000002b859a40000]
 total_blobs=2878 nmethods=2124 adapters=658
 compilation: enabled
              stopped_count=0, restarted_count=0
 full_count=0

Compilation events (20 events):
Event: 3.564 Thread 0x000002b865be6060 2018   !   3       java.util.zip.ZipFile$ZipFileInputStream::read (135 bytes)
Event: 3.565 Thread 0x000002b865be6060 nmethod 2018 0x000002b8522e0910 code [0x000002b8522e0b40, 0x000002b8522e11f0]
Event: 3.565 Thread 0x000002b865be6060 2019       3       java.util.zip.ZipFile::ensureOpenOrZipException (19 bytes)
Event: 3.565 Thread 0x000002b865be6060 nmethod 2019 0x000002b8522e1590 code [0x000002b8522e1740, 0x000002b8522e1918]
Event: 3.568 Thread 0x000002b865be6060 2020   !   3       java.util.zip.ZipFile$Source::readFullyAt (74 bytes)
Event: 3.568 Thread 0x000002b865be6060 nmethod 2020 0x000002b8522e1a10 code [0x000002b8522e1c00, 0x000002b8522e2050]
Event: 3.569 Thread 0x000002b865be6060 2021       3       java.util.zip.Checksum::update (11 bytes)
Event: 3.569 Thread 0x000002b865be6060 nmethod 2021 0x000002b8522e2310 code [0x000002b8522e24c0, 0x000002b8522e26c8]
Event: 3.569 Thread 0x000002b865be6060 2022       3       java.util.zip.CRC32::update (38 bytes)
Event: 3.569 Thread 0x000002b865be6060 nmethod 2022 0x000002b8522e2810 code [0x000002b8522e2a00, 0x000002b8522e2e38]
Event: 3.569 Thread 0x000002b865be6060 2023       3       java.util.Collections$SetFromMap::add (22 bytes)
Event: 3.570 Thread 0x000002b865be6060 nmethod 2023 0x000002b8522e3010 code [0x000002b8522e31c0, 0x000002b8522e3400]
Event: 3.570 Thread 0x000002b865be6060 2024       3       java.util.ArrayDeque::addLast (51 bytes)
Event: 3.570 Thread 0x000002b865be6060 nmethod 2024 0x000002b8522e3510 code [0x000002b8522e3700, 0x000002b8522e3bc0]
Event: 3.571 Thread 0x000002b865be6060 2025       3       com.sun.crypto.provider.AESCrypt::implEncryptBlock (947 bytes)
Event: 3.572 Thread 0x000002b865be6060 nmethod 2025 0x000002b8522e3d90 code [0x000002b8522e3fc0, 0x000002b8522e4cf8]
Event: 3.573 Thread 0x000002b865be6060 2026       1       sun.security.provider.DigestBase::engineGetDigestLength (5 bytes)
Event: 3.573 Thread 0x000002b865be6060 nmethod 2026 0x000002b859aebf10 code [0x000002b859aec0a0, 0x000002b859aec168]
Event: 3.574 Thread 0x000002b865be6060 2028       3       sun.security.provider.SHA5::implCompress0 (346 bytes)
Event: 3.575 Thread 0x000002b865be6060 nmethod 2028 0x000002b8522e5410 code [0x000002b8522e5680, 0x000002b8522e60c8]

GC Heap History (2 events):
Event: 2.692 GC heap before
{Heap before GC invocations=0 (full 0):
 garbage-first heap   total 131072K, used 19456K [0x0000000081c00000, 0x0000000100000000)
  region size 1024K, 13 young (13312K), 0 survivors (0K)
 Metaspace       used 10892K, committed 11136K, reserved 1114112K
  class space    used 1263K, committed 1344K, reserved 1048576K
}
Event: 2.704 GC heap after
{Heap after GC invocations=1 (full 0):
 garbage-first heap   total 131072K, used 10400K [0x0000000081c00000, 0x0000000100000000)
  region size 1024K, 2 young (2048K), 2 survivors (2048K)
 Metaspace       used 10892K, committed 11136K, reserved 1114112K
  class space    used 1263K, committed 1344K, reserved 1048576K
}

Dll operation events (12 events):
Event: 0.013 Loaded shared library C:\Program Files\Java\jdk-21\bin\java.dll
Event: 0.056 Loaded shared library C:\Program Files\Java\jdk-21\bin\jsvml.dll
Event: 0.110 Loaded shared library C:\Program Files\Java\jdk-21\bin\net.dll
Event: 0.112 Loaded shared library C:\Program Files\Java\jdk-21\bin\nio.dll
Event: 0.156 Loaded shared library C:\Program Files\Java\jdk-21\bin\zip.dll
Event: 0.179 Loaded shared library C:\Program Files\Java\jdk-21\bin\jimage.dll
Event: 0.212 Loaded shared library C:\Program Files\Java\jdk-21\bin\awt.dll
Event: 0.413 Loaded shared library C:\Program Files\Java\jdk-21\bin\freetype.dll
Event: 0.414 Loaded shared library C:\Program Files\Java\jdk-21\bin\fontmanager.dll
Event: 0.718 Loaded shared library C:\Program Files\Java\jdk-21\bin\javajpeg.dll
Event: 2.912 Loaded shared library C:\Program Files\Java\jdk-21\bin\extnet.dll
Event: 3.232 Loaded shared library C:\Program Files\Java\jdk-21\bin\sunmscapi.dll

Deoptimization events (20 events):
Event: 3.009 Thread 0x000002b86ad636f0 Uncommon trap: trap_request=0xffffff45 fr.pc=0x000002b859ac08f4 relative=0x0000000000000574
Event: 3.009 Thread 0x000002b86ad636f0 Uncommon trap: reason=unstable_if action=reinterpret pc=0x000002b859ac08f4 method=java.lang.AbstractStringBuilder.inflateIfNeededFor(Ljava/lang/String;)V @ 14 c2
Event: 3.009 Thread 0x000002b86ad636f0 DEOPT PACKING pc=0x000002b859ac08f4 sp=0x000000bb5aefc440
Event: 3.009 Thread 0x000002b86ad636f0 DEOPT UNPACKING pc=0x000002b8594f46a2 sp=0x000000bb5aefc348 mode 2
Event: 3.033 Thread 0x000002b86ad636f0 Uncommon trap: trap_request=0xffffffde fr.pc=0x000002b859a86ec0 relative=0x0000000000000580
Event: 3.033 Thread 0x000002b86ad636f0 Uncommon trap: reason=class_check action=maybe_recompile pc=0x000002b859a86ec0 method=java.util.regex.Pattern$BmpCharPropertyGreedy.match(Ljava/util/regex/Matcher;ILjava/lang/CharSequence;)Z @ 26 c2
Event: 3.033 Thread 0x000002b86ad636f0 DEOPT PACKING pc=0x000002b859a86ec0 sp=0x000000bb5aefcd60
Event: 3.033 Thread 0x000002b86ad636f0 DEOPT UNPACKING pc=0x000002b8594f46a2 sp=0x000000bb5aefcc38 mode 2
Event: 3.256 Thread 0x000002b86ad636f0 Uncommon trap: trap_request=0xffffff45 fr.pc=0x000002b859a6a2b4 relative=0x0000000000000194
Event: 3.256 Thread 0x000002b86ad636f0 Uncommon trap: reason=unstable_if action=reinterpret pc=0x000002b859a6a2b4 method=jdk.internal.util.ArraysSupport.vectorizedHashCode(Ljava/lang/Object;IIII)I @ 2 c2
Event: 3.256 Thread 0x000002b86ad636f0 DEOPT PACKING pc=0x000002b859a6a2b4 sp=0x000000bb5aefaec0
Event: 3.256 Thread 0x000002b86ad636f0 DEOPT UNPACKING pc=0x000002b8594f46a2 sp=0x000000bb5aefae70 mode 2
Event: 3.573 Thread 0x000002b86ad636f0 Uncommon trap: trap_request=0xffffffde fr.pc=0x000002b859a70f78 relative=0x0000000000000c18
Event: 3.573 Thread 0x000002b86ad636f0 Uncommon trap: reason=class_check action=maybe_recompile pc=0x000002b859a70f78 method=java.util.HashMap.putVal(ILjava/lang/Object;Ljava/lang/Object;ZZ)Ljava/lang/Object; @ 253 c2
Event: 3.573 Thread 0x000002b86ad636f0 DEOPT PACKING pc=0x000002b859a70f78 sp=0x000000bb5aefd160
Event: 3.573 Thread 0x000002b86ad636f0 DEOPT UNPACKING pc=0x000002b8594f46a2 sp=0x000000bb5aefd098 mode 2
Event: 3.574 Thread 0x000002b86ad636f0 Uncommon trap: trap_request=0xffffffde fr.pc=0x000002b859a70f78 relative=0x0000000000000c18
Event: 3.574 Thread 0x000002b86ad636f0 Uncommon trap: reason=class_check action=maybe_recompile pc=0x000002b859a70f78 method=java.util.HashMap.putVal(ILjava/lang/Object;Ljava/lang/Object;ZZ)Ljava/lang/Object; @ 253 c2
Event: 3.574 Thread 0x000002b86ad636f0 DEOPT PACKING pc=0x000002b859a70f78 sp=0x000000bb5aefd160
Event: 3.574 Thread 0x000002b86ad636f0 DEOPT UNPACKING pc=0x000002b8594f46a2 sp=0x000000bb5aefd098 mode 2

Classes loaded (20 events):
Event: 3.559 Loading class jdk/internal/event/TLSHandshakeEvent
Event: 3.559 Loading class jdk/internal/event/TLSHandshakeEvent done
Event: 3.561 Loading class java/security/DigestException
Event: 3.561 Loading class java/security/DigestException done
Event: 3.564 Loading class javax/security/sasl/SaslException
Event: 3.564 Loading class javax/security/sasl/SaslException done
Event: 3.564 Loading class javax/security/auth/callback/UnsupportedCallbackException
Event: 3.565 Loading class javax/security/auth/callback/UnsupportedCallbackException done
Event: 3.565 Loading class javax/security/auth/login/Configuration
Event: 3.565 Loading class javax/security/auth/login/Configuration done
Event: 3.565 Loading class javax/security/auth/callback/Callback
Event: 3.566 Loading class javax/security/auth/callback/Callback done
Event: 3.566 Loading class sun/invoke/util/VerifyAccess$1
Event: 3.566 Loading class sun/invoke/util/VerifyAccess$1 done
Event: 3.572 Loading class sun/security/ssl/PostHandshakeContext
Event: 3.572 Loading class sun/security/ssl/PostHandshakeContext done
Event: 3.572 Loading class sun/security/ssl/NewSessionTicket$T13NewSessionTicketMessage
Event: 3.573 Loading class sun/security/ssl/NewSessionTicket$NewSessionTicketMessage
Event: 3.573 Loading class sun/security/ssl/NewSessionTicket$NewSessionTicketMessage done
Event: 3.573 Loading class sun/security/ssl/NewSessionTicket$T13NewSessionTicketMessage done

Classes unloaded (0 events):
No events

Classes redefined (0 events):
No events

Internal exceptions (20 events):
Event: 0.469 Thread 0x000002b8479713e0 Exception <a 'java/lang/ClassNotFoundException'{0x00000000896624c0}: RootPane> (0x00000000896624c0) 
thrown [s\open\src\hotspot\share\classfile\systemDictionary.cpp, line 312]
Event: 0.471 Thread 0x000002b8479713e0 Exception <a 'java/lang/ClassNotFoundException'{0x0000000089665250}: com/sun/swing/internal/plaf/metal/resources/spi/metalProvider> (0x0000000089665250) 
thrown [s\open\src\hotspot\share\classfile\systemDictionary.cpp, line 312]
Event: 0.473 Thread 0x000002b8479713e0 Exception <a 'java/lang/ClassNotFoundException'{0x0000000089668eb0}: com/sun/swing/internal/plaf/basic/resources/spi/basicProvider> (0x0000000089668eb0) 
thrown [s\open\src\hotspot\share\classfile\systemDictionary.cpp, line 312]
Event: 0.502 Thread 0x000002b86ad636f0 Exception <a 'java/lang/ClassNotFoundException'{0x00000000896dd208}: com/sun/swing/internal/plaf/synth/resources/spi/synthProvider> (0x00000000896dd208) 
thrown [s\open\src\hotspot\share\classfile\systemDictionary.cpp, line 312]
Event: 0.529 Thread 0x000002b86ad636f0 Exception <a 'java/lang/NoSuchMethodError'{0x0000000089520cc8}: 'int java.lang.invoke.Invokers$Holder.invokeExact_MT(java.lang.Object, java.lang.Object)'> (0x0000000089520cc8) 
thrown [s\open\src\hotspot\share\interpreter\linkResolver.cpp, line 773]
Event: 0.536 Thread 0x000002b86ad636f0 Exception <a 'java/lang/NoSuchMethodError'{0x0000000089528128}: 'java.lang.Object java.lang.invoke.DirectMethodHandle$Holder.newInvokeSpecial(java.lang.Object, java.lang.Object, int)'> (0x0000000089528128) 
thrown [s\open\src\hotspot\share\interpreter\linkResolver.cpp, line 773]
Event: 0.537 Thread 0x000002b86ad636f0 Exception <a 'java/lang/NoSuchMethodError'{0x000000008952cfd8}: 'int java.lang.invoke.DirectMethodHandle$Holder.invokeSpecial(java.lang.Object, java.lang.Object, java.lang.Object, int)'> (0x000000008952cfd8) 
thrown [s\open\src\hotspot\share\interpreter\linkResolver.cpp, line 773]
Event: 0.539 Thread 0x000002b86ad636f0 Exception <a 'java/lang/NoSuchMethodError'{0x000000008953f630}: 'java.lang.Object java.lang.invoke.DirectMethodHandle$Holder.invokeStatic(java.lang.Object, java.lang.Object, java.lang.Object, java.lang.Object, int)'> (0x000000008953f630) 
thrown [s\open\src\hotspot\share\interpreter\linkResolver.cpp, line 773]
Event: 0.540 Thread 0x000002b86ad636f0 Exception <a 'java/lang/NoSuchMethodError'{0x0000000089547c78}: 'int java.lang.invoke.DirectMethodHandle$Holder.invokeSpecial(java.lang.Object, java.lang.Object, java.lang.Object)'> (0x0000000089547c78) 
thrown [s\open\src\hotspot\share\interpreter\linkResolver.cpp, line 773]
Event: 0.701 Thread 0x000002b86aeef150 Exception <a 'java/lang/NoSuchMethodError'{0x00000000893a3270}: 'java.lang.Object java.lang.invoke.DirectMethodHandle$Holder.newInvokeSpecial(java.lang.Object, java.lang.Object, java.lang.Object, int, int, int, int, int)'> (0x00000000893a3270) 
thrown [s\open\src\hotspot\share\interpreter\linkResolver.cpp, line 773]
Event: 0.740 Thread 0x000002b86a2cc150 Exception <a 'java/lang/NoSuchMethodError'{0x00000000898d65e0}: 'void java.lang.invoke.DirectMethodHandle$Holder.invokeVirtual(java.lang.Object, java.lang.Object)'> (0x00000000898d65e0) 
thrown [s\open\src\hotspot\share\interpreter\linkResolver.cpp, line 773]
Event: 0.760 Thread 0x000002b86ad636f0 Exception <a 'java/lang/NoSuchMethodError'{0x00000000895f46a8}: 'void java.lang.invoke.DirectMethodHandle$Holder.invokeStaticInit(java.lang.Object)'> (0x00000000895f46a8) 
thrown [s\open\src\hotspot\share\interpreter\linkResolver.cpp, line 773]
Event: 2.636 Thread 0x000002b86ad636f0 Exception <a 'java/lang/NoSuchMethodError'{0x0000000088f5b788}: 'void java.lang.invoke.DirectMethodHandle$Holder.invokeStatic(java.lang.Object, java.lang.Object)'> (0x0000000088f5b788) 
thrown [s\open\src\hotspot\share\interpreter\linkResolver.cpp, line 773]
Event: 2.730 Thread 0x000002b86ad636f0 Exception <a 'java/lang/NoSuchMethodError'{0x0000000089b969e0}: 'java.lang.Object java.lang.invoke.DirectMethodHandle$Holder.invokeInterface(java.lang.Object, java.lang.Object)'> (0x0000000089b969e0) 
thrown [s\open\src\hotspot\share\interpreter\linkResolver.cpp, line 773]
Event: 2.761 Thread 0x000002b86ad636f0 Exception <a 'java/lang/NoSuchMethodError'{0x0000000089a48718}: 'void java.lang.invoke.DirectMethodHandle$Holder.invokeStatic(java.lang.Object, java.lang.Object, java.lang.Object)'> (0x0000000089a48718) 
thrown [s\open\src\hotspot\share\interpreter\linkResolver.cpp, line 773]
Event: 2.763 Thread 0x000002b86ad636f0 Exception <a 'java/lang/NoSuchMethodError'{0x0000000089a516b0}: 'java.lang.Object java.lang.invoke.DirectMethodHandle$Holder.invokeVirtual(java.lang.Object, java.lang.Object, java.lang.Object)'> (0x0000000089a516b0) 
thrown [s\open\src\hotspot\share\interpreter\linkResolver.cpp, line 773]
Event: 3.033 Thread 0x000002b86ad636f0 Exception <a 'java/lang/NoSuchMethodError'{0x00000000895fdf30}: 'void java.lang.invoke.DirectMethodHandle$Holder.invokeStaticInit(java.lang.Object, java.lang.Object)'> (0x00000000895fdf30) 
thrown [s\open\src\hotspot\share\interpreter\linkResolver.cpp, line 773]
Event: 3.127 Thread 0x000002b86ad636f0 Exception <a 'sun/nio/fs/WindowsException'{0x00000000893302b0}> (0x00000000893302b0) 
thrown [s\open\src\hotspot\share\prims\jni.cpp, line 520]
Event: 3.184 Thread 0x000002b86ad636f0 Exception <a 'java/lang/NoSuchMethodError'{0x00000000893dd580}: 'java.lang.Object java.lang.invoke.DirectMethodHandle$Holder.invokeStaticInit(java.lang.Object, int, int, int, int)'> (0x00000000893dd580) 
thrown [s\open\src\hotspot\share\interpreter\linkResolver.cpp, line 773]
Event: 3.205 Thread 0x000002b86ad636f0 Exception <a 'java/lang/NoSuchMethodError'{0x00000000892307b0}: 'java.lang.Object java.lang.invoke.DirectMethodHandle$Holder.invokeStaticInit(java.lang.Object, java.lang.Object, int, int, int, int)'> (0x00000000892307b0) 
thrown [s\open\src\hotspot\share\interpreter\linkResolver.cpp, line 773]

ZGC Phase Switch (0 events):
No events

VM Operations (20 events):
Event: 0.894 Executing VM operation: HandshakeAllThreads (Deoptimize)
Event: 0.894 Executing VM operation: HandshakeAllThreads (Deoptimize) done
Event: 0.909 Executing VM operation: HandshakeAllThreads (Deoptimize)
Event: 0.909 Executing VM operation: HandshakeAllThreads (Deoptimize) done
Event: 0.949 Executing VM operation: ICBufferFull
Event: 0.949 Executing VM operation: ICBufferFull done
Event: 0.994 Executing VM operation: HandshakeAllThreads (Deoptimize)
Event: 0.994 Executing VM operation: HandshakeAllThreads (Deoptimize) done
Event: 1.994 Executing VM operation: Cleanup
Event: 1.994 Executing VM operation: Cleanup done
Event: 2.680 Executing VM operation: HandshakeAllThreads (Deoptimize)
Event: 2.680 Executing VM operation: HandshakeAllThreads (Deoptimize) done
Event: 2.692 Executing VM operation: G1CollectForAllocation (G1 Evacuation Pause)
Event: 2.704 Executing VM operation: G1CollectForAllocation (G1 Evacuation Pause) done
Event: 3.044 Executing VM operation: HandshakeAllThreads (Deoptimize)
Event: 3.044 Executing VM operation: HandshakeAllThreads (Deoptimize) done
Event: 3.139 Executing VM operation: HandshakeAllThreads (Deoptimize)
Event: 3.139 Executing VM operation: HandshakeAllThreads (Deoptimize) done
Event: 3.526 Executing VM operation: HandshakeAllThreads (Deoptimize)
Event: 3.526 Executing VM operation: HandshakeAllThreads (Deoptimize) done

Events (20 events):
Event: 0.053 Thread 0x000002b865bd3890 Thread added: 0x000002b865bd3890
Event: 0.053 Thread 0x000002b865bda810 Thread added: 0x000002b865bda810
Event: 0.054 Thread 0x000002b865be35b0 Thread added: 0x000002b865be35b0
Event: 0.054 Thread 0x000002b865be6060 Thread added: 0x000002b865be6060
Event: 0.092 Thread 0x000002b865b97dc0 Thread added: 0x000002b865b97dc0
Event: 0.149 Thread 0x000002b86a113620 Thread added: 0x000002b86a113620
Event: 0.164 Thread 0x000002b86a18caf0 Thread added: 0x000002b86a18caf0
Event: 0.295 Thread 0x000002b86a2c8500 Thread added: 0x000002b86a2c8500
Event: 0.297 Thread 0x000002b86a2ca3c0 Thread added: 0x000002b86a2ca3c0
Event: 0.298 Thread 0x000002b86a2cc150 Thread added: 0x000002b86a2cc150
Event: 0.322 Thread 0x000002b86a18caf0 Thread exited: 0x000002b86a18caf0
Event: 0.489 Thread 0x000002b86ad636f0 Thread added: 0x000002b86ad636f0
Event: 0.489 Thread 0x000002b8479713e0 Thread exited: 0x000002b8479713e0
Event: 0.489 Thread 0x000002b8479713e0 Thread added: 0x000002b8479713e0
Event: 0.611 Thread 0x000002b86aeef150 Thread added: 0x000002b86aeef150
Event: 0.665 Thread 0x000002b86ae49e60 Thread added: 0x000002b86ae49e60
Event: 0.917 Thread 0x000002b86ae49e60 Thread exited: 0x000002b86ae49e60
Event: 1.867 Thread 0x000002b86b2c1880 Thread added: 0x000002b86b2c1880
Event: 2.640 Thread 0x000002b86b2b9f50 Thread added: 0x000002b86b2b9f50
Event: 2.744 Thread 0x000002b86ae3a170 Thread added: 0x000002b86ae3a170


Dynamic libraries:
0x00007ff78eb20000 - 0x00007ff78eb30000 	C:\Program Files\Java\jdk-21\bin\java.exe
0x00007ffb75330000 - 0x00007ffb75528000 	C:\WINDOWS\SYSTEM32\ntdll.dll
0x00007ffb74f70000 - 0x00007ffb7502d000 	C:\WINDOWS\System32\KERNEL32.DLL
0x00007ffb72d50000 - 0x00007ffb73046000 	C:\WINDOWS\System32\KERNELBASE.dll
0x00007ffb6c420000 - 0x00007ffb6c4b0000 	C:\WINDOWS\SYSTEM32\apphelp.dll
0x00007ffb73350000 - 0x00007ffb73450000 	C:\WINDOWS\System32\ucrtbase.dll
0x00007ffb69710000 - 0x00007ffb6972b000 	C:\Program Files\Java\jdk-21\bin\VCRUNTIME140.dll
0x00007ffb67cf0000 - 0x00007ffb67d09000 	C:\Program Files\Java\jdk-21\bin\jli.dll
0x00007ffb74820000 - 0x00007ffb748d0000 	C:\WINDOWS\System32\ADVAPI32.dll
0x00007ffb75250000 - 0x00007ffb752ee000 	C:\WINDOWS\System32\msvcrt.dll
0x00007ffb74370000 - 0x00007ffb74410000 	C:\WINDOWS\System32\sechost.dll
0x00007ffb744c0000 - 0x00007ffb745e3000 	C:\WINDOWS\System32\RPCRT4.dll
0x00007ffb72ad0000 - 0x00007ffb72af7000 	C:\WINDOWS\System32\bcrypt.dll
0x00007ffb74a00000 - 0x00007ffb74b9f000 	C:\WINDOWS\System32\USER32.dll
0x00007ffb71f30000 - 0x00007ffb721ca000 	C:\WINDOWS\WinSxS\amd64_microsoft.windows.common-controls_6595b64144ccf1df_6.0.19041.3636_none_60b6a03d71f818d5\COMCTL32.dll
0x00007ffb73170000 - 0x00007ffb73192000 	C:\WINDOWS\System32\win32u.dll
0x00007ffb75030000 - 0x00007ffb7505b000 	C:\WINDOWS\System32\GDI32.dll
0x00007ffb73050000 - 0x00007ffb73167000 	C:\WINDOWS\System32\gdi32full.dll
0x00007ffb72bb0000 - 0x00007ffb72c4d000 	C:\WINDOWS\System32\msvcp_win.dll
0x00007ffb68c30000 - 0x00007ffb68c3a000 	C:\WINDOWS\SYSTEM32\VERSION.dll
0x00007ffb738c0000 - 0x00007ffb738f2000 	C:\WINDOWS\System32\IMM32.DLL
0x00007ffb6a1c0000 - 0x00007ffb6a1cc000 	C:\Program Files\Java\jdk-21\bin\vcruntime140_1.dll
0x00007ffb1a8c0000 - 0x00007ffb1a94e000 	C:\Program Files\Java\jdk-21\bin\msvcp140.dll
0x00007ffaff6f0000 - 0x00007ffb00407000 	C:\Program Files\Java\jdk-21\bin\server\jvm.dll
0x00007ffb74ba0000 - 0x00007ffb74c0b000 	C:\WINDOWS\System32\WS2_32.dll
0x00007ffb729a0000 - 0x00007ffb729eb000 	C:\WINDOWS\SYSTEM32\POWRPROF.dll
0x00007ffb5b5d0000 - 0x00007ffb5b5f7000 	C:\WINDOWS\SYSTEM32\WINMM.dll
0x00007ffb72910000 - 0x00007ffb72922000 	C:\WINDOWS\SYSTEM32\UMPDC.dll
0x00007ffb70df0000 - 0x00007ffb70e02000 	C:\WINDOWS\SYSTEM32\kernel.appcore.dll
0x00007ffb654e0000 - 0x00007ffb654ea000 	C:\Program Files\Java\jdk-21\bin\jimage.dll
0x00007ffb72540000 - 0x00007ffb72724000 	C:\WINDOWS\SYSTEM32\DBGHELP.DLL
0x00007ffb723a0000 - 0x00007ffb723d4000 	C:\WINDOWS\SYSTEM32\dbgcore.DLL
0x00007ffb72c50000 - 0x00007ffb72cd2000 	C:\WINDOWS\System32\bcryptPrimitives.dll
0x00007ffb64350000 - 0x00007ffb6436f000 	C:\Program Files\Java\jdk-21\bin\java.dll
0x00007ffb739b0000 - 0x00007ffb7411b000 	C:\WINDOWS\System32\SHELL32.dll
0x00007ffb6cd00000 - 0x00007ffb6d49e000 	C:\WINDOWS\SYSTEM32\windows.storage.dll
0x00007ffb74c10000 - 0x00007ffb74f63000 	C:\WINDOWS\System32\combase.dll
0x00007ffb71c60000 - 0x00007ffb71c8e000 	C:\WINDOWS\SYSTEM32\Wldp.dll
0x00007ffb74200000 - 0x00007ffb742cd000 	C:\WINDOWS\System32\OLEAUT32.dll
0x00007ffb74410000 - 0x00007ffb744bd000 	C:\WINDOWS\System32\SHCORE.dll
0x00007ffb745f0000 - 0x00007ffb74645000 	C:\WINDOWS\System32\shlwapi.dll
0x00007ffb72a00000 - 0x00007ffb72a23000 	C:\WINDOWS\SYSTEM32\profapi.dll
0x00007ffb1a590000 - 0x00007ffb1a667000 	C:\Program Files\Java\jdk-21\bin\jsvml.dll
0x00007ffb64340000 - 0x00007ffb64350000 	C:\Program Files\Java\jdk-21\bin\net.dll
0x00007ffb68c40000 - 0x00007ffb68d4a000 	C:\WINDOWS\SYSTEM32\WINHTTP.dll
0x00007ffb71ad0000 - 0x00007ffb71b3a000 	C:\WINDOWS\system32\mswsock.dll
0x00007ffb503f0000 - 0x00007ffb50406000 	C:\Program Files\Java\jdk-21\bin\nio.dll
0x00007ffb4f6b0000 - 0x00007ffb4f6c8000 	C:\Program Files\Java\jdk-21\bin\zip.dll
0x00007ffb13470000 - 0x00007ffb135ff000 	C:\Program Files\Java\jdk-21\bin\awt.dll
0x00007ffb6c570000 - 0x00007ffb6c60e000 	C:\WINDOWS\system32\uxtheme.dll
0x00007ffb75130000 - 0x00007ffb75245000 	C:\WINDOWS\System32\MSCTF.dll
0x00007ffb748d0000 - 0x00007ffb749fb000 	C:\WINDOWS\System32\ole32.dll
0x00007ffb6c780000 - 0x00007ffb6c7af000 	C:\WINDOWS\system32\DWMAPI.DLL
0x00007ffb1a720000 - 0x00007ffb1a7a7000 	C:\Program Files\Java\jdk-21\bin\freetype.dll
0x00007ffb19c00000 - 0x00007ffb19ce2000 	C:\Program Files\Java\jdk-21\bin\fontmanager.dll
0x00007ffb43e00000 - 0x00007ffb43f25000 	C:\WINDOWS\system32\opengl32.dll
0x00007ffb58740000 - 0x00007ffb5876c000 	C:\WINDOWS\SYSTEM32\GLU32.dll
0x00007ffb5ae00000 - 0x00007ffb5ae2e000 	C:\Program Files\Java\jdk-21\bin\javajpeg.dll
0x00007ffb659c0000 - 0x00007ffb65ab9000 	C:\WINDOWS\SYSTEM32\textinputframework.dll
0x00007ffb6bcd0000 - 0x00007ffb6c02b000 	C:\WINDOWS\System32\CoreUIComponents.dll
0x00007ffb6c1c0000 - 0x00007ffb6c2b2000 	C:\WINDOWS\System32\CoreMessaging.dll
0x00007ffb72730000 - 0x00007ffb72763000 	C:\WINDOWS\SYSTEM32\ntmarta.dll
0x00007ffb6b2e0000 - 0x00007ffb6b437000 	C:\WINDOWS\SYSTEM32\wintypes.dll
0x00007ffb71820000 - 0x00007ffb718eb000 	C:\WINDOWS\SYSTEM32\DNSAPI.dll
0x00007ffb717e0000 - 0x00007ffb7181b000 	C:\WINDOWS\SYSTEM32\IPHLPAPI.DLL
0x00007ffb74810000 - 0x00007ffb74818000 	C:\WINDOWS\System32\NSI.dll
0x000000006d5a0000 - 0x000000006d5c6000 	C:\Program Files\Bonjour\mdnsNSP.dll
0x00007ffb654b0000 - 0x00007ffb654ba000 	C:\Windows\System32\rasadhlp.dll
0x00007ffb66540000 - 0x00007ffb665c0000 	C:\WINDOWS\System32\fwpuclnt.dll
0x00007ffb51df0000 - 0x00007ffb51df9000 	C:\Program Files\Java\jdk-21\bin\extnet.dll
0x00007ffb727d0000 - 0x00007ffb727e8000 	C:\WINDOWS\SYSTEM32\CRYPTSP.dll
0x00007ffb71480000 - 0x00007ffb714b4000 	C:\WINDOWS\system32\rsaenh.dll
0x00007ffb72970000 - 0x00007ffb7299e000 	C:\WINDOWS\SYSTEM32\USERENV.dll
0x00007ffb71d60000 - 0x00007ffb71d6c000 	C:\WINDOWS\SYSTEM32\CRYPTBASE.dll
0x00007ffb44660000 - 0x00007ffb4466e000 	C:\Program Files\Java\jdk-21\bin\sunmscapi.dll
0x00007ffb731a0000 - 0x00007ffb732fe000 	C:\WINDOWS\System32\CRYPT32.dll
0x00007ffb71e10000 - 0x00007ffb71e38000 	C:\WINDOWS\SYSTEM32\ncrypt.dll
0x00007ffb71d20000 - 0x00007ffb71d5b000 	C:\WINDOWS\SYSTEM32\NTASN1.dll

dbghelp: loaded successfully - version: 4.0.5 - missing functions: none
symbol engine: initialized successfully - sym options: 0x614 - pdb path: .;C:\Program Files\Java\jdk-21\bin;C:\WINDOWS\SYSTEM32;C:\WINDOWS\WinSxS\amd64_microsoft.windows.common-controls_6595b64144ccf1df_6.0.19041.3636_none_60b6a03d71f818d5;C:\Program Files\Java\jdk-21\bin\server;C:\Program Files\Bonjour

VM Arguments:
jvm_args: -Dfile.encoding=UTF-8 --module-path=C:\Users\HP\Documents\NetBeansProjects\JavaApplication1\build\classes 
java_command: waterclarity
java_class_path (initial): C:\Program Files\NetBeans-21\netbeans\java\modules\ext\AbsoluteLayout.jar;C:\Users\HP\Desktop\tata\mysql-connector-j-8.4.0\mysql-connector-j-8.4.0\mysql-connector-j-8.4.0.jar;C:\Users\HP\Desktop\rs2xml.jar;C:\Users\HP\Documents\NetBeansProjects\JavaApplication1\build\classes
Launcher Type: SUN_STANDARD

[Global flags]
     intx CICompilerCount                          = 3                                         {product} {ergonomic}
     uint ConcGCThreads                            = 1                                         {product} {ergonomic}
     uint G1ConcRefinementThreads                  = 4                                         {product} {ergonomic}
   size_t G1HeapRegionSize                         = 1048576                                   {product} {ergonomic}
    uintx GCDrainStackTargetSize                   = 64                                        {product} {ergonomic}
   size_t InitialHeapSize                          = 134217728                                 {product} {ergonomic}
   size_t MarkStackSize                            = 4194304                                   {product} {ergonomic}
   size_t MaxHeapSize                              = 2118123520                                {product} {ergonomic}
   size_t MaxNewSize                               = 1270874112                                {product} {ergonomic}
   size_t MinHeapDeltaBytes                        = 1048576                                   {product} {ergonomic}
   size_t MinHeapSize                              = 8388608                                   {product} {ergonomic}
    uintx NonNMethodCodeHeapSize                   = 5832780                                {pd product} {ergonomic}
    uintx NonProfiledCodeHeapSize                  = 122912730                              {pd product} {ergonomic}
    uintx ProfiledCodeHeapSize                     = 122912730                              {pd product} {ergonomic}
    uintx ReservedCodeCacheSize                    = 251658240                              {pd product} {ergonomic}
     bool SegmentedCodeCache                       = true                                      {product} {ergonomic}
   size_t SoftMaxHeapSize                          = 2118123520                             {manageable} {ergonomic}
     bool UseCompressedOops                        = true                           {product lp64_product} {ergonomic}
     bool UseG1GC                                  = true                                      {product} {ergonomic}
     bool UseLargePagesIndividualAllocation        = false                                  {pd product} {ergonomic}

Logging:
Log output configuration:
 #0: stdout all=warning uptime,level,tags foldmultilines=false
 #1: stderr all=off uptime,level,tags foldmultilines=false

Environment Variables:
PATH=C:\MinGW\bin;C:\Program Files\Java\jdk-21\bin;C:\Program Files\nodejs;C:\Program Files\MySQL\MySQL Server 8.0\bin;C:\Program Files\Git\cmd;C:\WINDOWS\system32;C:\WINDOWS;C:\WINDOWS\System32\Wbem;C:\WINDOWS\System32\WindowsPowerShell\v1.0\;C:\WINDOWS\System32\OpenSSH\;C:\Program Files\MySQL\MySQL Shell 8.0\bin\;C:\MinGW\bin;C:\Users\HP\AppData\Local\Programs\Microsoft VS Code\bin;C:\Users\HP\AppData\Local\Programs\Hyper\resources\bin;C:\Users\HP\AppData\Local\Microsoft\WindowsApps;
USERNAME=HP
OS=Windows_NT
PROCESSOR_IDENTIFIER=Intel64 Family 6 Model 78 Stepping 3, GenuineIntel
TMP=C:\Users\HP\AppData\Local\Temp
TEMP=C:\Users\HP\AppData\Local\Temp




Periodic native trim disabled

---------------  S Y S T E M  ---------------

OS:
 Windows 10 , 64 bit Build 19041 (10.0.19041.3636)
OS uptime: 7 days 1:51 hours

CPU: total 4 (initial active 4) (2 cores per cpu, 2 threads per core) family 6 model 78 stepping 3 microcode 0xcc, cx8, cmov, fxsr, ht, mmx, 3dnowpref, sse, sse2, sse3, ssse3, sse4.1, sse4.2, popcnt, lzcnt, tsc, tscinvbit, avx, avx2, aes, erms, clmul, bmi1, bmi2, rtm, adx, fma, vzeroupper, clflush, clflushopt, rdtscp, f16c
Processor Information for processor 0
  Max Mhz: 2496, Current Mhz: 1497, Mhz Limit: 2396
Processor Information for processor 1
  Max Mhz: 2496, Current Mhz: 1497, Mhz Limit: 2396
Processor Information for processor 2
  Max Mhz: 2496, Current Mhz: 1497, Mhz Limit: 2396
Processor Information for processor 3
  Max Mhz: 2496, Current Mhz: 2396, Mhz Limit: 2396

Memory: 4k page, system-wide physical 8072M (399M free)
TotalPageFile size 32648M (AvailPageFile size 0M)
current process WorkingSet (physical memory assigned to process): 119M, peak: 119M
current process commit charge ("private bytes"): 246M, peak: 246M

vm_info: Java HotSpot(TM) 64-Bit Server VM (21.0.2+13-LTS-58) for windows-amd64 JRE (21.0.2+13-LTS-58), built on 2024-01-05T18:32:24Z by "mach5one" with MS VC++ 17.1 (VS2022)

END.
